[1.841s] Invoking command in '/home/paulo/universidad/5to_semestre/robotica_movil/ros2_ws_lab_1/build/prueba_4': PYTHONPATH=/home/paulo/universidad/5to_semestre/robotica_movil/ros2_ws_lab_1/build/prueba_4/prefix_override:/usr/lib/python3/dist-packages/colcon_core/task/python/colcon_distutils_commands:/home/paulo/universidad/5to_semestre/robotica_movil/ros2_ws_lab_1/install/prueba_4/lib/python3.10/site-packages:${PYTHONPATH} /usr/bin/python3 -W ignore:setup.py install is deprecated -W ignore:easy_install command is deprecated setup.py develop --uninstall --editable --build-directory /home/paulo/universidad/5to_semestre/robotica_movil/ros2_ws_lab_1/build/prueba_4/build
[2.402s] running develop
[2.798s] Removing /home/paulo/universidad/5to_semestre/robotica_movil/ros2_ws_lab_1/install/prueba_4/lib/python3.10/site-packages/prueba-4.egg-link (link to .)
[2.847s] Invoked command in '/home/paulo/universidad/5to_semestre/robotica_movil/ros2_ws_lab_1/build/prueba_4' returned '0': PYTHONPATH=/home/paulo/universidad/5to_semestre/robotica_movil/ros2_ws_lab_1/build/prueba_4/prefix_override:/usr/lib/python3/dist-packages/colcon_core/task/python/colcon_distutils_commands:/home/paulo/universidad/5to_semestre/robotica_movil/ros2_ws_lab_1/install/prueba_4/lib/python3.10/site-packages:${PYTHONPATH} /usr/bin/python3 -W ignore:setup.py install is deprecated -W ignore:easy_install command is deprecated setup.py develop --uninstall --editable --build-directory /home/paulo/universidad/5to_semestre/robotica_movil/ros2_ws_lab_1/build/prueba_4/build
[2.849s] Invoking command in '/home/paulo/universidad/5to_semestre/robotica_movil/ros2_ws_lab_1/src/prueba_4': PYTHONPATH=/home/paulo/universidad/5to_semestre/robotica_movil/ros2_ws_lab_1/build/prueba_4/prefix_override:/usr/lib/python3/dist-packages/colcon_core/task/python/colcon_distutils_commands:/home/paulo/universidad/5to_semestre/robotica_movil/ros2_ws_lab_1/install/prueba_4/lib/python3.10/site-packages:${PYTHONPATH} /usr/bin/python3 -W ignore:setup.py install is deprecated -W ignore:easy_install command is deprecated setup.py egg_info --egg-base ../../build/prueba_4 build --build-base /home/paulo/universidad/5to_semestre/robotica_movil/ros2_ws_lab_1/build/prueba_4/build install --record /home/paulo/universidad/5to_semestre/robotica_movil/ros2_ws_lab_1/build/prueba_4/install.log --single-version-externally-managed install_data --force
[3.246s] running egg_info
[3.247s] writing ../../build/prueba_4/prueba_4.egg-info/PKG-INFO
[3.247s] writing dependency_links to ../../build/prueba_4/prueba_4.egg-info/dependency_links.txt
[3.248s] writing entry points to ../../build/prueba_4/prueba_4.egg-info/entry_points.txt
[3.248s] writing requirements to ../../build/prueba_4/prueba_4.egg-info/requires.txt
[3.248s] writing top-level names to ../../build/prueba_4/prueba_4.egg-info/top_level.txt
[3.251s] reading manifest file '../../build/prueba_4/prueba_4.egg-info/SOURCES.txt'
[3.282s] writing manifest file '../../build/prueba_4/prueba_4.egg-info/SOURCES.txt'
[3.282s] running build
[3.283s] running build_py
[3.283s] creating /home/paulo/universidad/5to_semestre/robotica_movil/ros2_ws_lab_1/build/prueba_4/build
[3.283s] creating /home/paulo/universidad/5to_semestre/robotica_movil/ros2_ws_lab_1/build/prueba_4/build/lib
[3.283s] creating /home/paulo/universidad/5to_semestre/robotica_movil/ros2_ws_lab_1/build/prueba_4/build/lib/prueba_4
[3.283s] copying prueba_4/__init__.py -> /home/paulo/universidad/5to_semestre/robotica_movil/ros2_ws_lab_1/build/prueba_4/build/lib/prueba_4
[3.284s] copying prueba_4/dead_reckoning_nav.py -> /home/paulo/universidad/5to_semestre/robotica_movil/ros2_ws_lab_1/build/prueba_4/build/lib/prueba_4
[3.284s] running install
[3.284s] running install_lib
[3.285s] creating /home/paulo/universidad/5to_semestre/robotica_movil/ros2_ws_lab_1/install/prueba_4/lib/python3.10/site-packages/prueba_4
[3.286s] copying /home/paulo/universidad/5to_semestre/robotica_movil/ros2_ws_lab_1/build/prueba_4/build/lib/prueba_4/__init__.py -> /home/paulo/universidad/5to_semestre/robotica_movil/ros2_ws_lab_1/install/prueba_4/lib/python3.10/site-packages/prueba_4
[3.286s] copying /home/paulo/universidad/5to_semestre/robotica_movil/ros2_ws_lab_1/build/prueba_4/build/lib/prueba_4/dead_reckoning_nav.py -> /home/paulo/universidad/5to_semestre/robotica_movil/ros2_ws_lab_1/install/prueba_4/lib/python3.10/site-packages/prueba_4
[3.286s] byte-compiling /home/paulo/universidad/5to_semestre/robotica_movil/ros2_ws_lab_1/install/prueba_4/lib/python3.10/site-packages/prueba_4/__init__.py to __init__.cpython-310.pyc
[3.287s] byte-compiling /home/paulo/universidad/5to_semestre/robotica_movil/ros2_ws_lab_1/install/prueba_4/lib/python3.10/site-packages/prueba_4/dead_reckoning_nav.py to dead_reckoning_nav.cpython-310.pyc
[3.287s] running install_data
[3.288s] copying resource/prueba_4 -> /home/paulo/universidad/5to_semestre/robotica_movil/ros2_ws_lab_1/install/prueba_4/share/ament_index/resource_index/packages
[3.454s] copying package.xml -> /home/paulo/universidad/5to_semestre/robotica_movil/ros2_ws_lab_1/install/prueba_4/share/prueba_4
[3.685s] running install_egg_info
[3.690s] Copying ../../build/prueba_4/prueba_4.egg-info to /home/paulo/universidad/5to_semestre/robotica_movil/ros2_ws_lab_1/install/prueba_4/lib/python3.10/site-packages/prueba_4-0.0.0-py3.10.egg-info
[3.728s] running install_scripts
[3.781s] Installing dead_reckoning_nav script to /home/paulo/universidad/5to_semestre/robotica_movil/ros2_ws_lab_1/install/prueba_4/lib/prueba_4
[3.781s] writing list of installed files to '/home/paulo/universidad/5to_semestre/robotica_movil/ros2_ws_lab_1/build/prueba_4/install.log'
[3.811s] Invoked command in '/home/paulo/universidad/5to_semestre/robotica_movil/ros2_ws_lab_1/src/prueba_4' returned '0': PYTHONPATH=/home/paulo/universidad/5to_semestre/robotica_movil/ros2_ws_lab_1/build/prueba_4/prefix_override:/usr/lib/python3/dist-packages/colcon_core/task/python/colcon_distutils_commands:/home/paulo/universidad/5to_semestre/robotica_movil/ros2_ws_lab_1/install/prueba_4/lib/python3.10/site-packages:${PYTHONPATH} /usr/bin/python3 -W ignore:setup.py install is deprecated -W ignore:easy_install command is deprecated setup.py egg_info --egg-base ../../build/prueba_4 build --build-base /home/paulo/universidad/5to_semestre/robotica_movil/ros2_ws_lab_1/build/prueba_4/build install --record /home/paulo/universidad/5to_semestre/robotica_movil/ros2_ws_lab_1/build/prueba_4/install.log --single-version-externally-managed install_data --force
