running egg_info
creating ../../build/mis_nodos/mis_nodos.egg-info
writing ../../build/mis_nodos/mis_nodos.egg-info/PKG-INFO
writing dependency_links to ../../build/mis_nodos/mis_nodos.egg-info/dependency_links.txt
writing entry points to ../../build/mis_nodos/mis_nodos.egg-info/entry_points.txt
writing requirements to ../../build/mis_nodos/mis_nodos.egg-info/requires.txt
writing top-level names to ../../build/mis_nodos/mis_nodos.egg-info/top_level.txt
writing manifest file '../../build/mis_nodos/mis_nodos.egg-info/SOURCES.txt'
reading manifest file '../../build/mis_nodos/mis_nodos.egg-info/SOURCES.txt'
writing manifest file '../../build/mis_nodos/mis_nodos.egg-info/SOURCES.txt'
running build
running build_py
creating /home/paulo/universidad/5to_semestre/robotica_movil/ros2_ws_lab_1/build/mis_nodos/build
creating /home/paulo/universidad/5to_semestre/robotica_movil/ros2_ws_lab_1/build/mis_nodos/build/lib
creating /home/paulo/universidad/5to_semestre/robotica_movil/ros2_ws_lab_1/build/mis_nodos/build/lib/mis_nodos
copying mis_nodos/__init__.py -> /home/paulo/universidad/5to_semestre/robotica_movil/ros2_ws_lab_1/build/mis_nodos/build/lib/mis_nodos
copying mis_nodos/dead_reckoning_nav.py -> /home/paulo/universidad/5to_semestre/robotica_movil/ros2_ws_lab_1/build/mis_nodos/build/lib/mis_nodos
running install
running install_lib
creating /home/paulo/universidad/5to_semestre/robotica_movil/ros2_ws_lab_1/install/mis_nodos/lib/python3.10/site-packages/mis_nodos
copying /home/paulo/universidad/5to_semestre/robotica_movil/ros2_ws_lab_1/build/mis_nodos/build/lib/mis_nodos/__init__.py -> /home/paulo/universidad/5to_semestre/robotica_movil/ros2_ws_lab_1/install/mis_nodos/lib/python3.10/site-packages/mis_nodos
copying /home/paulo/universidad/5to_semestre/robotica_movil/ros2_ws_lab_1/build/mis_nodos/build/lib/mis_nodos/dead_reckoning_nav.py -> /home/paulo/universidad/5to_semestre/robotica_movil/ros2_ws_lab_1/install/mis_nodos/lib/python3.10/site-packages/mis_nodos
byte-compiling /home/paulo/universidad/5to_semestre/robotica_movil/ros2_ws_lab_1/install/mis_nodos/lib/python3.10/site-packages/mis_nodos/__init__.py to __init__.cpython-310.pyc
byte-compiling /home/paulo/universidad/5to_semestre/robotica_movil/ros2_ws_lab_1/install/mis_nodos/lib/python3.10/site-packages/mis_nodos/dead_reckoning_nav.py to dead_reckoning_nav.cpython-310.pyc
running install_data
creating /home/paulo/universidad/5to_semestre/robotica_movil/ros2_ws_lab_1/install/mis_nodos/share/ament_index
creating /home/paulo/universidad/5to_semestre/robotica_movil/ros2_ws_lab_1/install/mis_nodos/share/ament_index/resource_index
creating /home/paulo/universidad/5to_semestre/robotica_movil/ros2_ws_lab_1/install/mis_nodos/share/ament_index/resource_index/packages
copying resource/mis_nodos -> /home/paulo/universidad/5to_semestre/robotica_movil/ros2_ws_lab_1/install/mis_nodos/share/ament_index/resource_index/packages
copying package.xml -> /home/paulo/universidad/5to_semestre/robotica_movil/ros2_ws_lab_1/install/mis_nodos/share/mis_nodos
running install_egg_info
Copying ../../build/mis_nodos/mis_nodos.egg-info to /home/paulo/universidad/5to_semestre/robotica_movil/ros2_ws_lab_1/install/mis_nodos/lib/python3.10/site-packages/mis_nodos-0.0.0-py3.10.egg-info
running install_scripts
writing list of installed files to '/home/paulo/universidad/5to_semestre/robotica_movil/ros2_ws_lab_1/build/mis_nodos/install.log'
