[0.578s] Invoking command in '/home/paulo/universidad/5to_semestre/robotica_movil/ros2_ws_lab_1/build/very_simple_robot_simulator': CMAKE_PREFIX_PATH=${CMAKE_PREFIX_PATH}:/opt/ros/humble /usr/bin/cmake /home/paulo/universidad/5to_semestre/robotica_movil/ros2_ws_lab_1/src/very_simple_robot_simulator -DCMAKE_INSTALL_PREFIX=/home/paulo/universidad/5to_semestre/robotica_movil/ros2_ws_lab_1/install/very_simple_robot_simulator
[0.622s] -- Found ament_cmake: 1.3.11 (/opt/ros/humble/share/ament_cmake/cmake)
[1.290s] -- Override CMake install command with custom implementation using symlinks instead of copying resources
[1.406s] -- Found rclcpp: 16.0.12 (/opt/ros/humble/share/rclcpp/cmake)
[1.819s] -- Found rosidl_generator_c: 3.1.6 (/opt/ros/humble/share/rosidl_generator_c/cmake)
[1.841s] -- Found rosidl_adapter: 3.1.6 (/opt/ros/humble/share/rosidl_adapter/cmake)
[1.864s] -- Found rosidl_generator_cpp: 3.1.6 (/opt/ros/humble/share/rosidl_generator_cpp/cmake)
[1.901s] -- Using all available rosidl_typesupport_c: rosidl_typesupport_fastrtps_c;rosidl_typesupport_introspection_c
[1.930s] -- Using all available rosidl_typesupport_cpp: rosidl_typesupport_fastrtps_cpp;rosidl_typesupport_introspection_cpp
[2.091s] -- Found rmw_implementation_cmake: 6.1.2 (/opt/ros/humble/share/rmw_implementation_cmake/cmake)
[2.143s] -- Found rmw_fastrtps_cpp: 6.2.7 (/opt/ros/humble/share/rmw_fastrtps_cpp/cmake)
[2.739s] -- Using RMW implementation 'rmw_fastrtps_cpp' as default
[2.979s] -- Found rclpy: 3.3.16 (/opt/ros/humble/share/rclpy/cmake)
[2.999s] -- Found image_transport: 3.1.11 (/opt/ros/humble/share/image_transport/cmake)
[3.229s] -- Found nav_msgs: 4.8.0 (/opt/ros/humble/share/nav_msgs/cmake)
[3.315s] -- Found tf2: 0.25.12 (/opt/ros/humble/share/tf2/cmake)
[3.347s] -- Found tf2_geometry_msgs: 0.25.12 (/opt/ros/humble/share/tf2_geometry_msgs/cmake)
[3.483s] -- Found eigen3_cmake_module: 0.1.1 (/opt/ros/humble/share/eigen3_cmake_module/cmake)
[3.491s] -- Ensuring Eigen3 include directory is part of orocos-kdl CMake target
[3.947s] -- Found cv_bridge: 3.2.1 (/opt/ros/humble/share/cv_bridge/cmake)
[4.108s] -- Found ament_lint_auto: 0.12.12 (/opt/ros/humble/share/ament_lint_auto/cmake)
[4.246s] -- Added test 'cppcheck' to perform static code analysis on C / C++ code
[4.247s] -- Configured cppcheck include dirs: /home/paulo/universidad/5to_semestre/robotica_movil/ros2_ws_lab_1/src/very_simple_robot_simulator/include/very_simple_robot_simulator
[4.247s] -- Configured cppcheck exclude dirs and/or files: 
[4.248s] -- Added test 'flake8' to check Python code syntax and style conventions
[4.250s] -- Added test 'lint_cmake' to check CMake code style
[4.251s] -- Added test 'pep257' to check Python code against some of the docstring style conventions in PEP 257
[4.257s] -- Added test 'uncrustify' to check C / C++ code style
[4.257s] -- Configured uncrustify additional arguments: 
[4.258s] -- Added test 'xmllint' to check XML markup files
[4.260s] -- Configuring done
[4.402s] -- Generating done
[4.415s] -- Build files have been written to: /home/paulo/universidad/5to_semestre/robotica_movil/ros2_ws_lab_1/build/very_simple_robot_simulator
[4.426s] Invoked command in '/home/paulo/universidad/5to_semestre/robotica_movil/ros2_ws_lab_1/build/very_simple_robot_simulator' returned '0': CMAKE_PREFIX_PATH=${CMAKE_PREFIX_PATH}:/opt/ros/humble /usr/bin/cmake /home/paulo/universidad/5to_semestre/robotica_movil/ros2_ws_lab_1/src/very_simple_robot_simulator -DCMAKE_INSTALL_PREFIX=/home/paulo/universidad/5to_semestre/robotica_movil/ros2_ws_lab_1/install/very_simple_robot_simulator
[4.429s] Invoking command in '/home/paulo/universidad/5to_semestre/robotica_movil/ros2_ws_lab_1/build/very_simple_robot_simulator': CMAKE_PREFIX_PATH=${CMAKE_PREFIX_PATH}:/opt/ros/humble /usr/bin/cmake --build /home/paulo/universidad/5to_semestre/robotica_movil/ros2_ws_lab_1/build/very_simple_robot_simulator -- -j8 -l8
[4.480s] [35m[1mConsolidate compiler generated dependencies of target lidar_simulator[0m
[4.480s] [35m[1mConsolidate compiler generated dependencies of target kinect_simulator[0m
[4.499s] [  0%] Built target ament_cmake_python_symlink_very_simple_robot_simulator
[4.510s] [ 50%] Built target kinect_simulator
[4.514s] [100%] Built target lidar_simulator
[4.789s] running egg_info
[4.790s] writing very_simple_robot_simulator.egg-info/PKG-INFO
[4.790s] writing dependency_links to very_simple_robot_simulator.egg-info/dependency_links.txt
[4.790s] writing top-level names to very_simple_robot_simulator.egg-info/top_level.txt
[4.793s] reading manifest file 'very_simple_robot_simulator.egg-info/SOURCES.txt'
[4.794s] writing manifest file 'very_simple_robot_simulator.egg-info/SOURCES.txt'
[4.823s] [100%] Built target ament_cmake_python_build_very_simple_robot_simulator_egg
[4.836s] Invoked command in '/home/paulo/universidad/5to_semestre/robotica_movil/ros2_ws_lab_1/build/very_simple_robot_simulator' returned '0': CMAKE_PREFIX_PATH=${CMAKE_PREFIX_PATH}:/opt/ros/humble /usr/bin/cmake --build /home/paulo/universidad/5to_semestre/robotica_movil/ros2_ws_lab_1/build/very_simple_robot_simulator -- -j8 -l8
[4.838s] Invoking command in '/home/paulo/universidad/5to_semestre/robotica_movil/ros2_ws_lab_1/build/very_simple_robot_simulator': CMAKE_PREFIX_PATH=${CMAKE_PREFIX_PATH}:/opt/ros/humble /usr/bin/cmake --install /home/paulo/universidad/5to_semestre/robotica_movil/ros2_ws_lab_1/build/very_simple_robot_simulator
[4.848s] -- Install configuration: ""
[4.849s] -- Execute custom install script
[4.850s] -- Up-to-date symlink: /home/paulo/universidad/5to_semestre/robotica_movil/ros2_ws_lab_1/install/very_simple_robot_simulator/lib/very_simple_robot_simulator/kinect_simulator
[4.851s] -- Up-to-date symlink: /home/paulo/universidad/5to_semestre/robotica_movil/ros2_ws_lab_1/install/very_simple_robot_simulator/lib/very_simple_robot_simulator/lidar_simulator
[4.851s] -- Up-to-date symlink: /home/paulo/universidad/5to_semestre/robotica_movil/ros2_ws_lab_1/install/very_simple_robot_simulator/share/very_simple_robot_simulator/environment/pythonpath.sh
[4.851s] -- Up-to-date symlink: /home/paulo/universidad/5to_semestre/robotica_movil/ros2_ws_lab_1/install/very_simple_robot_simulator/share/very_simple_robot_simulator/environment/pythonpath.dsv
[4.852s] -- Up-to-date symlink: /home/paulo/universidad/5to_semestre/robotica_movil/ros2_ws_lab_1/install/very_simple_robot_simulator/local/lib/python3.10/dist-packages/very_simple_robot_simulator-0.0.0-py3.10.egg-info/PKG-INFO
[4.853s] -- Up-to-date symlink: /home/paulo/universidad/5to_semestre/robotica_movil/ros2_ws_lab_1/install/very_simple_robot_simulator/local/lib/python3.10/dist-packages/very_simple_robot_simulator-0.0.0-py3.10.egg-info/SOURCES.txt
[4.853s] -- Up-to-date symlink: /home/paulo/universidad/5to_semestre/robotica_movil/ros2_ws_lab_1/install/very_simple_robot_simulator/local/lib/python3.10/dist-packages/very_simple_robot_simulator-0.0.0-py3.10.egg-info/dependency_links.txt
[4.853s] -- Up-to-date symlink: /home/paulo/universidad/5to_semestre/robotica_movil/ros2_ws_lab_1/install/very_simple_robot_simulator/local/lib/python3.10/dist-packages/very_simple_robot_simulator-0.0.0-py3.10.egg-info/top_level.txt
[4.854s] -- Up-to-date symlink: /home/paulo/universidad/5to_semestre/robotica_movil/ros2_ws_lab_1/install/very_simple_robot_simulator/local/lib/python3.10/dist-packages/very_simple_robot_simulator/__init__.py
[4.854s] -- Up-to-date symlink: /home/paulo/universidad/5to_semestre/robotica_movil/ros2_ws_lab_1/install/very_simple_robot_simulator/lib/very_simple_robot_simulator/kinect_simulator.py
[4.855s] -- Up-to-date symlink: /home/paulo/universidad/5to_semestre/robotica_movil/ros2_ws_lab_1/install/very_simple_robot_simulator/lib/very_simple_robot_simulator/kobuki_simulator.py
[4.855s] -- Up-to-date symlink: /home/paulo/universidad/5to_semestre/robotica_movil/ros2_ws_lab_1/install/very_simple_robot_simulator/lib/very_simple_robot_simulator/lidar_simulator.py
[4.855s] -- Up-to-date symlink: /home/paulo/universidad/5to_semestre/robotica_movil/ros2_ws_lab_1/install/very_simple_robot_simulator/lib/very_simple_robot_simulator/rangefinder.py
[4.855s] -- Up-to-date symlink: /home/paulo/universidad/5to_semestre/robotica_movil/ros2_ws_lab_1/install/very_simple_robot_simulator/lib/very_simple_robot_simulator/utils.py
[4.856s] -- Up-to-date symlink: /home/paulo/universidad/5to_semestre/robotica_movil/ros2_ws_lab_1/install/very_simple_robot_simulator/lib/very_simple_robot_simulator/world_state_gui.py
[4.856s] -- Up-to-date symlink: /home/paulo/universidad/5to_semestre/robotica_movil/ros2_ws_lab_1/install/very_simple_robot_simulator/share/very_simple_robot_simulator//launch/lidar_simulator.xml
[4.857s] -- Up-to-date symlink: /home/paulo/universidad/5to_semestre/robotica_movil/ros2_ws_lab_1/install/very_simple_robot_simulator/share/very_simple_robot_simulator//launch/minimal_simulator.xml
[4.857s] -- Up-to-date symlink: /home/paulo/universidad/5to_semestre/robotica_movil/ros2_ws_lab_1/install/very_simple_robot_simulator/share/very_simple_robot_simulator//launch/minimal_simulator_py.xml
[4.857s] -- Up-to-date symlink: /home/paulo/universidad/5to_semestre/robotica_movil/ros2_ws_lab_1/install/very_simple_robot_simulator/share/very_simple_robot_simulator//launch/openni_simulator.xml
[4.858s] -- Up-to-date symlink: /home/paulo/universidad/5to_semestre/robotica_movil/ros2_ws_lab_1/install/very_simple_robot_simulator/share/very_simple_robot_simulator//launch/openni_simulator_py.xml
[4.858s] -- Up-to-date symlink: /home/paulo/universidad/5to_semestre/robotica_movil/ros2_ws_lab_1/install/very_simple_robot_simulator/share/very_simple_robot_simulator//launch/run_all.xml
[4.858s] -- Up-to-date symlink: /home/paulo/universidad/5to_semestre/robotica_movil/ros2_ws_lab_1/install/very_simple_robot_simulator/share/very_simple_robot_simulator//launch/world_state.xml
[4.859s] -- Up-to-date symlink: /home/paulo/universidad/5to_semestre/robotica_movil/ros2_ws_lab_1/install/very_simple_robot_simulator/share/ament_index/resource_index/package_run_dependencies/very_simple_robot_simulator
[4.859s] -- Up-to-date symlink: /home/paulo/universidad/5to_semestre/robotica_movil/ros2_ws_lab_1/install/very_simple_robot_simulator/share/ament_index/resource_index/parent_prefix_path/very_simple_robot_simulator
[4.859s] -- Up-to-date symlink: /home/paulo/universidad/5to_semestre/robotica_movil/ros2_ws_lab_1/install/very_simple_robot_simulator/share/very_simple_robot_simulator/environment/ament_prefix_path.sh
[4.860s] -- Up-to-date symlink: /home/paulo/universidad/5to_semestre/robotica_movil/ros2_ws_lab_1/install/very_simple_robot_simulator/share/very_simple_robot_simulator/environment/ament_prefix_path.dsv
[4.860s] -- Up-to-date symlink: /home/paulo/universidad/5to_semestre/robotica_movil/ros2_ws_lab_1/install/very_simple_robot_simulator/share/very_simple_robot_simulator/environment/path.sh
[4.860s] -- Up-to-date symlink: /home/paulo/universidad/5to_semestre/robotica_movil/ros2_ws_lab_1/install/very_simple_robot_simulator/share/very_simple_robot_simulator/environment/path.dsv
[4.861s] -- Up-to-date symlink: /home/paulo/universidad/5to_semestre/robotica_movil/ros2_ws_lab_1/install/very_simple_robot_simulator/share/very_simple_robot_simulator/local_setup.bash
[4.861s] -- Up-to-date symlink: /home/paulo/universidad/5to_semestre/robotica_movil/ros2_ws_lab_1/install/very_simple_robot_simulator/share/very_simple_robot_simulator/local_setup.sh
[4.861s] -- Up-to-date symlink: /home/paulo/universidad/5to_semestre/robotica_movil/ros2_ws_lab_1/install/very_simple_robot_simulator/share/very_simple_robot_simulator/local_setup.zsh
[4.862s] -- Up-to-date symlink: /home/paulo/universidad/5to_semestre/robotica_movil/ros2_ws_lab_1/install/very_simple_robot_simulator/share/very_simple_robot_simulator/local_setup.dsv
[4.862s] -- Symlinking: /home/paulo/universidad/5to_semestre/robotica_movil/ros2_ws_lab_1/install/very_simple_robot_simulator/share/very_simple_robot_simulator/package.dsv
[4.873s] -- Up-to-date symlink: /home/paulo/universidad/5to_semestre/robotica_movil/ros2_ws_lab_1/install/very_simple_robot_simulator/share/ament_index/resource_index/packages/very_simple_robot_simulator
[4.873s] -- Up-to-date symlink: /home/paulo/universidad/5to_semestre/robotica_movil/ros2_ws_lab_1/install/very_simple_robot_simulator/share/very_simple_robot_simulator/cmake/very_simple_robot_simulatorConfig.cmake
[4.873s] -- Up-to-date symlink: /home/paulo/universidad/5to_semestre/robotica_movil/ros2_ws_lab_1/install/very_simple_robot_simulator/share/very_simple_robot_simulator/cmake/very_simple_robot_simulatorConfig-version.cmake
[4.874s] -- Up-to-date symlink: /home/paulo/universidad/5to_semestre/robotica_movil/ros2_ws_lab_1/install/very_simple_robot_simulator/share/very_simple_robot_simulator/package.xml
[4.910s] Listing '/home/paulo/universidad/5to_semestre/robotica_movil/ros2_ws_lab_1/install/very_simple_robot_simulator/local/lib/python3.10/dist-packages/very_simple_robot_simulator'...
[4.917s] Invoked command in '/home/paulo/universidad/5to_semestre/robotica_movil/ros2_ws_lab_1/build/very_simple_robot_simulator' returned '0': CMAKE_PREFIX_PATH=${CMAKE_PREFIX_PATH}:/opt/ros/humble /usr/bin/cmake --install /home/paulo/universidad/5to_semestre/robotica_movil/ros2_ws_lab_1/build/very_simple_robot_simulator
