[0.122s] DEBUG:colcon:Command line arguments: ['/usr/bin/colcon', 'build']
[0.122s] DEBUG:colcon:Parsed command line arguments: Namespace(log_base=None, log_level=None, verb_name='build', build_base='build', install_base='install', merge_install=False, symlink_install=False, test_result_base=None, continue_on_error=False, executor='parallel', parallel_workers=8, event_handlers=None, ignore_user_meta=False, metas=['./colcon.meta'], base_paths=['.'], packages_ignore=None, packages_ignore_regex=None, paths=None, packages_up_to=None, packages_up_to_regex=None, packages_above=None, packages_above_and_dependencies=None, packages_above_depth=None, packages_select_by_dep=None, packages_skip_by_dep=None, packages_skip_up_to=None, packages_select_build_failed=False, packages_skip_build_finished=False, packages_select_test_failures=False, packages_skip_test_passed=False, packages_select=None, packages_skip=None, packages_select_regex=None, packages_skip_regex=None, packages_start=None, packages_end=None, allow_overriding=[], cmake_args=None, cmake_target=None, cmake_target_skip_unavailable=False, cmake_clean_cache=False, cmake_clean_first=False, cmake_force_configure=False, ament_cmake_args=None, catkin_cmake_args=None, catkin_skip_building_tests=False, mixin_files=None, mixin=None, verb_parser=<colcon_mixin.mixin.mixin_argument.MixinArgumentDecorator object at 0x733d32e4d960>, verb_extension=<colcon_core.verb.build.BuildVerb object at 0x733d32fcf340>, main=<bound method BuildVerb.main of <colcon_core.verb.build.BuildVerb object at 0x733d32fcf340>>, mixin_verb=('build',))
[0.352s] Level 1:colcon.colcon_core.package_discovery:discover_packages(colcon_meta) check parameters
[0.352s] Level 1:colcon.colcon_core.package_discovery:discover_packages(recursive) check parameters
[0.352s] Level 1:colcon.colcon_core.package_discovery:discover_packages(ignore) check parameters
[0.352s] Level 1:colcon.colcon_core.package_discovery:discover_packages(path) check parameters
[0.352s] Level 1:colcon.colcon_core.package_discovery:discover_packages(colcon_meta) discover
[0.352s] Level 1:colcon.colcon_core.package_discovery:discover_packages(recursive) discover
[0.352s] INFO:colcon.colcon_core.package_discovery:Crawling recursively for packages in '/home/paulo/universidad/5to_semestre/robotica_movil/ros2_ws_lab_1'
[0.352s] Level 1:colcon.colcon_core.package_identification:_identify(.) by extensions ['ignore', 'ignore_ament_install']
[0.352s] Level 1:colcon.colcon_core.package_identification:_identify(.) by extension 'ignore'
[0.352s] Level 1:colcon.colcon_core.package_identification:_identify(.) by extension 'ignore_ament_install'
[0.352s] Level 1:colcon.colcon_core.package_identification:_identify(.) by extensions ['colcon_pkg']
[0.352s] Level 1:colcon.colcon_core.package_identification:_identify(.) by extension 'colcon_pkg'
[0.352s] Level 1:colcon.colcon_core.package_identification:_identify(.) by extensions ['colcon_meta']
[0.352s] Level 1:colcon.colcon_core.package_identification:_identify(.) by extension 'colcon_meta'
[0.353s] Level 1:colcon.colcon_core.package_identification:_identify(.) by extensions ['ros']
[0.353s] Level 1:colcon.colcon_core.package_identification:_identify(.) by extension 'ros'
[0.364s] Level 1:colcon.colcon_core.package_identification:_identify(.) by extensions ['cmake', 'python']
[0.364s] Level 1:colcon.colcon_core.package_identification:_identify(.) by extension 'cmake'
[0.364s] Level 1:colcon.colcon_core.package_identification:_identify(.) by extension 'python'
[0.364s] Level 1:colcon.colcon_core.package_identification:_identify(.) by extensions ['python_setup_py']
[0.364s] Level 1:colcon.colcon_core.package_identification:_identify(.) by extension 'python_setup_py'
[0.364s] Level 1:colcon.colcon_core.package_identification:_identify(build) by extensions ['ignore', 'ignore_ament_install']
[0.364s] Level 1:colcon.colcon_core.package_identification:_identify(build) by extension 'ignore'
[0.364s] Level 1:colcon.colcon_core.package_identification:_identify(build) ignored
[0.364s] Level 1:colcon.colcon_core.package_identification:_identify(install) by extensions ['ignore', 'ignore_ament_install']
[0.365s] Level 1:colcon.colcon_core.package_identification:_identify(install) by extension 'ignore'
[0.365s] Level 1:colcon.colcon_core.package_identification:_identify(install) ignored
[0.365s] Level 1:colcon.colcon_core.package_identification:_identify(log) by extensions ['ignore', 'ignore_ament_install']
[0.365s] Level 1:colcon.colcon_core.package_identification:_identify(log) by extension 'ignore'
[0.365s] Level 1:colcon.colcon_core.package_identification:_identify(log) ignored
[0.365s] Level 1:colcon.colcon_core.package_identification:_identify(src) by extensions ['ignore', 'ignore_ament_install']
[0.365s] Level 1:colcon.colcon_core.package_identification:_identify(src) by extension 'ignore'
[0.365s] Level 1:colcon.colcon_core.package_identification:_identify(src) by extension 'ignore_ament_install'
[0.365s] Level 1:colcon.colcon_core.package_identification:_identify(src) by extensions ['colcon_pkg']
[0.365s] Level 1:colcon.colcon_core.package_identification:_identify(src) by extension 'colcon_pkg'
[0.365s] Level 1:colcon.colcon_core.package_identification:_identify(src) by extensions ['colcon_meta']
[0.365s] Level 1:colcon.colcon_core.package_identification:_identify(src) by extension 'colcon_meta'
[0.365s] Level 1:colcon.colcon_core.package_identification:_identify(src) by extensions ['ros']
[0.365s] Level 1:colcon.colcon_core.package_identification:_identify(src) by extension 'ros'
[0.365s] Level 1:colcon.colcon_core.package_identification:_identify(src) by extensions ['cmake', 'python']
[0.366s] Level 1:colcon.colcon_core.package_identification:_identify(src) by extension 'cmake'
[0.366s] Level 1:colcon.colcon_core.package_identification:_identify(src) by extension 'python'
[0.366s] Level 1:colcon.colcon_core.package_identification:_identify(src) by extensions ['python_setup_py']
[0.366s] Level 1:colcon.colcon_core.package_identification:_identify(src) by extension 'python_setup_py'
[0.366s] Level 1:colcon.colcon_core.package_identification:_identify(src/build) by extensions ['ignore', 'ignore_ament_install']
[0.366s] Level 1:colcon.colcon_core.package_identification:_identify(src/build) by extension 'ignore'
[0.366s] Level 1:colcon.colcon_core.package_identification:_identify(src/build) ignored
[0.366s] Level 1:colcon.colcon_core.package_identification:_identify(src/cmd_vel_mux) by extensions ['ignore', 'ignore_ament_install']
[0.366s] Level 1:colcon.colcon_core.package_identification:_identify(src/cmd_vel_mux) by extension 'ignore'
[0.366s] Level 1:colcon.colcon_core.package_identification:_identify(src/cmd_vel_mux) by extension 'ignore_ament_install'
[0.366s] Level 1:colcon.colcon_core.package_identification:_identify(src/cmd_vel_mux) by extensions ['colcon_pkg']
[0.366s] Level 1:colcon.colcon_core.package_identification:_identify(src/cmd_vel_mux) by extension 'colcon_pkg'
[0.366s] Level 1:colcon.colcon_core.package_identification:_identify(src/cmd_vel_mux) by extensions ['colcon_meta']
[0.366s] Level 1:colcon.colcon_core.package_identification:_identify(src/cmd_vel_mux) by extension 'colcon_meta'
[0.366s] Level 1:colcon.colcon_core.package_identification:_identify(src/cmd_vel_mux) by extensions ['ros']
[0.366s] Level 1:colcon.colcon_core.package_identification:_identify(src/cmd_vel_mux) by extension 'ros'
[0.369s] DEBUG:colcon.colcon_core.package_identification:Package 'src/cmd_vel_mux' with type 'ros.ament_cmake' and name 'cmd_vel_mux'
[0.369s] Level 1:colcon.colcon_core.package_identification:_identify(src/install) by extensions ['ignore', 'ignore_ament_install']
[0.369s] Level 1:colcon.colcon_core.package_identification:_identify(src/install) by extension 'ignore'
[0.369s] Level 1:colcon.colcon_core.package_identification:_identify(src/install) ignored
[0.370s] Level 1:colcon.colcon_core.package_identification:_identify(src/log) by extensions ['ignore', 'ignore_ament_install']
[0.370s] Level 1:colcon.colcon_core.package_identification:_identify(src/log) by extension 'ignore'
[0.370s] Level 1:colcon.colcon_core.package_identification:_identify(src/log) ignored
[0.370s] Level 1:colcon.colcon_core.package_identification:_identify(src/very_simple_robot_simulator) by extensions ['ignore', 'ignore_ament_install']
[0.370s] Level 1:colcon.colcon_core.package_identification:_identify(src/very_simple_robot_simulator) by extension 'ignore'
[0.370s] Level 1:colcon.colcon_core.package_identification:_identify(src/very_simple_robot_simulator) by extension 'ignore_ament_install'
[0.370s] Level 1:colcon.colcon_core.package_identification:_identify(src/very_simple_robot_simulator) by extensions ['colcon_pkg']
[0.370s] Level 1:colcon.colcon_core.package_identification:_identify(src/very_simple_robot_simulator) by extension 'colcon_pkg'
[0.370s] Level 1:colcon.colcon_core.package_identification:_identify(src/very_simple_robot_simulator) by extensions ['colcon_meta']
[0.370s] Level 1:colcon.colcon_core.package_identification:_identify(src/very_simple_robot_simulator) by extension 'colcon_meta'
[0.370s] Level 1:colcon.colcon_core.package_identification:_identify(src/very_simple_robot_simulator) by extensions ['ros']
[0.371s] Level 1:colcon.colcon_core.package_identification:_identify(src/very_simple_robot_simulator) by extension 'ros'
[0.371s] DEBUG:colcon.colcon_core.package_identification:Package 'src/very_simple_robot_simulator' with type 'ros.ament_cmake' and name 'very_simple_robot_simulator'
[0.371s] Level 1:colcon.colcon_core.package_discovery:discover_packages(recursive) using defaults
[0.371s] Level 1:colcon.colcon_core.package_discovery:discover_packages(ignore) discover
[0.371s] Level 1:colcon.colcon_core.package_discovery:discover_packages(ignore) using defaults
[0.372s] Level 1:colcon.colcon_core.package_discovery:discover_packages(path) discover
[0.372s] Level 1:colcon.colcon_core.package_discovery:discover_packages(path) using defaults
[0.405s] Level 1:colcon.colcon_core.package_discovery:discover_packages(prefix_path) check parameters
[0.405s] Level 1:colcon.colcon_core.package_discovery:discover_packages(prefix_path) discover
[0.408s] DEBUG:colcon.colcon_installed_package_information.package_discovery:Found 3 installed packages in /home/paulo/universidad/5to_semestre/robotica_movil/ros2_ws_lab_1/install
[0.408s] DEBUG:colcon.colcon_installed_package_information.package_discovery:Found 0 installed packages in /home/paulo/universidad/5to_semestre/robotica_movil/ros2_ws_mini_tarea_1/install
[0.410s] DEBUG:colcon.colcon_installed_package_information.package_discovery:Found 274 installed packages in /opt/ros/humble
[0.411s] Level 1:colcon.colcon_core.package_discovery:discover_packages(prefix_path) using defaults
[0.456s] Level 5:colcon.colcon_core.verb:set package 'cmd_vel_mux' build argument 'cmake_args' from command line to 'None'
[0.456s] Level 5:colcon.colcon_core.verb:set package 'cmd_vel_mux' build argument 'cmake_target' from command line to 'None'
[0.456s] Level 5:colcon.colcon_core.verb:set package 'cmd_vel_mux' build argument 'cmake_target_skip_unavailable' from command line to 'False'
[0.456s] Level 5:colcon.colcon_core.verb:set package 'cmd_vel_mux' build argument 'cmake_clean_cache' from command line to 'False'
[0.456s] Level 5:colcon.colcon_core.verb:set package 'cmd_vel_mux' build argument 'cmake_clean_first' from command line to 'False'
[0.456s] Level 5:colcon.colcon_core.verb:set package 'cmd_vel_mux' build argument 'cmake_force_configure' from command line to 'False'
[0.456s] Level 5:colcon.colcon_core.verb:set package 'cmd_vel_mux' build argument 'ament_cmake_args' from command line to 'None'
[0.456s] Level 5:colcon.colcon_core.verb:set package 'cmd_vel_mux' build argument 'catkin_cmake_args' from command line to 'None'
[0.456s] Level 5:colcon.colcon_core.verb:set package 'cmd_vel_mux' build argument 'catkin_skip_building_tests' from command line to 'False'
[0.456s] DEBUG:colcon.colcon_core.verb:Building package 'cmd_vel_mux' with the following arguments: {'ament_cmake_args': None, 'build_base': '/home/paulo/universidad/5to_semestre/robotica_movil/ros2_ws_lab_1/build/cmd_vel_mux', 'catkin_cmake_args': None, 'catkin_skip_building_tests': False, 'cmake_args': None, 'cmake_clean_cache': False, 'cmake_clean_first': False, 'cmake_force_configure': False, 'cmake_target': None, 'cmake_target_skip_unavailable': False, 'install_base': '/home/paulo/universidad/5to_semestre/robotica_movil/ros2_ws_lab_1/install/cmd_vel_mux', 'merge_install': False, 'path': '/home/paulo/universidad/5to_semestre/robotica_movil/ros2_ws_lab_1/src/cmd_vel_mux', 'symlink_install': False, 'test_result_base': None}
[0.457s] Level 5:colcon.colcon_core.verb:set package 'very_simple_robot_simulator' build argument 'cmake_args' from command line to 'None'
[0.457s] Level 5:colcon.colcon_core.verb:set package 'very_simple_robot_simulator' build argument 'cmake_target' from command line to 'None'
[0.457s] Level 5:colcon.colcon_core.verb:set package 'very_simple_robot_simulator' build argument 'cmake_target_skip_unavailable' from command line to 'False'
[0.457s] Level 5:colcon.colcon_core.verb:set package 'very_simple_robot_simulator' build argument 'cmake_clean_cache' from command line to 'False'
[0.457s] Level 5:colcon.colcon_core.verb:set package 'very_simple_robot_simulator' build argument 'cmake_clean_first' from command line to 'False'
[0.457s] Level 5:colcon.colcon_core.verb:set package 'very_simple_robot_simulator' build argument 'cmake_force_configure' from command line to 'False'
[0.457s] Level 5:colcon.colcon_core.verb:set package 'very_simple_robot_simulator' build argument 'ament_cmake_args' from command line to 'None'
[0.457s] Level 5:colcon.colcon_core.verb:set package 'very_simple_robot_simulator' build argument 'catkin_cmake_args' from command line to 'None'
[0.457s] Level 5:colcon.colcon_core.verb:set package 'very_simple_robot_simulator' build argument 'catkin_skip_building_tests' from command line to 'False'
[0.457s] DEBUG:colcon.colcon_core.verb:Building package 'very_simple_robot_simulator' with the following arguments: {'ament_cmake_args': None, 'build_base': '/home/paulo/universidad/5to_semestre/robotica_movil/ros2_ws_lab_1/build/very_simple_robot_simulator', 'catkin_cmake_args': None, 'catkin_skip_building_tests': False, 'cmake_args': None, 'cmake_clean_cache': False, 'cmake_clean_first': False, 'cmake_force_configure': False, 'cmake_target': None, 'cmake_target_skip_unavailable': False, 'install_base': '/home/paulo/universidad/5to_semestre/robotica_movil/ros2_ws_lab_1/install/very_simple_robot_simulator', 'merge_install': False, 'path': '/home/paulo/universidad/5to_semestre/robotica_movil/ros2_ws_lab_1/src/very_simple_robot_simulator', 'symlink_install': False, 'test_result_base': None}
[0.457s] INFO:colcon.colcon_core.executor:Executing jobs using 'parallel' executor
[0.458s] DEBUG:colcon.colcon_parallel_executor.executor.parallel:run_until_complete
[0.459s] INFO:colcon.colcon_ros.task.ament_cmake.build:Building ROS package in '/home/paulo/universidad/5to_semestre/robotica_movil/ros2_ws_lab_1/src/cmd_vel_mux' with build type 'ament_cmake'
[0.459s] INFO:colcon.colcon_cmake.task.cmake.build:Building CMake package in '/home/paulo/universidad/5to_semestre/robotica_movil/ros2_ws_lab_1/src/cmd_vel_mux'
[0.461s] INFO:colcon.colcon_core.plugin_system:Skipping extension 'colcon_core.shell.bat': Not used on non-Windows systems
[0.461s] INFO:colcon.colcon_core.shell:Skip shell extension 'powershell' for command environment: Not usable outside of PowerShell
[0.461s] DEBUG:colcon.colcon_core.shell:Skip shell extension 'dsv' for command environment
[0.491s] INFO:colcon.colcon_ros.task.ament_cmake.build:Building ROS package in '/home/paulo/universidad/5to_semestre/robotica_movil/ros2_ws_lab_1/src/very_simple_robot_simulator' with build type 'ament_cmake'
[0.491s] INFO:colcon.colcon_cmake.task.cmake.build:Building CMake package in '/home/paulo/universidad/5to_semestre/robotica_movil/ros2_ws_lab_1/src/very_simple_robot_simulator'
[0.492s] INFO:colcon.colcon_core.shell:Skip shell extension 'powershell' for command environment: Not usable outside of PowerShell
[0.492s] DEBUG:colcon.colcon_core.shell:Skip shell extension 'dsv' for command environment
[0.524s] DEBUG:colcon.colcon_core.event_handler.log_command:Invoking command in '/home/paulo/universidad/5to_semestre/robotica_movil/ros2_ws_lab_1/build/cmd_vel_mux': CMAKE_PREFIX_PATH=${CMAKE_PREFIX_PATH}:/home/paulo/universidad/5to_semestre/robotica_movil/ros2_ws_lab_1/install/mis_nodos:/opt/ros/humble /usr/bin/cmake --build /home/paulo/universidad/5to_semestre/robotica_movil/ros2_ws_lab_1/build/cmd_vel_mux -- -j8 -l8
[0.569s] DEBUG:colcon.colcon_core.event_handler.log_command:Invoking command in '/home/paulo/universidad/5to_semestre/robotica_movil/ros2_ws_lab_1/build/very_simple_robot_simulator': CMAKE_PREFIX_PATH=${CMAKE_PREFIX_PATH}:/home/paulo/universidad/5to_semestre/robotica_movil/ros2_ws_lab_1/install/mis_nodos:/opt/ros/humble /usr/bin/cmake --build /home/paulo/universidad/5to_semestre/robotica_movil/ros2_ws_lab_1/build/very_simple_robot_simulator -- -j8 -l8
[1.544s] DEBUG:colcon.colcon_core.event_handler.log_command:Invoked command in '/home/paulo/universidad/5to_semestre/robotica_movil/ros2_ws_lab_1/build/cmd_vel_mux' returned '0': CMAKE_PREFIX_PATH=${CMAKE_PREFIX_PATH}:/home/paulo/universidad/5to_semestre/robotica_movil/ros2_ws_lab_1/install/mis_nodos:/opt/ros/humble /usr/bin/cmake --build /home/paulo/universidad/5to_semestre/robotica_movil/ros2_ws_lab_1/build/cmd_vel_mux -- -j8 -l8
[1.560s] DEBUG:colcon.colcon_core.event_handler.log_command:Invoking command in '/home/paulo/universidad/5to_semestre/robotica_movil/ros2_ws_lab_1/build/cmd_vel_mux': CMAKE_PREFIX_PATH=${CMAKE_PREFIX_PATH}:/home/paulo/universidad/5to_semestre/robotica_movil/ros2_ws_lab_1/install/mis_nodos:/opt/ros/humble /usr/bin/cmake --install /home/paulo/universidad/5to_semestre/robotica_movil/ros2_ws_lab_1/build/cmd_vel_mux
[1.653s] Level 1:colcon.colcon_core.environment:create_environment_scripts_only(cmd_vel_mux)
[1.654s] DEBUG:colcon.colcon_core.event_handler.log_command:Invoked command in '/home/paulo/universidad/5to_semestre/robotica_movil/ros2_ws_lab_1/build/cmd_vel_mux' returned '0': CMAKE_PREFIX_PATH=${CMAKE_PREFIX_PATH}:/home/paulo/universidad/5to_semestre/robotica_movil/ros2_ws_lab_1/install/mis_nodos:/opt/ros/humble /usr/bin/cmake --install /home/paulo/universidad/5to_semestre/robotica_movil/ros2_ws_lab_1/build/cmd_vel_mux
[1.658s] Level 1:colcon.colcon_core.environment:checking '/home/paulo/universidad/5to_semestre/robotica_movil/ros2_ws_lab_1/install/cmd_vel_mux' for CMake module files
[1.659s] Level 1:colcon.colcon_core.environment:checking '/home/paulo/universidad/5to_semestre/robotica_movil/ros2_ws_lab_1/install/cmd_vel_mux' for CMake config files
[1.660s] Level 1:colcon.colcon_core.shell:create_environment_hook('cmd_vel_mux', 'cmake_prefix_path')
[1.661s] INFO:colcon.colcon_core.shell:Creating environment hook '/home/paulo/universidad/5to_semestre/robotica_movil/ros2_ws_lab_1/install/cmd_vel_mux/share/cmd_vel_mux/hook/cmake_prefix_path.ps1'
[1.662s] INFO:colcon.colcon_core.shell:Creating environment descriptor '/home/paulo/universidad/5to_semestre/robotica_movil/ros2_ws_lab_1/install/cmd_vel_mux/share/cmd_vel_mux/hook/cmake_prefix_path.dsv'
[1.663s] INFO:colcon.colcon_core.shell:Creating environment hook '/home/paulo/universidad/5to_semestre/robotica_movil/ros2_ws_lab_1/install/cmd_vel_mux/share/cmd_vel_mux/hook/cmake_prefix_path.sh'
[1.665s] Level 1:colcon.colcon_core.environment:checking '/home/paulo/universidad/5to_semestre/robotica_movil/ros2_ws_lab_1/install/cmd_vel_mux/lib'
[1.666s] Level 1:colcon.colcon_core.shell:create_environment_hook('cmd_vel_mux', 'ld_library_path_lib')
[1.666s] INFO:colcon.colcon_core.shell:Creating environment hook '/home/paulo/universidad/5to_semestre/robotica_movil/ros2_ws_lab_1/install/cmd_vel_mux/share/cmd_vel_mux/hook/ld_library_path_lib.ps1'
[1.667s] INFO:colcon.colcon_core.shell:Creating environment descriptor '/home/paulo/universidad/5to_semestre/robotica_movil/ros2_ws_lab_1/install/cmd_vel_mux/share/cmd_vel_mux/hook/ld_library_path_lib.dsv'
[1.667s] INFO:colcon.colcon_core.shell:Creating environment hook '/home/paulo/universidad/5to_semestre/robotica_movil/ros2_ws_lab_1/install/cmd_vel_mux/share/cmd_vel_mux/hook/ld_library_path_lib.sh'
[1.668s] Level 1:colcon.colcon_core.environment:checking '/home/paulo/universidad/5to_semestre/robotica_movil/ros2_ws_lab_1/install/cmd_vel_mux/bin'
[1.668s] Level 1:colcon.colcon_core.environment:checking '/home/paulo/universidad/5to_semestre/robotica_movil/ros2_ws_lab_1/install/cmd_vel_mux/lib/pkgconfig/cmd_vel_mux.pc'
[1.668s] Level 1:colcon.colcon_core.environment:checking '/home/paulo/universidad/5to_semestre/robotica_movil/ros2_ws_lab_1/install/cmd_vel_mux/lib/python3.10/site-packages'
[1.669s] Level 1:colcon.colcon_core.environment:checking '/home/paulo/universidad/5to_semestre/robotica_movil/ros2_ws_lab_1/install/cmd_vel_mux/bin'
[1.669s] INFO:colcon.colcon_core.shell:Creating package script '/home/paulo/universidad/5to_semestre/robotica_movil/ros2_ws_lab_1/install/cmd_vel_mux/share/cmd_vel_mux/package.ps1'
[1.671s] INFO:colcon.colcon_core.shell:Creating package descriptor '/home/paulo/universidad/5to_semestre/robotica_movil/ros2_ws_lab_1/install/cmd_vel_mux/share/cmd_vel_mux/package.dsv'
[1.671s] INFO:colcon.colcon_core.shell:Creating package script '/home/paulo/universidad/5to_semestre/robotica_movil/ros2_ws_lab_1/install/cmd_vel_mux/share/cmd_vel_mux/package.sh'
[1.673s] INFO:colcon.colcon_core.shell:Creating package script '/home/paulo/universidad/5to_semestre/robotica_movil/ros2_ws_lab_1/install/cmd_vel_mux/share/cmd_vel_mux/package.bash'
[1.674s] INFO:colcon.colcon_core.shell:Creating package script '/home/paulo/universidad/5to_semestre/robotica_movil/ros2_ws_lab_1/install/cmd_vel_mux/share/cmd_vel_mux/package.zsh'
[1.675s] Level 1:colcon.colcon_core.environment:create_file_with_runtime_dependencies(/home/paulo/universidad/5to_semestre/robotica_movil/ros2_ws_lab_1/install/cmd_vel_mux/share/colcon-core/packages/cmd_vel_mux)
[1.675s] Level 1:colcon.colcon_core.environment:create_environment_scripts_only(cmd_vel_mux)
[1.676s] Level 1:colcon.colcon_core.environment:checking '/home/paulo/universidad/5to_semestre/robotica_movil/ros2_ws_lab_1/install/cmd_vel_mux' for CMake module files
[1.676s] Level 1:colcon.colcon_core.environment:checking '/home/paulo/universidad/5to_semestre/robotica_movil/ros2_ws_lab_1/install/cmd_vel_mux' for CMake config files
[1.677s] Level 1:colcon.colcon_core.shell:create_environment_hook('cmd_vel_mux', 'cmake_prefix_path')
[1.677s] INFO:colcon.colcon_core.shell:Creating environment hook '/home/paulo/universidad/5to_semestre/robotica_movil/ros2_ws_lab_1/install/cmd_vel_mux/share/cmd_vel_mux/hook/cmake_prefix_path.ps1'
[1.678s] INFO:colcon.colcon_core.shell:Creating environment descriptor '/home/paulo/universidad/5to_semestre/robotica_movil/ros2_ws_lab_1/install/cmd_vel_mux/share/cmd_vel_mux/hook/cmake_prefix_path.dsv'
[1.678s] INFO:colcon.colcon_core.shell:Creating environment hook '/home/paulo/universidad/5to_semestre/robotica_movil/ros2_ws_lab_1/install/cmd_vel_mux/share/cmd_vel_mux/hook/cmake_prefix_path.sh'
[1.679s] Level 1:colcon.colcon_core.environment:checking '/home/paulo/universidad/5to_semestre/robotica_movil/ros2_ws_lab_1/install/cmd_vel_mux/lib'
[1.679s] Level 1:colcon.colcon_core.shell:create_environment_hook('cmd_vel_mux', 'ld_library_path_lib')
[1.679s] INFO:colcon.colcon_core.shell:Creating environment hook '/home/paulo/universidad/5to_semestre/robotica_movil/ros2_ws_lab_1/install/cmd_vel_mux/share/cmd_vel_mux/hook/ld_library_path_lib.ps1'
[1.680s] INFO:colcon.colcon_core.shell:Creating environment descriptor '/home/paulo/universidad/5to_semestre/robotica_movil/ros2_ws_lab_1/install/cmd_vel_mux/share/cmd_vel_mux/hook/ld_library_path_lib.dsv'
[1.680s] INFO:colcon.colcon_core.shell:Creating environment hook '/home/paulo/universidad/5to_semestre/robotica_movil/ros2_ws_lab_1/install/cmd_vel_mux/share/cmd_vel_mux/hook/ld_library_path_lib.sh'
[1.680s] Level 1:colcon.colcon_core.environment:checking '/home/paulo/universidad/5to_semestre/robotica_movil/ros2_ws_lab_1/install/cmd_vel_mux/bin'
[1.681s] Level 1:colcon.colcon_core.environment:checking '/home/paulo/universidad/5to_semestre/robotica_movil/ros2_ws_lab_1/install/cmd_vel_mux/lib/pkgconfig/cmd_vel_mux.pc'
[1.681s] Level 1:colcon.colcon_core.environment:checking '/home/paulo/universidad/5to_semestre/robotica_movil/ros2_ws_lab_1/install/cmd_vel_mux/lib/python3.10/site-packages'
[1.681s] Level 1:colcon.colcon_core.environment:checking '/home/paulo/universidad/5to_semestre/robotica_movil/ros2_ws_lab_1/install/cmd_vel_mux/bin'
[1.681s] INFO:colcon.colcon_core.shell:Creating package script '/home/paulo/universidad/5to_semestre/robotica_movil/ros2_ws_lab_1/install/cmd_vel_mux/share/cmd_vel_mux/package.ps1'
[1.682s] INFO:colcon.colcon_core.shell:Creating package descriptor '/home/paulo/universidad/5to_semestre/robotica_movil/ros2_ws_lab_1/install/cmd_vel_mux/share/cmd_vel_mux/package.dsv'
[1.683s] INFO:colcon.colcon_core.shell:Creating package script '/home/paulo/universidad/5to_semestre/robotica_movil/ros2_ws_lab_1/install/cmd_vel_mux/share/cmd_vel_mux/package.sh'
[1.683s] INFO:colcon.colcon_core.shell:Creating package script '/home/paulo/universidad/5to_semestre/robotica_movil/ros2_ws_lab_1/install/cmd_vel_mux/share/cmd_vel_mux/package.bash'
[1.684s] INFO:colcon.colcon_core.shell:Creating package script '/home/paulo/universidad/5to_semestre/robotica_movil/ros2_ws_lab_1/install/cmd_vel_mux/share/cmd_vel_mux/package.zsh'
[1.684s] Level 1:colcon.colcon_core.environment:create_file_with_runtime_dependencies(/home/paulo/universidad/5to_semestre/robotica_movil/ros2_ws_lab_1/install/cmd_vel_mux/share/colcon-core/packages/cmd_vel_mux)
[1.712s] DEBUG:colcon.colcon_core.event_handler.log_command:Invoked command in '/home/paulo/universidad/5to_semestre/robotica_movil/ros2_ws_lab_1/build/very_simple_robot_simulator' returned '0': CMAKE_PREFIX_PATH=${CMAKE_PREFIX_PATH}:/home/paulo/universidad/5to_semestre/robotica_movil/ros2_ws_lab_1/install/mis_nodos:/opt/ros/humble /usr/bin/cmake --build /home/paulo/universidad/5to_semestre/robotica_movil/ros2_ws_lab_1/build/very_simple_robot_simulator -- -j8 -l8
[1.715s] DEBUG:colcon.colcon_core.event_handler.log_command:Invoking command in '/home/paulo/universidad/5to_semestre/robotica_movil/ros2_ws_lab_1/build/very_simple_robot_simulator': CMAKE_PREFIX_PATH=${CMAKE_PREFIX_PATH}:/home/paulo/universidad/5to_semestre/robotica_movil/ros2_ws_lab_1/install/mis_nodos:/opt/ros/humble /usr/bin/cmake --install /home/paulo/universidad/5to_semestre/robotica_movil/ros2_ws_lab_1/build/very_simple_robot_simulator
[1.826s] Level 1:colcon.colcon_core.environment:create_environment_scripts_only(very_simple_robot_simulator)
[1.827s] Level 1:colcon.colcon_core.environment:checking '/home/paulo/universidad/5to_semestre/robotica_movil/ros2_ws_lab_1/install/very_simple_robot_simulator' for CMake module files
[1.828s] DEBUG:colcon.colcon_core.event_handler.log_command:Invoked command in '/home/paulo/universidad/5to_semestre/robotica_movil/ros2_ws_lab_1/build/very_simple_robot_simulator' returned '0': CMAKE_PREFIX_PATH=${CMAKE_PREFIX_PATH}:/home/paulo/universidad/5to_semestre/robotica_movil/ros2_ws_lab_1/install/mis_nodos:/opt/ros/humble /usr/bin/cmake --install /home/paulo/universidad/5to_semestre/robotica_movil/ros2_ws_lab_1/build/very_simple_robot_simulator
[1.830s] Level 1:colcon.colcon_core.environment:checking '/home/paulo/universidad/5to_semestre/robotica_movil/ros2_ws_lab_1/install/very_simple_robot_simulator' for CMake config files
[1.832s] Level 1:colcon.colcon_core.shell:create_environment_hook('very_simple_robot_simulator', 'cmake_prefix_path')
[1.832s] INFO:colcon.colcon_core.shell:Creating environment hook '/home/paulo/universidad/5to_semestre/robotica_movil/ros2_ws_lab_1/install/very_simple_robot_simulator/share/very_simple_robot_simulator/hook/cmake_prefix_path.ps1'
[1.833s] INFO:colcon.colcon_core.shell:Creating environment descriptor '/home/paulo/universidad/5to_semestre/robotica_movil/ros2_ws_lab_1/install/very_simple_robot_simulator/share/very_simple_robot_simulator/hook/cmake_prefix_path.dsv'
[1.834s] INFO:colcon.colcon_core.shell:Creating environment hook '/home/paulo/universidad/5to_semestre/robotica_movil/ros2_ws_lab_1/install/very_simple_robot_simulator/share/very_simple_robot_simulator/hook/cmake_prefix_path.sh'
[1.836s] Level 1:colcon.colcon_core.environment:checking '/home/paulo/universidad/5to_semestre/robotica_movil/ros2_ws_lab_1/install/very_simple_robot_simulator/lib'
[1.836s] Level 1:colcon.colcon_core.environment:checking '/home/paulo/universidad/5to_semestre/robotica_movil/ros2_ws_lab_1/install/very_simple_robot_simulator/bin'
[1.836s] Level 1:colcon.colcon_core.environment:checking '/home/paulo/universidad/5to_semestre/robotica_movil/ros2_ws_lab_1/install/very_simple_robot_simulator/lib/pkgconfig/very_simple_robot_simulator.pc'
[1.837s] Level 1:colcon.colcon_core.environment:checking '/home/paulo/universidad/5to_semestre/robotica_movil/ros2_ws_lab_1/install/very_simple_robot_simulator/lib/python3.10/site-packages'
[1.838s] Level 1:colcon.colcon_core.environment:checking '/home/paulo/universidad/5to_semestre/robotica_movil/ros2_ws_lab_1/install/very_simple_robot_simulator/bin'
[1.838s] INFO:colcon.colcon_core.shell:Creating package script '/home/paulo/universidad/5to_semestre/robotica_movil/ros2_ws_lab_1/install/very_simple_robot_simulator/share/very_simple_robot_simulator/package.ps1'
[1.839s] INFO:colcon.colcon_core.shell:Creating package descriptor '/home/paulo/universidad/5to_semestre/robotica_movil/ros2_ws_lab_1/install/very_simple_robot_simulator/share/very_simple_robot_simulator/package.dsv'
[1.841s] INFO:colcon.colcon_core.shell:Creating package script '/home/paulo/universidad/5to_semestre/robotica_movil/ros2_ws_lab_1/install/very_simple_robot_simulator/share/very_simple_robot_simulator/package.sh'
[1.842s] INFO:colcon.colcon_core.shell:Creating package script '/home/paulo/universidad/5to_semestre/robotica_movil/ros2_ws_lab_1/install/very_simple_robot_simulator/share/very_simple_robot_simulator/package.bash'
[1.843s] INFO:colcon.colcon_core.shell:Creating package script '/home/paulo/universidad/5to_semestre/robotica_movil/ros2_ws_lab_1/install/very_simple_robot_simulator/share/very_simple_robot_simulator/package.zsh'
[1.844s] Level 1:colcon.colcon_core.environment:create_file_with_runtime_dependencies(/home/paulo/universidad/5to_semestre/robotica_movil/ros2_ws_lab_1/install/very_simple_robot_simulator/share/colcon-core/packages/very_simple_robot_simulator)
[1.845s] Level 1:colcon.colcon_core.environment:create_environment_scripts_only(very_simple_robot_simulator)
[1.846s] Level 1:colcon.colcon_core.environment:checking '/home/paulo/universidad/5to_semestre/robotica_movil/ros2_ws_lab_1/install/very_simple_robot_simulator' for CMake module files
[1.847s] Level 1:colcon.colcon_core.environment:checking '/home/paulo/universidad/5to_semestre/robotica_movil/ros2_ws_lab_1/install/very_simple_robot_simulator' for CMake config files
[1.849s] Level 1:colcon.colcon_core.shell:create_environment_hook('very_simple_robot_simulator', 'cmake_prefix_path')
[1.850s] INFO:colcon.colcon_core.shell:Creating environment hook '/home/paulo/universidad/5to_semestre/robotica_movil/ros2_ws_lab_1/install/very_simple_robot_simulator/share/very_simple_robot_simulator/hook/cmake_prefix_path.ps1'
[1.851s] INFO:colcon.colcon_core.shell:Creating environment descriptor '/home/paulo/universidad/5to_semestre/robotica_movil/ros2_ws_lab_1/install/very_simple_robot_simulator/share/very_simple_robot_simulator/hook/cmake_prefix_path.dsv'
[1.852s] INFO:colcon.colcon_core.shell:Creating environment hook '/home/paulo/universidad/5to_semestre/robotica_movil/ros2_ws_lab_1/install/very_simple_robot_simulator/share/very_simple_robot_simulator/hook/cmake_prefix_path.sh'
[1.853s] Level 1:colcon.colcon_core.environment:checking '/home/paulo/universidad/5to_semestre/robotica_movil/ros2_ws_lab_1/install/very_simple_robot_simulator/lib'
[1.854s] Level 1:colcon.colcon_core.environment:checking '/home/paulo/universidad/5to_semestre/robotica_movil/ros2_ws_lab_1/install/very_simple_robot_simulator/bin'
[1.854s] Level 1:colcon.colcon_core.environment:checking '/home/paulo/universidad/5to_semestre/robotica_movil/ros2_ws_lab_1/install/very_simple_robot_simulator/lib/pkgconfig/very_simple_robot_simulator.pc'
[1.855s] Level 1:colcon.colcon_core.environment:checking '/home/paulo/universidad/5to_semestre/robotica_movil/ros2_ws_lab_1/install/very_simple_robot_simulator/lib/python3.10/site-packages'
[1.855s] Level 1:colcon.colcon_core.environment:checking '/home/paulo/universidad/5to_semestre/robotica_movil/ros2_ws_lab_1/install/very_simple_robot_simulator/bin'
[1.856s] INFO:colcon.colcon_core.shell:Creating package script '/home/paulo/universidad/5to_semestre/robotica_movil/ros2_ws_lab_1/install/very_simple_robot_simulator/share/very_simple_robot_simulator/package.ps1'
[1.857s] INFO:colcon.colcon_core.shell:Creating package descriptor '/home/paulo/universidad/5to_semestre/robotica_movil/ros2_ws_lab_1/install/very_simple_robot_simulator/share/very_simple_robot_simulator/package.dsv'
[1.858s] INFO:colcon.colcon_core.shell:Creating package script '/home/paulo/universidad/5to_semestre/robotica_movil/ros2_ws_lab_1/install/very_simple_robot_simulator/share/very_simple_robot_simulator/package.sh'
[1.859s] INFO:colcon.colcon_core.shell:Creating package script '/home/paulo/universidad/5to_semestre/robotica_movil/ros2_ws_lab_1/install/very_simple_robot_simulator/share/very_simple_robot_simulator/package.bash'
[1.860s] INFO:colcon.colcon_core.shell:Creating package script '/home/paulo/universidad/5to_semestre/robotica_movil/ros2_ws_lab_1/install/very_simple_robot_simulator/share/very_simple_robot_simulator/package.zsh'
[1.861s] Level 1:colcon.colcon_core.environment:create_file_with_runtime_dependencies(/home/paulo/universidad/5to_semestre/robotica_movil/ros2_ws_lab_1/install/very_simple_robot_simulator/share/colcon-core/packages/very_simple_robot_simulator)
[1.862s] DEBUG:colcon.colcon_parallel_executor.executor.parallel:closing loop
[1.862s] DEBUG:colcon.colcon_parallel_executor.executor.parallel:loop closed
[1.863s] DEBUG:colcon.colcon_parallel_executor.executor.parallel:run_until_complete finished with '0'
[1.863s] DEBUG:colcon.colcon_core.event_reactor:joining thread
[1.870s] INFO:colcon.colcon_core.plugin_system:Skipping extension 'colcon_notification.desktop_notification.terminal_notifier': Not used on non-Darwin systems
[1.870s] INFO:colcon.colcon_core.plugin_system:Skipping extension 'colcon_notification.desktop_notification.win32': Not used on non-Windows systems
[1.870s] INFO:colcon.colcon_notification.desktop_notification:Sending desktop notification using 'notify2'
[1.884s] DEBUG:colcon.colcon_core.event_reactor:joined thread
[1.884s] INFO:colcon.colcon_core.shell:Creating prefix script '/home/paulo/universidad/5to_semestre/robotica_movil/ros2_ws_lab_1/install/local_setup.ps1'
[1.885s] INFO:colcon.colcon_core.shell:Creating prefix util module '/home/paulo/universidad/5to_semestre/robotica_movil/ros2_ws_lab_1/install/_local_setup_util_ps1.py'
[1.887s] INFO:colcon.colcon_core.shell:Creating prefix chain script '/home/paulo/universidad/5to_semestre/robotica_movil/ros2_ws_lab_1/install/setup.ps1'
[1.890s] INFO:colcon.colcon_core.shell:Creating prefix script '/home/paulo/universidad/5to_semestre/robotica_movil/ros2_ws_lab_1/install/local_setup.sh'
[1.891s] INFO:colcon.colcon_core.shell:Creating prefix util module '/home/paulo/universidad/5to_semestre/robotica_movil/ros2_ws_lab_1/install/_local_setup_util_sh.py'
[1.892s] INFO:colcon.colcon_core.shell:Creating prefix chain script '/home/paulo/universidad/5to_semestre/robotica_movil/ros2_ws_lab_1/install/setup.sh'
[1.893s] INFO:colcon.colcon_core.shell:Creating prefix script '/home/paulo/universidad/5to_semestre/robotica_movil/ros2_ws_lab_1/install/local_setup.bash'
[1.894s] INFO:colcon.colcon_core.shell:Creating prefix chain script '/home/paulo/universidad/5to_semestre/robotica_movil/ros2_ws_lab_1/install/setup.bash'
[1.895s] INFO:colcon.colcon_core.shell:Creating prefix script '/home/paulo/universidad/5to_semestre/robotica_movil/ros2_ws_lab_1/install/local_setup.zsh'
[1.895s] INFO:colcon.colcon_core.shell:Creating prefix chain script '/home/paulo/universidad/5to_semestre/robotica_movil/ros2_ws_lab_1/install/setup.zsh'
