[3.071s] Invoking command in '/home/paulo/universidad/5to_semestre/robotica_movil/ros2_ws_lab_1/src/prueba_5': PYTHONPATH=/home/paulo/universidad/5to_semestre/robotica_movil/ros2_ws_lab_1/build/prueba_5/prefix_override:/usr/lib/python3/dist-packages/colcon_core/task/python/colcon_distutils_commands:/home/paulo/universidad/5to_semestre/robotica_movil/ros2_ws_lab_1/install/prueba_5/lib/python3.10/site-packages:${PYTHONPATH} /usr/bin/python3 -W ignore:setup.py install is deprecated -W ignore:easy_install command is deprecated setup.py egg_info --egg-base ../../build/prueba_5 build --build-base /home/paulo/universidad/5to_semestre/robotica_movil/ros2_ws_lab_1/build/prueba_5/build install --record /home/paulo/universidad/5to_semestre/robotica_movil/ros2_ws_lab_1/build/prueba_5/install.log --single-version-externally-managed install_data
[4.254s] running egg_info
[4.256s] writing ../../build/prueba_5/prueba_5.egg-info/PKG-INFO
[4.258s] writing dependency_links to ../../build/prueba_5/prueba_5.egg-info/dependency_links.txt
[4.259s] writing entry points to ../../build/prueba_5/prueba_5.egg-info/entry_points.txt
[4.259s] writing requirements to ../../build/prueba_5/prueba_5.egg-info/requires.txt
[4.260s] writing top-level names to ../../build/prueba_5/prueba_5.egg-info/top_level.txt
[4.267s] reading manifest file '../../build/prueba_5/prueba_5.egg-info/SOURCES.txt'
[4.271s] writing manifest file '../../build/prueba_5/prueba_5.egg-info/SOURCES.txt'
[4.271s] running build
[4.272s] running build_py
[4.273s] running install
[4.274s] running install_lib
[4.280s] running install_data
[4.281s] running install_egg_info
[4.287s] removing '/home/paulo/universidad/5to_semestre/robotica_movil/ros2_ws_lab_1/install/prueba_5/lib/python3.10/site-packages/prueba_5-0.0.0-py3.10.egg-info' (and everything under it)
[4.289s] Copying ../../build/prueba_5/prueba_5.egg-info to /home/paulo/universidad/5to_semestre/robotica_movil/ros2_ws_lab_1/install/prueba_5/lib/python3.10/site-packages/prueba_5-0.0.0-py3.10.egg-info
[4.293s] running install_scripts
[4.386s] Installing pose_loader script to /home/paulo/universidad/5to_semestre/robotica_movil/ros2_ws_lab_1/install/prueba_5/lib/prueba_5
[4.387s] Installing test_node script to /home/paulo/universidad/5to_semestre/robotica_movil/ros2_ws_lab_1/install/prueba_5/lib/prueba_5
[4.388s] writing list of installed files to '/home/paulo/universidad/5to_semestre/robotica_movil/ros2_ws_lab_1/build/prueba_5/install.log'
[4.480s] Invoked command in '/home/paulo/universidad/5to_semestre/robotica_movil/ros2_ws_lab_1/src/prueba_5' returned '0': PYTHONPATH=/home/paulo/universidad/5to_semestre/robotica_movil/ros2_ws_lab_1/build/prueba_5/prefix_override:/usr/lib/python3/dist-packages/colcon_core/task/python/colcon_distutils_commands:/home/paulo/universidad/5to_semestre/robotica_movil/ros2_ws_lab_1/install/prueba_5/lib/python3.10/site-packages:${PYTHONPATH} /usr/bin/python3 -W ignore:setup.py install is deprecated -W ignore:easy_install command is deprecated setup.py egg_info --egg-base ../../build/prueba_5 build --build-base /home/paulo/universidad/5to_semestre/robotica_movil/ros2_ws_lab_1/build/prueba_5/build install --record /home/paulo/universidad/5to_semestre/robotica_movil/ros2_ws_lab_1/build/prueba_5/install.log --single-version-externally-managed install_data
