[0.127s] DEBUG:colcon:Command line arguments: ['/usr/bin/colcon', 'build', '--symlink-install']
[0.128s] DEBUG:colcon:Parsed command line arguments: Namespace(log_base=None, log_level=None, verb_name='build', build_base='build', install_base='install', merge_install=False, symlink_install=True, test_result_base=None, continue_on_error=False, executor='parallel', parallel_workers=8, event_handlers=None, ignore_user_meta=False, metas=['./colcon.meta'], base_paths=['.'], packages_ignore=None, packages_ignore_regex=None, paths=None, packages_up_to=None, packages_up_to_regex=None, packages_above=None, packages_above_and_dependencies=None, packages_above_depth=None, packages_select_by_dep=None, packages_skip_by_dep=None, packages_skip_up_to=None, packages_select_build_failed=False, packages_skip_build_finished=False, packages_select_test_failures=False, packages_skip_test_passed=False, packages_select=None, packages_skip=None, packages_select_regex=None, packages_skip_regex=None, packages_start=None, packages_end=None, allow_overriding=[], cmake_args=None, cmake_target=None, cmake_target_skip_unavailable=False, cmake_clean_cache=False, cmake_clean_first=False, cmake_force_configure=False, ament_cmake_args=None, catkin_cmake_args=None, catkin_skip_building_tests=False, mixin_files=None, mixin=None, verb_parser=<colcon_mixin.mixin.mixin_argument.MixinArgumentDecorator object at 0x7eb89c746170>, verb_extension=<colcon_core.verb.build.BuildVerb object at 0x7eb89c8c7b50>, main=<bound method BuildVerb.main of <colcon_core.verb.build.BuildVerb object at 0x7eb89c8c7b50>>, mixin_verb=('build',))
[0.309s] Level 1:colcon.colcon_core.package_discovery:discover_packages(colcon_meta) check parameters
[0.309s] Level 1:colcon.colcon_core.package_discovery:discover_packages(recursive) check parameters
[0.309s] Level 1:colcon.colcon_core.package_discovery:discover_packages(ignore) check parameters
[0.309s] Level 1:colcon.colcon_core.package_discovery:discover_packages(path) check parameters
[0.309s] Level 1:colcon.colcon_core.package_discovery:discover_packages(colcon_meta) discover
[0.309s] Level 1:colcon.colcon_core.package_discovery:discover_packages(recursive) discover
[0.309s] INFO:colcon.colcon_core.package_discovery:Crawling recursively for packages in '/home/paulo/universidad/5to_semestre/robotica_movil/ros2_ws_lab_1'
[0.309s] Level 1:colcon.colcon_core.package_identification:_identify(.) by extensions ['ignore', 'ignore_ament_install']
[0.309s] Level 1:colcon.colcon_core.package_identification:_identify(.) by extension 'ignore'
[0.309s] Level 1:colcon.colcon_core.package_identification:_identify(.) by extension 'ignore_ament_install'
[0.309s] Level 1:colcon.colcon_core.package_identification:_identify(.) by extensions ['colcon_pkg']
[0.310s] Level 1:colcon.colcon_core.package_identification:_identify(.) by extension 'colcon_pkg'
[0.310s] Level 1:colcon.colcon_core.package_identification:_identify(.) by extensions ['colcon_meta']
[0.310s] Level 1:colcon.colcon_core.package_identification:_identify(.) by extension 'colcon_meta'
[0.310s] Level 1:colcon.colcon_core.package_identification:_identify(.) by extensions ['ros']
[0.310s] Level 1:colcon.colcon_core.package_identification:_identify(.) by extension 'ros'
[0.322s] Level 1:colcon.colcon_core.package_identification:_identify(.) by extensions ['cmake', 'python']
[0.322s] Level 1:colcon.colcon_core.package_identification:_identify(.) by extension 'cmake'
[0.322s] Level 1:colcon.colcon_core.package_identification:_identify(.) by extension 'python'
[0.322s] Level 1:colcon.colcon_core.package_identification:_identify(.) by extensions ['python_setup_py']
[0.322s] Level 1:colcon.colcon_core.package_identification:_identify(.) by extension 'python_setup_py'
[0.322s] Level 1:colcon.colcon_core.package_identification:_identify(build) by extensions ['ignore', 'ignore_ament_install']
[0.323s] Level 1:colcon.colcon_core.package_identification:_identify(build) by extension 'ignore'
[0.323s] Level 1:colcon.colcon_core.package_identification:_identify(build) ignored
[0.323s] Level 1:colcon.colcon_core.package_identification:_identify(install) by extensions ['ignore', 'ignore_ament_install']
[0.323s] Level 1:colcon.colcon_core.package_identification:_identify(install) by extension 'ignore'
[0.323s] Level 1:colcon.colcon_core.package_identification:_identify(install) ignored
[0.323s] Level 1:colcon.colcon_core.package_identification:_identify(log) by extensions ['ignore', 'ignore_ament_install']
[0.323s] Level 1:colcon.colcon_core.package_identification:_identify(log) by extension 'ignore'
[0.323s] Level 1:colcon.colcon_core.package_identification:_identify(log) ignored
[0.324s] Level 1:colcon.colcon_core.package_identification:_identify(src) by extensions ['ignore', 'ignore_ament_install']
[0.324s] Level 1:colcon.colcon_core.package_identification:_identify(src) by extension 'ignore'
[0.324s] Level 1:colcon.colcon_core.package_identification:_identify(src) by extension 'ignore_ament_install'
[0.324s] Level 1:colcon.colcon_core.package_identification:_identify(src) by extensions ['colcon_pkg']
[0.324s] Level 1:colcon.colcon_core.package_identification:_identify(src) by extension 'colcon_pkg'
[0.324s] Level 1:colcon.colcon_core.package_identification:_identify(src) by extensions ['colcon_meta']
[0.324s] Level 1:colcon.colcon_core.package_identification:_identify(src) by extension 'colcon_meta'
[0.324s] Level 1:colcon.colcon_core.package_identification:_identify(src) by extensions ['ros']
[0.324s] Level 1:colcon.colcon_core.package_identification:_identify(src) by extension 'ros'
[0.324s] Level 1:colcon.colcon_core.package_identification:_identify(src) by extensions ['cmake', 'python']
[0.324s] Level 1:colcon.colcon_core.package_identification:_identify(src) by extension 'cmake'
[0.324s] Level 1:colcon.colcon_core.package_identification:_identify(src) by extension 'python'
[0.324s] Level 1:colcon.colcon_core.package_identification:_identify(src) by extensions ['python_setup_py']
[0.324s] Level 1:colcon.colcon_core.package_identification:_identify(src) by extension 'python_setup_py'
[0.324s] Level 1:colcon.colcon_core.package_identification:_identify(src/build) by extensions ['ignore', 'ignore_ament_install']
[0.324s] Level 1:colcon.colcon_core.package_identification:_identify(src/build) by extension 'ignore'
[0.324s] Level 1:colcon.colcon_core.package_identification:_identify(src/build) ignored
[0.325s] Level 1:colcon.colcon_core.package_identification:_identify(src/cmd_vel_mux) by extensions ['ignore', 'ignore_ament_install']
[0.325s] Level 1:colcon.colcon_core.package_identification:_identify(src/cmd_vel_mux) by extension 'ignore'
[0.325s] Level 1:colcon.colcon_core.package_identification:_identify(src/cmd_vel_mux) by extension 'ignore_ament_install'
[0.325s] Level 1:colcon.colcon_core.package_identification:_identify(src/cmd_vel_mux) by extensions ['colcon_pkg']
[0.325s] Level 1:colcon.colcon_core.package_identification:_identify(src/cmd_vel_mux) by extension 'colcon_pkg'
[0.325s] Level 1:colcon.colcon_core.package_identification:_identify(src/cmd_vel_mux) by extensions ['colcon_meta']
[0.325s] Level 1:colcon.colcon_core.package_identification:_identify(src/cmd_vel_mux) by extension 'colcon_meta'
[0.325s] Level 1:colcon.colcon_core.package_identification:_identify(src/cmd_vel_mux) by extensions ['ros']
[0.325s] Level 1:colcon.colcon_core.package_identification:_identify(src/cmd_vel_mux) by extension 'ros'
[0.328s] DEBUG:colcon.colcon_core.package_identification:Package 'src/cmd_vel_mux' with type 'ros.ament_cmake' and name 'cmd_vel_mux'
[0.328s] Level 1:colcon.colcon_core.package_identification:_identify(src/install) by extensions ['ignore', 'ignore_ament_install']
[0.328s] Level 1:colcon.colcon_core.package_identification:_identify(src/install) by extension 'ignore'
[0.328s] Level 1:colcon.colcon_core.package_identification:_identify(src/install) ignored
[0.328s] Level 1:colcon.colcon_core.package_identification:_identify(src/log) by extensions ['ignore', 'ignore_ament_install']
[0.329s] Level 1:colcon.colcon_core.package_identification:_identify(src/log) by extension 'ignore'
[0.329s] Level 1:colcon.colcon_core.package_identification:_identify(src/log) ignored
[0.329s] Level 1:colcon.colcon_core.package_identification:_identify(src/prueba_4) by extensions ['ignore', 'ignore_ament_install']
[0.329s] Level 1:colcon.colcon_core.package_identification:_identify(src/prueba_4) by extension 'ignore'
[0.329s] Level 1:colcon.colcon_core.package_identification:_identify(src/prueba_4) by extension 'ignore_ament_install'
[0.329s] Level 1:colcon.colcon_core.package_identification:_identify(src/prueba_4) by extensions ['colcon_pkg']
[0.329s] Level 1:colcon.colcon_core.package_identification:_identify(src/prueba_4) by extension 'colcon_pkg'
[0.329s] Level 1:colcon.colcon_core.package_identification:_identify(src/prueba_4) by extensions ['colcon_meta']
[0.329s] Level 1:colcon.colcon_core.package_identification:_identify(src/prueba_4) by extension 'colcon_meta'
[0.329s] Level 1:colcon.colcon_core.package_identification:_identify(src/prueba_4) by extensions ['ros']
[0.329s] Level 1:colcon.colcon_core.package_identification:_identify(src/prueba_4) by extension 'ros'
[0.329s] DEBUG:colcon.colcon_core.package_identification:Failed to parse potential ROS package manifest in'src/prueba_4': Error(s) in package 'src/prueba_4/package.xml':
The manifest contains invalid XML:
junk after document element: line 3, column 0
[0.330s] Level 1:colcon.colcon_core.package_identification:_identify(src/prueba_4) by extensions ['cmake', 'python']
[0.330s] Level 1:colcon.colcon_core.package_identification:_identify(src/prueba_4) by extension 'cmake'
[0.330s] Level 1:colcon.colcon_core.package_identification:_identify(src/prueba_4) by extension 'python'
[0.330s] DEBUG:colcon.colcon_core.package_identification:Python package in 'src/prueba_4' passes arguments to the setup() function which requires a different identification extension than 'python'
[0.330s] Level 1:colcon.colcon_core.package_identification:_identify(src/prueba_4) by extensions ['python_setup_py']
[0.330s] Level 1:colcon.colcon_core.package_identification:_identify(src/prueba_4) by extension 'python_setup_py'
[0.605s] DEBUG:colcon.colcon_core.package_identification:Package 'src/prueba_4' with type 'python' and name 'prueba_4'
[0.605s] Level 1:colcon.colcon_core.package_identification:_identify(src/very_simple_robot_simulator) by extensions ['ignore', 'ignore_ament_install']
[0.605s] Level 1:colcon.colcon_core.package_identification:_identify(src/very_simple_robot_simulator) by extension 'ignore'
[0.605s] Level 1:colcon.colcon_core.package_identification:_identify(src/very_simple_robot_simulator) by extension 'ignore_ament_install'
[0.605s] Level 1:colcon.colcon_core.package_identification:_identify(src/very_simple_robot_simulator) by extensions ['colcon_pkg']
[0.605s] Level 1:colcon.colcon_core.package_identification:_identify(src/very_simple_robot_simulator) by extension 'colcon_pkg'
[0.605s] Level 1:colcon.colcon_core.package_identification:_identify(src/very_simple_robot_simulator) by extensions ['colcon_meta']
[0.605s] Level 1:colcon.colcon_core.package_identification:_identify(src/very_simple_robot_simulator) by extension 'colcon_meta'
[0.605s] Level 1:colcon.colcon_core.package_identification:_identify(src/very_simple_robot_simulator) by extensions ['ros']
[0.605s] Level 1:colcon.colcon_core.package_identification:_identify(src/very_simple_robot_simulator) by extension 'ros'
[0.606s] DEBUG:colcon.colcon_core.package_identification:Package 'src/very_simple_robot_simulator' with type 'ros.ament_cmake' and name 'very_simple_robot_simulator'
[0.606s] Level 1:colcon.colcon_core.package_discovery:discover_packages(recursive) using defaults
[0.606s] Level 1:colcon.colcon_core.package_discovery:discover_packages(ignore) discover
[0.607s] Level 1:colcon.colcon_core.package_discovery:discover_packages(ignore) using defaults
[0.607s] Level 1:colcon.colcon_core.package_discovery:discover_packages(path) discover
[0.607s] Level 1:colcon.colcon_core.package_discovery:discover_packages(path) using defaults
[0.644s] Level 1:colcon.colcon_core.package_discovery:discover_packages(prefix_path) check parameters
[0.644s] Level 1:colcon.colcon_core.package_discovery:discover_packages(prefix_path) discover
[0.646s] DEBUG:colcon.colcon_installed_package_information.package_discovery:Found 3 installed packages in /home/paulo/universidad/5to_semestre/robotica_movil/ros2_ws_lab_1/install
[0.647s] DEBUG:colcon.colcon_installed_package_information.package_discovery:Found 0 installed packages in /home/paulo/universidad/5to_semestre/robotica_movil/ros2_ws_mini_tarea_1/install
[0.648s] DEBUG:colcon.colcon_installed_package_information.package_discovery:Found 274 installed packages in /opt/ros/humble
[0.650s] Level 1:colcon.colcon_core.package_discovery:discover_packages(prefix_path) using defaults
[0.695s] Level 5:colcon.colcon_core.verb:set package 'cmd_vel_mux' build argument 'cmake_args' from command line to 'None'
[0.695s] Level 5:colcon.colcon_core.verb:set package 'cmd_vel_mux' build argument 'cmake_target' from command line to 'None'
[0.695s] Level 5:colcon.colcon_core.verb:set package 'cmd_vel_mux' build argument 'cmake_target_skip_unavailable' from command line to 'False'
[0.695s] Level 5:colcon.colcon_core.verb:set package 'cmd_vel_mux' build argument 'cmake_clean_cache' from command line to 'False'
[0.695s] Level 5:colcon.colcon_core.verb:set package 'cmd_vel_mux' build argument 'cmake_clean_first' from command line to 'False'
[0.695s] Level 5:colcon.colcon_core.verb:set package 'cmd_vel_mux' build argument 'cmake_force_configure' from command line to 'False'
[0.695s] Level 5:colcon.colcon_core.verb:set package 'cmd_vel_mux' build argument 'ament_cmake_args' from command line to 'None'
[0.695s] Level 5:colcon.colcon_core.verb:set package 'cmd_vel_mux' build argument 'catkin_cmake_args' from command line to 'None'
[0.695s] Level 5:colcon.colcon_core.verb:set package 'cmd_vel_mux' build argument 'catkin_skip_building_tests' from command line to 'False'
[0.695s] DEBUG:colcon.colcon_core.verb:Building package 'cmd_vel_mux' with the following arguments: {'ament_cmake_args': None, 'build_base': '/home/paulo/universidad/5to_semestre/robotica_movil/ros2_ws_lab_1/build/cmd_vel_mux', 'catkin_cmake_args': None, 'catkin_skip_building_tests': False, 'cmake_args': None, 'cmake_clean_cache': False, 'cmake_clean_first': False, 'cmake_force_configure': False, 'cmake_target': None, 'cmake_target_skip_unavailable': False, 'install_base': '/home/paulo/universidad/5to_semestre/robotica_movil/ros2_ws_lab_1/install/cmd_vel_mux', 'merge_install': False, 'path': '/home/paulo/universidad/5to_semestre/robotica_movil/ros2_ws_lab_1/src/cmd_vel_mux', 'symlink_install': True, 'test_result_base': None}
[0.695s] Level 5:colcon.colcon_core.verb:set package 'prueba_4' build argument 'cmake_args' from command line to 'None'
[0.695s] Level 5:colcon.colcon_core.verb:set package 'prueba_4' build argument 'cmake_target' from command line to 'None'
[0.696s] Level 5:colcon.colcon_core.verb:set package 'prueba_4' build argument 'cmake_target_skip_unavailable' from command line to 'False'
[0.696s] Level 5:colcon.colcon_core.verb:set package 'prueba_4' build argument 'cmake_clean_cache' from command line to 'False'
[0.696s] Level 5:colcon.colcon_core.verb:set package 'prueba_4' build argument 'cmake_clean_first' from command line to 'False'
[0.696s] Level 5:colcon.colcon_core.verb:set package 'prueba_4' build argument 'cmake_force_configure' from command line to 'False'
[0.696s] Level 5:colcon.colcon_core.verb:set package 'prueba_4' build argument 'ament_cmake_args' from command line to 'None'
[0.696s] Level 5:colcon.colcon_core.verb:set package 'prueba_4' build argument 'catkin_cmake_args' from command line to 'None'
[0.696s] Level 5:colcon.colcon_core.verb:set package 'prueba_4' build argument 'catkin_skip_building_tests' from command line to 'False'
[0.696s] DEBUG:colcon.colcon_core.verb:Building package 'prueba_4' with the following arguments: {'ament_cmake_args': None, 'build_base': '/home/paulo/universidad/5to_semestre/robotica_movil/ros2_ws_lab_1/build/prueba_4', 'catkin_cmake_args': None, 'catkin_skip_building_tests': False, 'cmake_args': None, 'cmake_clean_cache': False, 'cmake_clean_first': False, 'cmake_force_configure': False, 'cmake_target': None, 'cmake_target_skip_unavailable': False, 'install_base': '/home/paulo/universidad/5to_semestre/robotica_movil/ros2_ws_lab_1/install/prueba_4', 'merge_install': False, 'path': '/home/paulo/universidad/5to_semestre/robotica_movil/ros2_ws_lab_1/src/prueba_4', 'symlink_install': True, 'test_result_base': None}
[0.696s] Level 5:colcon.colcon_core.verb:set package 'very_simple_robot_simulator' build argument 'cmake_args' from command line to 'None'
[0.696s] Level 5:colcon.colcon_core.verb:set package 'very_simple_robot_simulator' build argument 'cmake_target' from command line to 'None'
[0.696s] Level 5:colcon.colcon_core.verb:set package 'very_simple_robot_simulator' build argument 'cmake_target_skip_unavailable' from command line to 'False'
[0.696s] Level 5:colcon.colcon_core.verb:set package 'very_simple_robot_simulator' build argument 'cmake_clean_cache' from command line to 'False'
[0.696s] Level 5:colcon.colcon_core.verb:set package 'very_simple_robot_simulator' build argument 'cmake_clean_first' from command line to 'False'
[0.696s] Level 5:colcon.colcon_core.verb:set package 'very_simple_robot_simulator' build argument 'cmake_force_configure' from command line to 'False'
[0.696s] Level 5:colcon.colcon_core.verb:set package 'very_simple_robot_simulator' build argument 'ament_cmake_args' from command line to 'None'
[0.696s] Level 5:colcon.colcon_core.verb:set package 'very_simple_robot_simulator' build argument 'catkin_cmake_args' from command line to 'None'
[0.696s] Level 5:colcon.colcon_core.verb:set package 'very_simple_robot_simulator' build argument 'catkin_skip_building_tests' from command line to 'False'
[0.696s] DEBUG:colcon.colcon_core.verb:Building package 'very_simple_robot_simulator' with the following arguments: {'ament_cmake_args': None, 'build_base': '/home/paulo/universidad/5to_semestre/robotica_movil/ros2_ws_lab_1/build/very_simple_robot_simulator', 'catkin_cmake_args': None, 'catkin_skip_building_tests': False, 'cmake_args': None, 'cmake_clean_cache': False, 'cmake_clean_first': False, 'cmake_force_configure': False, 'cmake_target': None, 'cmake_target_skip_unavailable': False, 'install_base': '/home/paulo/universidad/5to_semestre/robotica_movil/ros2_ws_lab_1/install/very_simple_robot_simulator', 'merge_install': False, 'path': '/home/paulo/universidad/5to_semestre/robotica_movil/ros2_ws_lab_1/src/very_simple_robot_simulator', 'symlink_install': True, 'test_result_base': None}
[0.697s] INFO:colcon.colcon_core.executor:Executing jobs using 'parallel' executor
[0.698s] DEBUG:colcon.colcon_parallel_executor.executor.parallel:run_until_complete
[0.698s] INFO:colcon.colcon_ros.task.ament_cmake.build:Building ROS package in '/home/paulo/universidad/5to_semestre/robotica_movil/ros2_ws_lab_1/src/cmd_vel_mux' with build type 'ament_cmake'
[0.698s] INFO:colcon.colcon_cmake.task.cmake.build:Building CMake package in '/home/paulo/universidad/5to_semestre/robotica_movil/ros2_ws_lab_1/src/cmd_vel_mux'
[0.700s] INFO:colcon.colcon_core.plugin_system:Skipping extension 'colcon_core.shell.bat': Not used on non-Windows systems
[0.701s] INFO:colcon.colcon_core.shell:Skip shell extension 'powershell' for command environment: Not usable outside of PowerShell
[0.701s] DEBUG:colcon.colcon_core.shell:Skip shell extension 'dsv' for command environment
[0.707s] INFO:colcon.colcon_core.task.python.build:Building Python package in '/home/paulo/universidad/5to_semestre/robotica_movil/ros2_ws_lab_1/src/prueba_4'
[0.707s] INFO:colcon.colcon_core.shell:Skip shell extension 'powershell' for command environment: Not usable outside of PowerShell
[0.707s] DEBUG:colcon.colcon_core.shell:Skip shell extension 'dsv' for command environment
[0.712s] INFO:colcon.colcon_ros.task.ament_cmake.build:Building ROS package in '/home/paulo/universidad/5to_semestre/robotica_movil/ros2_ws_lab_1/src/very_simple_robot_simulator' with build type 'ament_cmake'
[0.712s] INFO:colcon.colcon_cmake.task.cmake.build:Building CMake package in '/home/paulo/universidad/5to_semestre/robotica_movil/ros2_ws_lab_1/src/very_simple_robot_simulator'
[0.713s] INFO:colcon.colcon_core.shell:Skip shell extension 'powershell' for command environment: Not usable outside of PowerShell
[0.713s] DEBUG:colcon.colcon_core.shell:Skip shell extension 'dsv' for command environment
[0.723s] DEBUG:colcon.colcon_core.event_handler.log_command:Invoking command in '/home/paulo/universidad/5to_semestre/robotica_movil/ros2_ws_lab_1/build/cmd_vel_mux': CMAKE_PREFIX_PATH=${CMAKE_PREFIX_PATH}:/opt/ros/humble /usr/bin/cmake --build /home/paulo/universidad/5to_semestre/robotica_movil/ros2_ws_lab_1/build/cmd_vel_mux -- -j8 -l8
[1.034s] DEBUG:colcon.colcon_core.event_handler.log_command:Invoking command in '/home/paulo/universidad/5to_semestre/robotica_movil/ros2_ws_lab_1/build/very_simple_robot_simulator': CMAKE_PREFIX_PATH=${CMAKE_PREFIX_PATH}:/opt/ros/humble /usr/bin/cmake --build /home/paulo/universidad/5to_semestre/robotica_movil/ros2_ws_lab_1/build/very_simple_robot_simulator -- -j8 -l8
[1.035s] DEBUG:colcon.colcon_core.event_handler.log_command:Invoked command in '/home/paulo/universidad/5to_semestre/robotica_movil/ros2_ws_lab_1/build/cmd_vel_mux' returned '0': CMAKE_PREFIX_PATH=${CMAKE_PREFIX_PATH}:/opt/ros/humble /usr/bin/cmake --build /home/paulo/universidad/5to_semestre/robotica_movil/ros2_ws_lab_1/build/cmd_vel_mux -- -j8 -l8
[1.045s] DEBUG:colcon.colcon_core.event_handler.log_command:Invoking command in '/home/paulo/universidad/5to_semestre/robotica_movil/ros2_ws_lab_1/build/cmd_vel_mux': CMAKE_PREFIX_PATH=${CMAKE_PREFIX_PATH}:/opt/ros/humble /usr/bin/cmake --install /home/paulo/universidad/5to_semestre/robotica_movil/ros2_ws_lab_1/build/cmd_vel_mux
[1.074s] Level 1:colcon.colcon_core.environment:create_environment_scripts_only(cmd_vel_mux)
[1.075s] DEBUG:colcon.colcon_core.event_handler.log_command:Invoked command in '/home/paulo/universidad/5to_semestre/robotica_movil/ros2_ws_lab_1/build/cmd_vel_mux' returned '0': CMAKE_PREFIX_PATH=${CMAKE_PREFIX_PATH}:/opt/ros/humble /usr/bin/cmake --install /home/paulo/universidad/5to_semestre/robotica_movil/ros2_ws_lab_1/build/cmd_vel_mux
[1.079s] Level 1:colcon.colcon_core.environment:checking '/home/paulo/universidad/5to_semestre/robotica_movil/ros2_ws_lab_1/install/cmd_vel_mux' for CMake module files
[1.080s] Level 1:colcon.colcon_core.environment:checking '/home/paulo/universidad/5to_semestre/robotica_movil/ros2_ws_lab_1/install/cmd_vel_mux' for CMake config files
[1.080s] Level 1:colcon.colcon_core.shell:create_environment_hook('cmd_vel_mux', 'cmake_prefix_path')
[1.080s] INFO:colcon.colcon_core.shell:Creating environment hook '/home/paulo/universidad/5to_semestre/robotica_movil/ros2_ws_lab_1/install/cmd_vel_mux/share/cmd_vel_mux/hook/cmake_prefix_path.ps1'
[1.082s] INFO:colcon.colcon_core.shell:Creating environment descriptor '/home/paulo/universidad/5to_semestre/robotica_movil/ros2_ws_lab_1/install/cmd_vel_mux/share/cmd_vel_mux/hook/cmake_prefix_path.dsv'
[1.083s] INFO:colcon.colcon_core.shell:Creating environment hook '/home/paulo/universidad/5to_semestre/robotica_movil/ros2_ws_lab_1/install/cmd_vel_mux/share/cmd_vel_mux/hook/cmake_prefix_path.sh'
[1.085s] Level 1:colcon.colcon_core.environment:checking '/home/paulo/universidad/5to_semestre/robotica_movil/ros2_ws_lab_1/install/cmd_vel_mux/lib'
[1.086s] Level 1:colcon.colcon_core.shell:create_environment_hook('cmd_vel_mux', 'ld_library_path_lib')
[1.086s] INFO:colcon.colcon_core.shell:Creating environment hook '/home/paulo/universidad/5to_semestre/robotica_movil/ros2_ws_lab_1/install/cmd_vel_mux/share/cmd_vel_mux/hook/ld_library_path_lib.ps1'
[1.087s] INFO:colcon.colcon_core.shell:Creating environment descriptor '/home/paulo/universidad/5to_semestre/robotica_movil/ros2_ws_lab_1/install/cmd_vel_mux/share/cmd_vel_mux/hook/ld_library_path_lib.dsv'
[1.087s] INFO:colcon.colcon_core.shell:Creating environment hook '/home/paulo/universidad/5to_semestre/robotica_movil/ros2_ws_lab_1/install/cmd_vel_mux/share/cmd_vel_mux/hook/ld_library_path_lib.sh'
[1.088s] Level 1:colcon.colcon_core.environment:checking '/home/paulo/universidad/5to_semestre/robotica_movil/ros2_ws_lab_1/install/cmd_vel_mux/bin'
[1.088s] Level 1:colcon.colcon_core.environment:checking '/home/paulo/universidad/5to_semestre/robotica_movil/ros2_ws_lab_1/install/cmd_vel_mux/lib/pkgconfig/cmd_vel_mux.pc'
[1.089s] Level 1:colcon.colcon_core.environment:checking '/home/paulo/universidad/5to_semestre/robotica_movil/ros2_ws_lab_1/install/cmd_vel_mux/lib/python3.10/site-packages'
[1.089s] Level 1:colcon.colcon_core.environment:checking '/home/paulo/universidad/5to_semestre/robotica_movil/ros2_ws_lab_1/install/cmd_vel_mux/bin'
[1.090s] INFO:colcon.colcon_core.shell:Creating package script '/home/paulo/universidad/5to_semestre/robotica_movil/ros2_ws_lab_1/install/cmd_vel_mux/share/cmd_vel_mux/package.ps1'
[1.092s] INFO:colcon.colcon_core.shell:Creating package descriptor '/home/paulo/universidad/5to_semestre/robotica_movil/ros2_ws_lab_1/install/cmd_vel_mux/share/cmd_vel_mux/package.dsv'
[1.093s] INFO:colcon.colcon_core.shell:Creating package script '/home/paulo/universidad/5to_semestre/robotica_movil/ros2_ws_lab_1/install/cmd_vel_mux/share/cmd_vel_mux/package.sh'
[1.095s] INFO:colcon.colcon_core.shell:Creating package script '/home/paulo/universidad/5to_semestre/robotica_movil/ros2_ws_lab_1/install/cmd_vel_mux/share/cmd_vel_mux/package.bash'
[1.096s] INFO:colcon.colcon_core.shell:Creating package script '/home/paulo/universidad/5to_semestre/robotica_movil/ros2_ws_lab_1/install/cmd_vel_mux/share/cmd_vel_mux/package.zsh'
[1.097s] Level 1:colcon.colcon_core.environment:create_file_with_runtime_dependencies(/home/paulo/universidad/5to_semestre/robotica_movil/ros2_ws_lab_1/install/cmd_vel_mux/share/colcon-core/packages/cmd_vel_mux)
[1.098s] Level 1:colcon.colcon_core.environment:create_environment_scripts_only(cmd_vel_mux)
[1.098s] Level 1:colcon.colcon_core.environment:checking '/home/paulo/universidad/5to_semestre/robotica_movil/ros2_ws_lab_1/install/cmd_vel_mux' for CMake module files
[1.099s] Level 1:colcon.colcon_core.environment:checking '/home/paulo/universidad/5to_semestre/robotica_movil/ros2_ws_lab_1/install/cmd_vel_mux' for CMake config files
[1.100s] Level 1:colcon.colcon_core.shell:create_environment_hook('cmd_vel_mux', 'cmake_prefix_path')
[1.100s] INFO:colcon.colcon_core.shell:Creating environment hook '/home/paulo/universidad/5to_semestre/robotica_movil/ros2_ws_lab_1/install/cmd_vel_mux/share/cmd_vel_mux/hook/cmake_prefix_path.ps1'
[1.101s] INFO:colcon.colcon_core.shell:Creating environment descriptor '/home/paulo/universidad/5to_semestre/robotica_movil/ros2_ws_lab_1/install/cmd_vel_mux/share/cmd_vel_mux/hook/cmake_prefix_path.dsv'
[1.101s] INFO:colcon.colcon_core.shell:Creating environment hook '/home/paulo/universidad/5to_semestre/robotica_movil/ros2_ws_lab_1/install/cmd_vel_mux/share/cmd_vel_mux/hook/cmake_prefix_path.sh'
[1.102s] Level 1:colcon.colcon_core.environment:checking '/home/paulo/universidad/5to_semestre/robotica_movil/ros2_ws_lab_1/install/cmd_vel_mux/lib'
[1.102s] Level 1:colcon.colcon_core.shell:create_environment_hook('cmd_vel_mux', 'ld_library_path_lib')
[1.102s] INFO:colcon.colcon_core.shell:Creating environment hook '/home/paulo/universidad/5to_semestre/robotica_movil/ros2_ws_lab_1/install/cmd_vel_mux/share/cmd_vel_mux/hook/ld_library_path_lib.ps1'
[1.103s] INFO:colcon.colcon_core.shell:Creating environment descriptor '/home/paulo/universidad/5to_semestre/robotica_movil/ros2_ws_lab_1/install/cmd_vel_mux/share/cmd_vel_mux/hook/ld_library_path_lib.dsv'
[1.103s] INFO:colcon.colcon_core.shell:Creating environment hook '/home/paulo/universidad/5to_semestre/robotica_movil/ros2_ws_lab_1/install/cmd_vel_mux/share/cmd_vel_mux/hook/ld_library_path_lib.sh'
[1.104s] Level 1:colcon.colcon_core.environment:checking '/home/paulo/universidad/5to_semestre/robotica_movil/ros2_ws_lab_1/install/cmd_vel_mux/bin'
[1.104s] Level 1:colcon.colcon_core.environment:checking '/home/paulo/universidad/5to_semestre/robotica_movil/ros2_ws_lab_1/install/cmd_vel_mux/lib/pkgconfig/cmd_vel_mux.pc'
[1.104s] Level 1:colcon.colcon_core.environment:checking '/home/paulo/universidad/5to_semestre/robotica_movil/ros2_ws_lab_1/install/cmd_vel_mux/lib/python3.10/site-packages'
[1.104s] Level 1:colcon.colcon_core.environment:checking '/home/paulo/universidad/5to_semestre/robotica_movil/ros2_ws_lab_1/install/cmd_vel_mux/bin'
[1.105s] INFO:colcon.colcon_core.shell:Creating package script '/home/paulo/universidad/5to_semestre/robotica_movil/ros2_ws_lab_1/install/cmd_vel_mux/share/cmd_vel_mux/package.ps1'
[1.105s] INFO:colcon.colcon_core.shell:Creating package descriptor '/home/paulo/universidad/5to_semestre/robotica_movil/ros2_ws_lab_1/install/cmd_vel_mux/share/cmd_vel_mux/package.dsv'
[1.106s] INFO:colcon.colcon_core.shell:Creating package script '/home/paulo/universidad/5to_semestre/robotica_movil/ros2_ws_lab_1/install/cmd_vel_mux/share/cmd_vel_mux/package.sh'
[1.107s] INFO:colcon.colcon_core.shell:Creating package script '/home/paulo/universidad/5to_semestre/robotica_movil/ros2_ws_lab_1/install/cmd_vel_mux/share/cmd_vel_mux/package.bash'
[1.107s] INFO:colcon.colcon_core.shell:Creating package script '/home/paulo/universidad/5to_semestre/robotica_movil/ros2_ws_lab_1/install/cmd_vel_mux/share/cmd_vel_mux/package.zsh'
[1.108s] Level 1:colcon.colcon_core.environment:create_file_with_runtime_dependencies(/home/paulo/universidad/5to_semestre/robotica_movil/ros2_ws_lab_1/install/cmd_vel_mux/share/colcon-core/packages/cmd_vel_mux)
[1.455s] DEBUG:colcon.colcon_core.event_handler.log_command:Invoking command in '/home/paulo/universidad/5to_semestre/robotica_movil/ros2_ws_lab_1/build/prueba_4': PYTHONPATH=/home/paulo/universidad/5to_semestre/robotica_movil/ros2_ws_lab_1/build/prueba_4/prefix_override:/usr/lib/python3/dist-packages/colcon_core/task/python/colcon_distutils_commands:/home/paulo/universidad/5to_semestre/robotica_movil/ros2_ws_lab_1/install/prueba_4/lib/python3.10/site-packages:${PYTHONPATH} /usr/bin/python3 -W ignore:setup.py install is deprecated -W ignore:easy_install command is deprecated setup.py develop --editable --build-directory /home/paulo/universidad/5to_semestre/robotica_movil/ros2_ws_lab_1/build/prueba_4/build --no-deps symlink_data
[1.465s] DEBUG:colcon.colcon_core.event_handler.log_command:Invoked command in '/home/paulo/universidad/5to_semestre/robotica_movil/ros2_ws_lab_1/build/very_simple_robot_simulator' returned '0': CMAKE_PREFIX_PATH=${CMAKE_PREFIX_PATH}:/opt/ros/humble /usr/bin/cmake --build /home/paulo/universidad/5to_semestre/robotica_movil/ros2_ws_lab_1/build/very_simple_robot_simulator -- -j8 -l8
[1.468s] DEBUG:colcon.colcon_core.event_handler.log_command:Invoking command in '/home/paulo/universidad/5to_semestre/robotica_movil/ros2_ws_lab_1/build/very_simple_robot_simulator': CMAKE_PREFIX_PATH=${CMAKE_PREFIX_PATH}:/opt/ros/humble /usr/bin/cmake --install /home/paulo/universidad/5to_semestre/robotica_movil/ros2_ws_lab_1/build/very_simple_robot_simulator
[1.549s] Level 1:colcon.colcon_core.environment:create_environment_scripts_only(very_simple_robot_simulator)
[1.549s] Level 1:colcon.colcon_core.environment:checking '/home/paulo/universidad/5to_semestre/robotica_movil/ros2_ws_lab_1/install/very_simple_robot_simulator' for CMake module files
[1.550s] DEBUG:colcon.colcon_core.event_handler.log_command:Invoked command in '/home/paulo/universidad/5to_semestre/robotica_movil/ros2_ws_lab_1/build/very_simple_robot_simulator' returned '0': CMAKE_PREFIX_PATH=${CMAKE_PREFIX_PATH}:/opt/ros/humble /usr/bin/cmake --install /home/paulo/universidad/5to_semestre/robotica_movil/ros2_ws_lab_1/build/very_simple_robot_simulator
[1.550s] Level 1:colcon.colcon_core.environment:checking '/home/paulo/universidad/5to_semestre/robotica_movil/ros2_ws_lab_1/install/very_simple_robot_simulator' for CMake config files
[1.551s] Level 1:colcon.colcon_core.shell:create_environment_hook('very_simple_robot_simulator', 'cmake_prefix_path')
[1.551s] INFO:colcon.colcon_core.shell:Creating environment hook '/home/paulo/universidad/5to_semestre/robotica_movil/ros2_ws_lab_1/install/very_simple_robot_simulator/share/very_simple_robot_simulator/hook/cmake_prefix_path.ps1'
[1.552s] INFO:colcon.colcon_core.shell:Creating environment descriptor '/home/paulo/universidad/5to_semestre/robotica_movil/ros2_ws_lab_1/install/very_simple_robot_simulator/share/very_simple_robot_simulator/hook/cmake_prefix_path.dsv'
[1.552s] INFO:colcon.colcon_core.shell:Creating environment hook '/home/paulo/universidad/5to_semestre/robotica_movil/ros2_ws_lab_1/install/very_simple_robot_simulator/share/very_simple_robot_simulator/hook/cmake_prefix_path.sh'
[1.553s] Level 1:colcon.colcon_core.environment:checking '/home/paulo/universidad/5to_semestre/robotica_movil/ros2_ws_lab_1/install/very_simple_robot_simulator/lib'
[1.553s] Level 1:colcon.colcon_core.environment:checking '/home/paulo/universidad/5to_semestre/robotica_movil/ros2_ws_lab_1/install/very_simple_robot_simulator/bin'
[1.553s] Level 1:colcon.colcon_core.environment:checking '/home/paulo/universidad/5to_semestre/robotica_movil/ros2_ws_lab_1/install/very_simple_robot_simulator/lib/pkgconfig/very_simple_robot_simulator.pc'
[1.553s] Level 1:colcon.colcon_core.environment:checking '/home/paulo/universidad/5to_semestre/robotica_movil/ros2_ws_lab_1/install/very_simple_robot_simulator/lib/python3.10/site-packages'
[1.553s] Level 1:colcon.colcon_core.environment:checking '/home/paulo/universidad/5to_semestre/robotica_movil/ros2_ws_lab_1/install/very_simple_robot_simulator/bin'
[1.554s] INFO:colcon.colcon_core.shell:Creating package script '/home/paulo/universidad/5to_semestre/robotica_movil/ros2_ws_lab_1/install/very_simple_robot_simulator/share/very_simple_robot_simulator/package.ps1'
[1.554s] INFO:colcon.colcon_core.shell:Creating package descriptor '/home/paulo/universidad/5to_semestre/robotica_movil/ros2_ws_lab_1/install/very_simple_robot_simulator/share/very_simple_robot_simulator/package.dsv'
[1.555s] INFO:colcon.colcon_core.shell:Creating package script '/home/paulo/universidad/5to_semestre/robotica_movil/ros2_ws_lab_1/install/very_simple_robot_simulator/share/very_simple_robot_simulator/package.sh'
[1.555s] INFO:colcon.colcon_core.shell:Creating package script '/home/paulo/universidad/5to_semestre/robotica_movil/ros2_ws_lab_1/install/very_simple_robot_simulator/share/very_simple_robot_simulator/package.bash'
[1.556s] INFO:colcon.colcon_core.shell:Creating package script '/home/paulo/universidad/5to_semestre/robotica_movil/ros2_ws_lab_1/install/very_simple_robot_simulator/share/very_simple_robot_simulator/package.zsh'
[1.556s] Level 1:colcon.colcon_core.environment:create_file_with_runtime_dependencies(/home/paulo/universidad/5to_semestre/robotica_movil/ros2_ws_lab_1/install/very_simple_robot_simulator/share/colcon-core/packages/very_simple_robot_simulator)
[1.557s] Level 1:colcon.colcon_core.environment:create_environment_scripts_only(very_simple_robot_simulator)
[1.557s] Level 1:colcon.colcon_core.environment:checking '/home/paulo/universidad/5to_semestre/robotica_movil/ros2_ws_lab_1/install/very_simple_robot_simulator' for CMake module files
[1.558s] Level 1:colcon.colcon_core.environment:checking '/home/paulo/universidad/5to_semestre/robotica_movil/ros2_ws_lab_1/install/very_simple_robot_simulator' for CMake config files
[1.558s] Level 1:colcon.colcon_core.shell:create_environment_hook('very_simple_robot_simulator', 'cmake_prefix_path')
[1.559s] INFO:colcon.colcon_core.shell:Creating environment hook '/home/paulo/universidad/5to_semestre/robotica_movil/ros2_ws_lab_1/install/very_simple_robot_simulator/share/very_simple_robot_simulator/hook/cmake_prefix_path.ps1'
[1.559s] INFO:colcon.colcon_core.shell:Creating environment descriptor '/home/paulo/universidad/5to_semestre/robotica_movil/ros2_ws_lab_1/install/very_simple_robot_simulator/share/very_simple_robot_simulator/hook/cmake_prefix_path.dsv'
[1.560s] INFO:colcon.colcon_core.shell:Creating environment hook '/home/paulo/universidad/5to_semestre/robotica_movil/ros2_ws_lab_1/install/very_simple_robot_simulator/share/very_simple_robot_simulator/hook/cmake_prefix_path.sh'
[1.560s] Level 1:colcon.colcon_core.environment:checking '/home/paulo/universidad/5to_semestre/robotica_movil/ros2_ws_lab_1/install/very_simple_robot_simulator/lib'
[1.560s] Level 1:colcon.colcon_core.environment:checking '/home/paulo/universidad/5to_semestre/robotica_movil/ros2_ws_lab_1/install/very_simple_robot_simulator/bin'
[1.560s] Level 1:colcon.colcon_core.environment:checking '/home/paulo/universidad/5to_semestre/robotica_movil/ros2_ws_lab_1/install/very_simple_robot_simulator/lib/pkgconfig/very_simple_robot_simulator.pc'
[1.561s] Level 1:colcon.colcon_core.environment:checking '/home/paulo/universidad/5to_semestre/robotica_movil/ros2_ws_lab_1/install/very_simple_robot_simulator/lib/python3.10/site-packages'
[1.561s] Level 1:colcon.colcon_core.environment:checking '/home/paulo/universidad/5to_semestre/robotica_movil/ros2_ws_lab_1/install/very_simple_robot_simulator/bin'
[1.561s] INFO:colcon.colcon_core.shell:Creating package script '/home/paulo/universidad/5to_semestre/robotica_movil/ros2_ws_lab_1/install/very_simple_robot_simulator/share/very_simple_robot_simulator/package.ps1'
[1.562s] INFO:colcon.colcon_core.shell:Creating package descriptor '/home/paulo/universidad/5to_semestre/robotica_movil/ros2_ws_lab_1/install/very_simple_robot_simulator/share/very_simple_robot_simulator/package.dsv'
[1.562s] INFO:colcon.colcon_core.shell:Creating package script '/home/paulo/universidad/5to_semestre/robotica_movil/ros2_ws_lab_1/install/very_simple_robot_simulator/share/very_simple_robot_simulator/package.sh'
[1.563s] INFO:colcon.colcon_core.shell:Creating package script '/home/paulo/universidad/5to_semestre/robotica_movil/ros2_ws_lab_1/install/very_simple_robot_simulator/share/very_simple_robot_simulator/package.bash'
[1.564s] INFO:colcon.colcon_core.shell:Creating package script '/home/paulo/universidad/5to_semestre/robotica_movil/ros2_ws_lab_1/install/very_simple_robot_simulator/share/very_simple_robot_simulator/package.zsh'
[1.564s] Level 1:colcon.colcon_core.environment:create_file_with_runtime_dependencies(/home/paulo/universidad/5to_semestre/robotica_movil/ros2_ws_lab_1/install/very_simple_robot_simulator/share/colcon-core/packages/very_simple_robot_simulator)
[2.074s] Level 1:colcon.colcon_core.shell:create_environment_hook('prueba_4', 'pythonpath_develop')
[2.074s] INFO:colcon.colcon_core.shell:Creating environment hook '/home/paulo/universidad/5to_semestre/robotica_movil/ros2_ws_lab_1/build/prueba_4/share/prueba_4/hook/pythonpath_develop.ps1'
[2.075s] DEBUG:colcon.colcon_core.event_handler.log_command:Invoked command in '/home/paulo/universidad/5to_semestre/robotica_movil/ros2_ws_lab_1/build/prueba_4' returned '0': PYTHONPATH=/home/paulo/universidad/5to_semestre/robotica_movil/ros2_ws_lab_1/build/prueba_4/prefix_override:/usr/lib/python3/dist-packages/colcon_core/task/python/colcon_distutils_commands:/home/paulo/universidad/5to_semestre/robotica_movil/ros2_ws_lab_1/install/prueba_4/lib/python3.10/site-packages:${PYTHONPATH} /usr/bin/python3 -W ignore:setup.py install is deprecated -W ignore:easy_install command is deprecated setup.py develop --editable --build-directory /home/paulo/universidad/5to_semestre/robotica_movil/ros2_ws_lab_1/build/prueba_4/build --no-deps symlink_data
[2.076s] INFO:colcon.colcon_core.shell:Creating environment descriptor '/home/paulo/universidad/5to_semestre/robotica_movil/ros2_ws_lab_1/build/prueba_4/share/prueba_4/hook/pythonpath_develop.dsv'
[2.077s] INFO:colcon.colcon_core.shell:Creating environment hook '/home/paulo/universidad/5to_semestre/robotica_movil/ros2_ws_lab_1/build/prueba_4/share/prueba_4/hook/pythonpath_develop.sh'
[2.078s] Level 1:colcon.colcon_core.environment:checking '/home/paulo/universidad/5to_semestre/robotica_movil/ros2_ws_lab_1/install/prueba_4' for CMake module files
[2.079s] Level 1:colcon.colcon_core.environment:checking '/home/paulo/universidad/5to_semestre/robotica_movil/ros2_ws_lab_1/install/prueba_4' for CMake config files
[2.079s] Level 1:colcon.colcon_core.environment:checking '/home/paulo/universidad/5to_semestre/robotica_movil/ros2_ws_lab_1/install/prueba_4/lib'
[2.079s] Level 1:colcon.colcon_core.environment:checking '/home/paulo/universidad/5to_semestre/robotica_movil/ros2_ws_lab_1/install/prueba_4/bin'
[2.080s] Level 1:colcon.colcon_core.environment:checking '/home/paulo/universidad/5to_semestre/robotica_movil/ros2_ws_lab_1/install/prueba_4/lib/pkgconfig/prueba_4.pc'
[2.080s] Level 1:colcon.colcon_core.environment:checking '/home/paulo/universidad/5to_semestre/robotica_movil/ros2_ws_lab_1/install/prueba_4/lib/python3.10/site-packages'
[2.080s] Level 1:colcon.colcon_core.shell:create_environment_hook('prueba_4', 'pythonpath')
[2.080s] INFO:colcon.colcon_core.shell:Creating environment hook '/home/paulo/universidad/5to_semestre/robotica_movil/ros2_ws_lab_1/install/prueba_4/share/prueba_4/hook/pythonpath.ps1'
[2.081s] INFO:colcon.colcon_core.shell:Creating environment descriptor '/home/paulo/universidad/5to_semestre/robotica_movil/ros2_ws_lab_1/install/prueba_4/share/prueba_4/hook/pythonpath.dsv'
[2.081s] INFO:colcon.colcon_core.shell:Creating environment hook '/home/paulo/universidad/5to_semestre/robotica_movil/ros2_ws_lab_1/install/prueba_4/share/prueba_4/hook/pythonpath.sh'
[2.082s] Level 1:colcon.colcon_core.environment:checking '/home/paulo/universidad/5to_semestre/robotica_movil/ros2_ws_lab_1/install/prueba_4/bin'
[2.082s] Level 1:colcon.colcon_core.environment:create_environment_scripts_only(prueba_4)
[2.083s] INFO:colcon.colcon_core.shell:Creating package script '/home/paulo/universidad/5to_semestre/robotica_movil/ros2_ws_lab_1/install/prueba_4/share/prueba_4/package.ps1'
[2.084s] INFO:colcon.colcon_core.shell:Creating package descriptor '/home/paulo/universidad/5to_semestre/robotica_movil/ros2_ws_lab_1/install/prueba_4/share/prueba_4/package.dsv'
[2.084s] INFO:colcon.colcon_core.shell:Creating package script '/home/paulo/universidad/5to_semestre/robotica_movil/ros2_ws_lab_1/install/prueba_4/share/prueba_4/package.sh'
[2.085s] INFO:colcon.colcon_core.shell:Creating package script '/home/paulo/universidad/5to_semestre/robotica_movil/ros2_ws_lab_1/install/prueba_4/share/prueba_4/package.bash'
[2.086s] INFO:colcon.colcon_core.shell:Creating package script '/home/paulo/universidad/5to_semestre/robotica_movil/ros2_ws_lab_1/install/prueba_4/share/prueba_4/package.zsh'
[2.086s] Level 1:colcon.colcon_core.environment:create_file_with_runtime_dependencies(/home/paulo/universidad/5to_semestre/robotica_movil/ros2_ws_lab_1/install/prueba_4/share/colcon-core/packages/prueba_4)
[2.086s] DEBUG:colcon.colcon_parallel_executor.executor.parallel:closing loop
[2.087s] DEBUG:colcon.colcon_parallel_executor.executor.parallel:loop closed
[2.087s] DEBUG:colcon.colcon_parallel_executor.executor.parallel:run_until_complete finished with '0'
[2.087s] DEBUG:colcon.colcon_core.event_reactor:joining thread
[2.094s] INFO:colcon.colcon_core.plugin_system:Skipping extension 'colcon_notification.desktop_notification.terminal_notifier': Not used on non-Darwin systems
[2.094s] INFO:colcon.colcon_core.plugin_system:Skipping extension 'colcon_notification.desktop_notification.win32': Not used on non-Windows systems
[2.094s] INFO:colcon.colcon_notification.desktop_notification:Sending desktop notification using 'notify2'
[2.111s] DEBUG:colcon.colcon_core.event_reactor:joined thread
[2.112s] INFO:colcon.colcon_core.shell:Creating prefix script '/home/paulo/universidad/5to_semestre/robotica_movil/ros2_ws_lab_1/install/local_setup.ps1'
[2.114s] INFO:colcon.colcon_core.shell:Creating prefix util module '/home/paulo/universidad/5to_semestre/robotica_movil/ros2_ws_lab_1/install/_local_setup_util_ps1.py'
[2.118s] INFO:colcon.colcon_core.shell:Creating prefix chain script '/home/paulo/universidad/5to_semestre/robotica_movil/ros2_ws_lab_1/install/setup.ps1'
[2.120s] INFO:colcon.colcon_core.shell:Creating prefix script '/home/paulo/universidad/5to_semestre/robotica_movil/ros2_ws_lab_1/install/local_setup.sh'
[2.120s] INFO:colcon.colcon_core.shell:Creating prefix util module '/home/paulo/universidad/5to_semestre/robotica_movil/ros2_ws_lab_1/install/_local_setup_util_sh.py'
[2.121s] INFO:colcon.colcon_core.shell:Creating prefix chain script '/home/paulo/universidad/5to_semestre/robotica_movil/ros2_ws_lab_1/install/setup.sh'
[2.124s] INFO:colcon.colcon_core.shell:Creating prefix script '/home/paulo/universidad/5to_semestre/robotica_movil/ros2_ws_lab_1/install/local_setup.bash'
[2.127s] INFO:colcon.colcon_core.shell:Creating prefix chain script '/home/paulo/universidad/5to_semestre/robotica_movil/ros2_ws_lab_1/install/setup.bash'
[2.128s] INFO:colcon.colcon_core.shell:Creating prefix script '/home/paulo/universidad/5to_semestre/robotica_movil/ros2_ws_lab_1/install/local_setup.zsh'
[2.129s] INFO:colcon.colcon_core.shell:Creating prefix chain script '/home/paulo/universidad/5to_semestre/robotica_movil/ros2_ws_lab_1/install/setup.zsh'
