[1.385s] Invoking command in '/home/paulo/universidad/5to_semestre/robotica_movil/ros2_ws_lab_1/build/very_simple_robot_simulator': CMAKE_PREFIX_PATH=${CMAKE_PREFIX_PATH}:/home/paulo/universidad/5to_semestre/robotica_movil/ros2_ws_lab_1/install/prueba_5:/home/paulo/universidad/5to_semestre/robotica_movil/Robotica_movil_grupo_8/ros2_ws_lab_1/install/prueba_5:/opt/ros/humble /usr/bin/cmake --build /home/paulo/universidad/5to_semestre/robotica_movil/ros2_ws_lab_1/build/very_simple_robot_simulator -- -j8 -l8
[1.720s] [  0%] Built target ament_cmake_python_symlink_very_simple_robot_simulator
[1.725s] [ 50%] Built target lidar_simulator
[1.750s] [100%] Built target kinect_simulator
[2.950s] running egg_info
[2.953s] writing very_simple_robot_simulator.egg-info/PKG-INFO
[2.954s] writing dependency_links to very_simple_robot_simulator.egg-info/dependency_links.txt
[2.955s] writing top-level names to very_simple_robot_simulator.egg-info/top_level.txt
[2.966s] reading manifest file 'very_simple_robot_simulator.egg-info/SOURCES.txt'
[2.969s] writing manifest file 'very_simple_robot_simulator.egg-info/SOURCES.txt'
[3.108s] [100%] Built target ament_cmake_python_build_very_simple_robot_simulator_egg
[3.151s] Invoked command in '/home/paulo/universidad/5to_semestre/robotica_movil/ros2_ws_lab_1/build/very_simple_robot_simulator' returned '0': CMAKE_PREFIX_PATH=${CMAKE_PREFIX_PATH}:/home/paulo/universidad/5to_semestre/robotica_movil/ros2_ws_lab_1/install/prueba_5:/home/paulo/universidad/5to_semestre/robotica_movil/Robotica_movil_grupo_8/ros2_ws_lab_1/install/prueba_5:/opt/ros/humble /usr/bin/cmake --build /home/paulo/universidad/5to_semestre/robotica_movil/ros2_ws_lab_1/build/very_simple_robot_simulator -- -j8 -l8
[3.157s] Invoking command in '/home/paulo/universidad/5to_semestre/robotica_movil/ros2_ws_lab_1/build/very_simple_robot_simulator': CMAKE_PREFIX_PATH=${CMAKE_PREFIX_PATH}:/home/paulo/universidad/5to_semestre/robotica_movil/ros2_ws_lab_1/install/prueba_5:/home/paulo/universidad/5to_semestre/robotica_movil/Robotica_movil_grupo_8/ros2_ws_lab_1/install/prueba_5:/opt/ros/humble /usr/bin/cmake --install /home/paulo/universidad/5to_semestre/robotica_movil/ros2_ws_lab_1/build/very_simple_robot_simulator
[3.186s] -- Install configuration: ""
[3.188s] -- Execute custom install script
[3.190s] -- Up-to-date symlink: /home/paulo/universidad/5to_semestre/robotica_movil/ros2_ws_lab_1/install/very_simple_robot_simulator/lib/very_simple_robot_simulator/kinect_simulator
[3.191s] -- Up-to-date symlink: /home/paulo/universidad/5to_semestre/robotica_movil/ros2_ws_lab_1/install/very_simple_robot_simulator/lib/very_simple_robot_simulator/lidar_simulator
[3.192s] -- Up-to-date symlink: /home/paulo/universidad/5to_semestre/robotica_movil/ros2_ws_lab_1/install/very_simple_robot_simulator/share/very_simple_robot_simulator/environment/pythonpath.sh
[3.193s] -- Up-to-date symlink: /home/paulo/universidad/5to_semestre/robotica_movil/ros2_ws_lab_1/install/very_simple_robot_simulator/share/very_simple_robot_simulator/environment/pythonpath.dsv
[3.194s] -- Up-to-date symlink: /home/paulo/universidad/5to_semestre/robotica_movil/ros2_ws_lab_1/install/very_simple_robot_simulator/local/lib/python3.10/dist-packages/very_simple_robot_simulator-0.0.0-py3.10.egg-info/PKG-INFO
[3.195s] -- Up-to-date symlink: /home/paulo/universidad/5to_semestre/robotica_movil/ros2_ws_lab_1/install/very_simple_robot_simulator/local/lib/python3.10/dist-packages/very_simple_robot_simulator-0.0.0-py3.10.egg-info/SOURCES.txt
[3.196s] -- Up-to-date symlink: /home/paulo/universidad/5to_semestre/robotica_movil/ros2_ws_lab_1/install/very_simple_robot_simulator/local/lib/python3.10/dist-packages/very_simple_robot_simulator-0.0.0-py3.10.egg-info/dependency_links.txt
[3.197s] -- Up-to-date symlink: /home/paulo/universidad/5to_semestre/robotica_movil/ros2_ws_lab_1/install/very_simple_robot_simulator/local/lib/python3.10/dist-packages/very_simple_robot_simulator-0.0.0-py3.10.egg-info/top_level.txt
[3.198s] -- Up-to-date symlink: /home/paulo/universidad/5to_semestre/robotica_movil/ros2_ws_lab_1/install/very_simple_robot_simulator/local/lib/python3.10/dist-packages/very_simple_robot_simulator/__init__.py
[3.199s] -- Up-to-date symlink: /home/paulo/universidad/5to_semestre/robotica_movil/ros2_ws_lab_1/install/very_simple_robot_simulator/lib/very_simple_robot_simulator/kinect_simulator.py
[3.200s] -- Up-to-date symlink: /home/paulo/universidad/5to_semestre/robotica_movil/ros2_ws_lab_1/install/very_simple_robot_simulator/lib/very_simple_robot_simulator/kobuki_simulator.py
[3.201s] -- Up-to-date symlink: /home/paulo/universidad/5to_semestre/robotica_movil/ros2_ws_lab_1/install/very_simple_robot_simulator/lib/very_simple_robot_simulator/lidar_simulator.py
[3.201s] -- Up-to-date symlink: /home/paulo/universidad/5to_semestre/robotica_movil/ros2_ws_lab_1/install/very_simple_robot_simulator/lib/very_simple_robot_simulator/rangefinder.py
[3.202s] -- Up-to-date symlink: /home/paulo/universidad/5to_semestre/robotica_movil/ros2_ws_lab_1/install/very_simple_robot_simulator/lib/very_simple_robot_simulator/utils.py
[3.202s] -- Up-to-date symlink: /home/paulo/universidad/5to_semestre/robotica_movil/ros2_ws_lab_1/install/very_simple_robot_simulator/lib/very_simple_robot_simulator/world_state_gui.py
[3.203s] -- Up-to-date symlink: /home/paulo/universidad/5to_semestre/robotica_movil/ros2_ws_lab_1/install/very_simple_robot_simulator/share/very_simple_robot_simulator//launch/lidar_simulator.xml
[3.204s] -- Up-to-date symlink: /home/paulo/universidad/5to_semestre/robotica_movil/ros2_ws_lab_1/install/very_simple_robot_simulator/share/very_simple_robot_simulator//launch/minimal_simulator.xml
[3.204s] -- Up-to-date symlink: /home/paulo/universidad/5to_semestre/robotica_movil/ros2_ws_lab_1/install/very_simple_robot_simulator/share/very_simple_robot_simulator//launch/minimal_simulator_py.xml
[3.205s] -- Up-to-date symlink: /home/paulo/universidad/5to_semestre/robotica_movil/ros2_ws_lab_1/install/very_simple_robot_simulator/share/very_simple_robot_simulator//launch/openni_simulator.xml
[3.206s] -- Up-to-date symlink: /home/paulo/universidad/5to_semestre/robotica_movil/ros2_ws_lab_1/install/very_simple_robot_simulator/share/very_simple_robot_simulator//launch/openni_simulator_py.xml
[3.207s] -- Up-to-date symlink: /home/paulo/universidad/5to_semestre/robotica_movil/ros2_ws_lab_1/install/very_simple_robot_simulator/share/very_simple_robot_simulator//launch/run_all.xml
[3.207s] -- Up-to-date symlink: /home/paulo/universidad/5to_semestre/robotica_movil/ros2_ws_lab_1/install/very_simple_robot_simulator/share/very_simple_robot_simulator//launch/world_state.xml
[3.208s] -- Up-to-date symlink: /home/paulo/universidad/5to_semestre/robotica_movil/ros2_ws_lab_1/install/very_simple_robot_simulator/share/ament_index/resource_index/package_run_dependencies/very_simple_robot_simulator
[3.208s] -- Up-to-date symlink: /home/paulo/universidad/5to_semestre/robotica_movil/ros2_ws_lab_1/install/very_simple_robot_simulator/share/ament_index/resource_index/parent_prefix_path/very_simple_robot_simulator
[3.210s] -- Up-to-date symlink: /home/paulo/universidad/5to_semestre/robotica_movil/ros2_ws_lab_1/install/very_simple_robot_simulator/share/very_simple_robot_simulator/environment/ament_prefix_path.sh
[3.211s] -- Up-to-date symlink: /home/paulo/universidad/5to_semestre/robotica_movil/ros2_ws_lab_1/install/very_simple_robot_simulator/share/very_simple_robot_simulator/environment/ament_prefix_path.dsv
[3.212s] -- Up-to-date symlink: /home/paulo/universidad/5to_semestre/robotica_movil/ros2_ws_lab_1/install/very_simple_robot_simulator/share/very_simple_robot_simulator/environment/path.sh
[3.213s] -- Up-to-date symlink: /home/paulo/universidad/5to_semestre/robotica_movil/ros2_ws_lab_1/install/very_simple_robot_simulator/share/very_simple_robot_simulator/environment/path.dsv
[3.214s] -- Up-to-date symlink: /home/paulo/universidad/5to_semestre/robotica_movil/ros2_ws_lab_1/install/very_simple_robot_simulator/share/very_simple_robot_simulator/local_setup.bash
[3.215s] -- Up-to-date symlink: /home/paulo/universidad/5to_semestre/robotica_movil/ros2_ws_lab_1/install/very_simple_robot_simulator/share/very_simple_robot_simulator/local_setup.sh
[3.215s] -- Up-to-date symlink: /home/paulo/universidad/5to_semestre/robotica_movil/ros2_ws_lab_1/install/very_simple_robot_simulator/share/very_simple_robot_simulator/local_setup.zsh
[3.217s] -- Up-to-date symlink: /home/paulo/universidad/5to_semestre/robotica_movil/ros2_ws_lab_1/install/very_simple_robot_simulator/share/very_simple_robot_simulator/local_setup.dsv
[3.217s] -- Symlinking: /home/paulo/universidad/5to_semestre/robotica_movil/ros2_ws_lab_1/install/very_simple_robot_simulator/share/very_simple_robot_simulator/package.dsv
[3.254s] -- Up-to-date symlink: /home/paulo/universidad/5to_semestre/robotica_movil/ros2_ws_lab_1/install/very_simple_robot_simulator/share/ament_index/resource_index/packages/very_simple_robot_simulator
[3.255s] -- Up-to-date symlink: /home/paulo/universidad/5to_semestre/robotica_movil/ros2_ws_lab_1/install/very_simple_robot_simulator/share/very_simple_robot_simulator/cmake/very_simple_robot_simulatorConfig.cmake
[3.255s] -- Up-to-date symlink: /home/paulo/universidad/5to_semestre/robotica_movil/ros2_ws_lab_1/install/very_simple_robot_simulator/share/very_simple_robot_simulator/cmake/very_simple_robot_simulatorConfig-version.cmake
[3.256s] -- Up-to-date symlink: /home/paulo/universidad/5to_semestre/robotica_movil/ros2_ws_lab_1/install/very_simple_robot_simulator/share/very_simple_robot_simulator/package.xml
[3.403s] Listing '/home/paulo/universidad/5to_semestre/robotica_movil/ros2_ws_lab_1/install/very_simple_robot_simulator/local/lib/python3.10/dist-packages/very_simple_robot_simulator'...
[3.429s] Invoked command in '/home/paulo/universidad/5to_semestre/robotica_movil/ros2_ws_lab_1/build/very_simple_robot_simulator' returned '0': CMAKE_PREFIX_PATH=${CMAKE_PREFIX_PATH}:/home/paulo/universidad/5to_semestre/robotica_movil/ros2_ws_lab_1/install/prueba_5:/home/paulo/universidad/5to_semestre/robotica_movil/Robotica_movil_grupo_8/ros2_ws_lab_1/install/prueba_5:/opt/ros/humble /usr/bin/cmake --install /home/paulo/universidad/5to_semestre/robotica_movil/ros2_ws_lab_1/build/very_simple_robot_simulator
