[0.663s] DEBUG:colcon:Command line arguments: ['/usr/bin/colcon', 'build']
[0.663s] DEBUG:colcon:Parsed command line arguments: Namespace(log_base=None, log_level=None, verb_name='build', build_base='build', install_base='install', merge_install=False, symlink_install=False, test_result_base=None, continue_on_error=False, executor='parallel', parallel_workers=8, event_handlers=None, ignore_user_meta=False, metas=['./colcon.meta'], base_paths=['.'], packages_ignore=None, packages_ignore_regex=None, paths=None, packages_up_to=None, packages_up_to_regex=None, packages_above=None, packages_above_and_dependencies=None, packages_above_depth=None, packages_select_by_dep=None, packages_skip_by_dep=None, packages_skip_up_to=None, packages_select_build_failed=False, packages_skip_build_finished=False, packages_select_test_failures=False, packages_skip_test_passed=False, packages_select=None, packages_skip=None, packages_select_regex=None, packages_skip_regex=None, packages_start=None, packages_end=None, allow_overriding=[], cmake_args=None, cmake_target=None, cmake_target_skip_unavailable=False, cmake_clean_cache=False, cmake_clean_first=False, cmake_force_configure=False, ament_cmake_args=None, catkin_cmake_args=None, catkin_skip_building_tests=False, mixin_files=None, mixin=None, verb_parser=<colcon_mixin.mixin.mixin_argument.MixinArgumentDecorator object at 0x73b1d8846410>, verb_extension=<colcon_core.verb.build.BuildVerb object at 0x73b1d89cfdf0>, main=<bound method BuildVerb.main of <colcon_core.verb.build.BuildVerb object at 0x73b1d89cfdf0>>, mixin_verb=('build',))
[1.631s] Level 1:colcon.colcon_core.package_discovery:discover_packages(colcon_meta) check parameters
[1.632s] Level 1:colcon.colcon_core.package_discovery:discover_packages(recursive) check parameters
[1.632s] Level 1:colcon.colcon_core.package_discovery:discover_packages(ignore) check parameters
[1.632s] Level 1:colcon.colcon_core.package_discovery:discover_packages(path) check parameters
[1.632s] Level 1:colcon.colcon_core.package_discovery:discover_packages(colcon_meta) discover
[1.632s] Level 1:colcon.colcon_core.package_discovery:discover_packages(recursive) discover
[1.633s] INFO:colcon.colcon_core.package_discovery:Crawling recursively for packages in '/home/paulo/universidad/5to_semestre/robotica_movil/ros2_ws_lab_1'
[1.633s] Level 1:colcon.colcon_core.package_identification:_identify(.) by extensions ['ignore', 'ignore_ament_install']
[1.633s] Level 1:colcon.colcon_core.package_identification:_identify(.) by extension 'ignore'
[1.634s] Level 1:colcon.colcon_core.package_identification:_identify(.) by extension 'ignore_ament_install'
[1.634s] Level 1:colcon.colcon_core.package_identification:_identify(.) by extensions ['colcon_pkg']
[1.634s] Level 1:colcon.colcon_core.package_identification:_identify(.) by extension 'colcon_pkg'
[1.634s] Level 1:colcon.colcon_core.package_identification:_identify(.) by extensions ['colcon_meta']
[1.634s] Level 1:colcon.colcon_core.package_identification:_identify(.) by extension 'colcon_meta'
[1.635s] Level 1:colcon.colcon_core.package_identification:_identify(.) by extensions ['ros']
[1.635s] Level 1:colcon.colcon_core.package_identification:_identify(.) by extension 'ros'
[1.680s] Level 1:colcon.colcon_core.package_identification:_identify(.) by extensions ['cmake', 'python']
[1.680s] Level 1:colcon.colcon_core.package_identification:_identify(.) by extension 'cmake'
[1.680s] Level 1:colcon.colcon_core.package_identification:_identify(.) by extension 'python'
[1.680s] Level 1:colcon.colcon_core.package_identification:_identify(.) by extensions ['python_setup_py']
[1.681s] Level 1:colcon.colcon_core.package_identification:_identify(.) by extension 'python_setup_py'
[1.681s] Level 1:colcon.colcon_core.package_identification:_identify(build) by extensions ['ignore', 'ignore_ament_install']
[1.681s] Level 1:colcon.colcon_core.package_identification:_identify(build) by extension 'ignore'
[1.682s] Level 1:colcon.colcon_core.package_identification:_identify(build) ignored
[1.682s] Level 1:colcon.colcon_core.package_identification:_identify(install) by extensions ['ignore', 'ignore_ament_install']
[1.683s] Level 1:colcon.colcon_core.package_identification:_identify(install) by extension 'ignore'
[1.683s] Level 1:colcon.colcon_core.package_identification:_identify(install) ignored
[1.684s] Level 1:colcon.colcon_core.package_identification:_identify(log) by extensions ['ignore', 'ignore_ament_install']
[1.684s] Level 1:colcon.colcon_core.package_identification:_identify(log) by extension 'ignore'
[1.684s] Level 1:colcon.colcon_core.package_identification:_identify(log) ignored
[1.685s] Level 1:colcon.colcon_core.package_identification:_identify(src) by extensions ['ignore', 'ignore_ament_install']
[1.685s] Level 1:colcon.colcon_core.package_identification:_identify(src) by extension 'ignore'
[1.685s] Level 1:colcon.colcon_core.package_identification:_identify(src) by extension 'ignore_ament_install'
[1.685s] Level 1:colcon.colcon_core.package_identification:_identify(src) by extensions ['colcon_pkg']
[1.686s] Level 1:colcon.colcon_core.package_identification:_identify(src) by extension 'colcon_pkg'
[1.686s] Level 1:colcon.colcon_core.package_identification:_identify(src) by extensions ['colcon_meta']
[1.686s] Level 1:colcon.colcon_core.package_identification:_identify(src) by extension 'colcon_meta'
[1.686s] Level 1:colcon.colcon_core.package_identification:_identify(src) by extensions ['ros']
[1.686s] Level 1:colcon.colcon_core.package_identification:_identify(src) by extension 'ros'
[1.687s] Level 1:colcon.colcon_core.package_identification:_identify(src) by extensions ['cmake', 'python']
[1.687s] Level 1:colcon.colcon_core.package_identification:_identify(src) by extension 'cmake'
[1.687s] Level 1:colcon.colcon_core.package_identification:_identify(src) by extension 'python'
[1.687s] Level 1:colcon.colcon_core.package_identification:_identify(src) by extensions ['python_setup_py']
[1.687s] Level 1:colcon.colcon_core.package_identification:_identify(src) by extension 'python_setup_py'
[1.688s] Level 1:colcon.colcon_core.package_identification:_identify(src/cmd_vel_mux) by extensions ['ignore', 'ignore_ament_install']
[1.688s] Level 1:colcon.colcon_core.package_identification:_identify(src/cmd_vel_mux) by extension 'ignore'
[1.688s] Level 1:colcon.colcon_core.package_identification:_identify(src/cmd_vel_mux) by extension 'ignore_ament_install'
[1.689s] Level 1:colcon.colcon_core.package_identification:_identify(src/cmd_vel_mux) by extensions ['colcon_pkg']
[1.689s] Level 1:colcon.colcon_core.package_identification:_identify(src/cmd_vel_mux) by extension 'colcon_pkg'
[1.689s] Level 1:colcon.colcon_core.package_identification:_identify(src/cmd_vel_mux) by extensions ['colcon_meta']
[1.689s] Level 1:colcon.colcon_core.package_identification:_identify(src/cmd_vel_mux) by extension 'colcon_meta'
[1.689s] Level 1:colcon.colcon_core.package_identification:_identify(src/cmd_vel_mux) by extensions ['ros']
[1.690s] Level 1:colcon.colcon_core.package_identification:_identify(src/cmd_vel_mux) by extension 'ros'
[1.701s] DEBUG:colcon.colcon_core.package_identification:Package 'src/cmd_vel_mux' with type 'ros.ament_cmake' and name 'cmd_vel_mux'
[1.701s] Level 1:colcon.colcon_core.package_identification:_identify(src/prueba_5) by extensions ['ignore', 'ignore_ament_install']
[1.702s] Level 1:colcon.colcon_core.package_identification:_identify(src/prueba_5) by extension 'ignore'
[1.702s] Level 1:colcon.colcon_core.package_identification:_identify(src/prueba_5) by extension 'ignore_ament_install'
[1.702s] Level 1:colcon.colcon_core.package_identification:_identify(src/prueba_5) by extensions ['colcon_pkg']
[1.703s] Level 1:colcon.colcon_core.package_identification:_identify(src/prueba_5) by extension 'colcon_pkg'
[1.703s] Level 1:colcon.colcon_core.package_identification:_identify(src/prueba_5) by extensions ['colcon_meta']
[1.703s] Level 1:colcon.colcon_core.package_identification:_identify(src/prueba_5) by extension 'colcon_meta'
[1.703s] Level 1:colcon.colcon_core.package_identification:_identify(src/prueba_5) by extensions ['ros']
[1.703s] Level 1:colcon.colcon_core.package_identification:_identify(src/prueba_5) by extension 'ros'
[1.706s] DEBUG:colcon.colcon_core.package_identification:Package 'src/prueba_5' with type 'ros.ament_python' and name 'prueba_5'
[1.706s] Level 1:colcon.colcon_core.package_identification:_identify(src/very_simple_robot_simulator) by extensions ['ignore', 'ignore_ament_install']
[1.707s] Level 1:colcon.colcon_core.package_identification:_identify(src/very_simple_robot_simulator) by extension 'ignore'
[1.707s] Level 1:colcon.colcon_core.package_identification:_identify(src/very_simple_robot_simulator) by extension 'ignore_ament_install'
[1.707s] Level 1:colcon.colcon_core.package_identification:_identify(src/very_simple_robot_simulator) by extensions ['colcon_pkg']
[1.708s] Level 1:colcon.colcon_core.package_identification:_identify(src/very_simple_robot_simulator) by extension 'colcon_pkg'
[1.708s] Level 1:colcon.colcon_core.package_identification:_identify(src/very_simple_robot_simulator) by extensions ['colcon_meta']
[1.708s] Level 1:colcon.colcon_core.package_identification:_identify(src/very_simple_robot_simulator) by extension 'colcon_meta'
[1.709s] Level 1:colcon.colcon_core.package_identification:_identify(src/very_simple_robot_simulator) by extensions ['ros']
[1.709s] Level 1:colcon.colcon_core.package_identification:_identify(src/very_simple_robot_simulator) by extension 'ros'
[1.712s] DEBUG:colcon.colcon_core.package_identification:Package 'src/very_simple_robot_simulator' with type 'ros.ament_cmake' and name 'very_simple_robot_simulator'
[1.712s] Level 1:colcon.colcon_core.package_discovery:discover_packages(recursive) using defaults
[1.712s] Level 1:colcon.colcon_core.package_discovery:discover_packages(ignore) discover
[1.713s] Level 1:colcon.colcon_core.package_discovery:discover_packages(ignore) using defaults
[1.713s] Level 1:colcon.colcon_core.package_discovery:discover_packages(path) discover
[1.713s] Level 1:colcon.colcon_core.package_discovery:discover_packages(path) using defaults
[1.842s] Level 1:colcon.colcon_core.package_discovery:discover_packages(prefix_path) check parameters
[1.842s] Level 1:colcon.colcon_core.package_discovery:discover_packages(prefix_path) discover
[1.852s] DEBUG:colcon.colcon_installed_package_information.package_discovery:Found 3 installed packages in /home/paulo/universidad/5to_semestre/robotica_movil/ros2_ws_lab_1/install
[1.854s] DEBUG:colcon.colcon_installed_package_information.package_discovery:Found 3 installed packages in /home/paulo/universidad/5to_semestre/robotica_movil/Robotica_movil_grupo_8/ros2_ws_lab_1/install
[1.858s] DEBUG:colcon.colcon_installed_package_information.package_discovery:Found 0 installed packages in /home/paulo/universidad/5to_semestre/robotica_movil/ros2_ws_mini_tarea_1/install
[1.864s] DEBUG:colcon.colcon_installed_package_information.package_discovery:Found 274 installed packages in /opt/ros/humble
[1.869s] Level 1:colcon.colcon_core.package_discovery:discover_packages(prefix_path) using defaults
[2.054s] Level 5:colcon.colcon_core.verb:set package 'cmd_vel_mux' build argument 'cmake_args' from command line to 'None'
[2.054s] Level 5:colcon.colcon_core.verb:set package 'cmd_vel_mux' build argument 'cmake_target' from command line to 'None'
[2.054s] Level 5:colcon.colcon_core.verb:set package 'cmd_vel_mux' build argument 'cmake_target_skip_unavailable' from command line to 'False'
[2.054s] Level 5:colcon.colcon_core.verb:set package 'cmd_vel_mux' build argument 'cmake_clean_cache' from command line to 'False'
[2.054s] Level 5:colcon.colcon_core.verb:set package 'cmd_vel_mux' build argument 'cmake_clean_first' from command line to 'False'
[2.055s] Level 5:colcon.colcon_core.verb:set package 'cmd_vel_mux' build argument 'cmake_force_configure' from command line to 'False'
[2.055s] Level 5:colcon.colcon_core.verb:set package 'cmd_vel_mux' build argument 'ament_cmake_args' from command line to 'None'
[2.055s] Level 5:colcon.colcon_core.verb:set package 'cmd_vel_mux' build argument 'catkin_cmake_args' from command line to 'None'
[2.055s] Level 5:colcon.colcon_core.verb:set package 'cmd_vel_mux' build argument 'catkin_skip_building_tests' from command line to 'False'
[2.055s] DEBUG:colcon.colcon_core.verb:Building package 'cmd_vel_mux' with the following arguments: {'ament_cmake_args': None, 'build_base': '/home/paulo/universidad/5to_semestre/robotica_movil/ros2_ws_lab_1/build/cmd_vel_mux', 'catkin_cmake_args': None, 'catkin_skip_building_tests': False, 'cmake_args': None, 'cmake_clean_cache': False, 'cmake_clean_first': False, 'cmake_force_configure': False, 'cmake_target': None, 'cmake_target_skip_unavailable': False, 'install_base': '/home/paulo/universidad/5to_semestre/robotica_movil/ros2_ws_lab_1/install/cmd_vel_mux', 'merge_install': False, 'path': '/home/paulo/universidad/5to_semestre/robotica_movil/ros2_ws_lab_1/src/cmd_vel_mux', 'symlink_install': False, 'test_result_base': None}
[2.057s] Level 5:colcon.colcon_core.verb:set package 'prueba_5' build argument 'cmake_args' from command line to 'None'
[2.057s] Level 5:colcon.colcon_core.verb:set package 'prueba_5' build argument 'cmake_target' from command line to 'None'
[2.057s] Level 5:colcon.colcon_core.verb:set package 'prueba_5' build argument 'cmake_target_skip_unavailable' from command line to 'False'
[2.057s] Level 5:colcon.colcon_core.verb:set package 'prueba_5' build argument 'cmake_clean_cache' from command line to 'False'
[2.057s] Level 5:colcon.colcon_core.verb:set package 'prueba_5' build argument 'cmake_clean_first' from command line to 'False'
[2.057s] Level 5:colcon.colcon_core.verb:set package 'prueba_5' build argument 'cmake_force_configure' from command line to 'False'
[2.057s] Level 5:colcon.colcon_core.verb:set package 'prueba_5' build argument 'ament_cmake_args' from command line to 'None'
[2.057s] Level 5:colcon.colcon_core.verb:set package 'prueba_5' build argument 'catkin_cmake_args' from command line to 'None'
[2.058s] Level 5:colcon.colcon_core.verb:set package 'prueba_5' build argument 'catkin_skip_building_tests' from command line to 'False'
[2.058s] DEBUG:colcon.colcon_core.verb:Building package 'prueba_5' with the following arguments: {'ament_cmake_args': None, 'build_base': '/home/paulo/universidad/5to_semestre/robotica_movil/ros2_ws_lab_1/build/prueba_5', 'catkin_cmake_args': None, 'catkin_skip_building_tests': False, 'cmake_args': None, 'cmake_clean_cache': False, 'cmake_clean_first': False, 'cmake_force_configure': False, 'cmake_target': None, 'cmake_target_skip_unavailable': False, 'install_base': '/home/paulo/universidad/5to_semestre/robotica_movil/ros2_ws_lab_1/install/prueba_5', 'merge_install': False, 'path': '/home/paulo/universidad/5to_semestre/robotica_movil/ros2_ws_lab_1/src/prueba_5', 'symlink_install': False, 'test_result_base': None}
[2.060s] Level 5:colcon.colcon_core.verb:set package 'very_simple_robot_simulator' build argument 'cmake_args' from command line to 'None'
[2.060s] Level 5:colcon.colcon_core.verb:set package 'very_simple_robot_simulator' build argument 'cmake_target' from command line to 'None'
[2.060s] Level 5:colcon.colcon_core.verb:set package 'very_simple_robot_simulator' build argument 'cmake_target_skip_unavailable' from command line to 'False'
[2.060s] Level 5:colcon.colcon_core.verb:set package 'very_simple_robot_simulator' build argument 'cmake_clean_cache' from command line to 'False'
[2.060s] Level 5:colcon.colcon_core.verb:set package 'very_simple_robot_simulator' build argument 'cmake_clean_first' from command line to 'False'
[2.060s] Level 5:colcon.colcon_core.verb:set package 'very_simple_robot_simulator' build argument 'cmake_force_configure' from command line to 'False'
[2.060s] Level 5:colcon.colcon_core.verb:set package 'very_simple_robot_simulator' build argument 'ament_cmake_args' from command line to 'None'
[2.060s] Level 5:colcon.colcon_core.verb:set package 'very_simple_robot_simulator' build argument 'catkin_cmake_args' from command line to 'None'
[2.061s] Level 5:colcon.colcon_core.verb:set package 'very_simple_robot_simulator' build argument 'catkin_skip_building_tests' from command line to 'False'
[2.061s] DEBUG:colcon.colcon_core.verb:Building package 'very_simple_robot_simulator' with the following arguments: {'ament_cmake_args': None, 'build_base': '/home/paulo/universidad/5to_semestre/robotica_movil/ros2_ws_lab_1/build/very_simple_robot_simulator', 'catkin_cmake_args': None, 'catkin_skip_building_tests': False, 'cmake_args': None, 'cmake_clean_cache': False, 'cmake_clean_first': False, 'cmake_force_configure': False, 'cmake_target': None, 'cmake_target_skip_unavailable': False, 'install_base': '/home/paulo/universidad/5to_semestre/robotica_movil/ros2_ws_lab_1/install/very_simple_robot_simulator', 'merge_install': False, 'path': '/home/paulo/universidad/5to_semestre/robotica_movil/ros2_ws_lab_1/src/very_simple_robot_simulator', 'symlink_install': False, 'test_result_base': None}
[2.061s] INFO:colcon.colcon_core.executor:Executing jobs using 'parallel' executor
[2.064s] DEBUG:colcon.colcon_parallel_executor.executor.parallel:run_until_complete
[2.065s] INFO:colcon.colcon_ros.task.ament_cmake.build:Building ROS package in '/home/paulo/universidad/5to_semestre/robotica_movil/ros2_ws_lab_1/src/cmd_vel_mux' with build type 'ament_cmake'
[2.066s] INFO:colcon.colcon_cmake.task.cmake.build:Building CMake package in '/home/paulo/universidad/5to_semestre/robotica_movil/ros2_ws_lab_1/src/cmd_vel_mux'
[2.078s] INFO:colcon.colcon_core.plugin_system:Skipping extension 'colcon_core.shell.bat': Not used on non-Windows systems
[2.079s] INFO:colcon.colcon_core.shell:Skip shell extension 'powershell' for command environment: Not usable outside of PowerShell
[2.080s] DEBUG:colcon.colcon_core.shell:Skip shell extension 'dsv' for command environment
[2.102s] INFO:colcon.colcon_ros.task.ament_python.build:Building ROS package in '/home/paulo/universidad/5to_semestre/robotica_movil/ros2_ws_lab_1/src/prueba_5' with build type 'ament_python'
[2.103s] Level 1:colcon.colcon_core.shell:create_environment_hook('prueba_5', 'ament_prefix_path')
[2.104s] INFO:colcon.colcon_core.shell:Creating environment hook '/home/paulo/universidad/5to_semestre/robotica_movil/ros2_ws_lab_1/install/prueba_5/share/prueba_5/hook/ament_prefix_path.ps1'
[2.108s] INFO:colcon.colcon_core.shell:Creating environment descriptor '/home/paulo/universidad/5to_semestre/robotica_movil/ros2_ws_lab_1/install/prueba_5/share/prueba_5/hook/ament_prefix_path.dsv'
[2.110s] INFO:colcon.colcon_core.shell:Creating environment hook '/home/paulo/universidad/5to_semestre/robotica_movil/ros2_ws_lab_1/install/prueba_5/share/prueba_5/hook/ament_prefix_path.sh'
[2.113s] INFO:colcon.colcon_core.shell:Skip shell extension 'powershell' for command environment: Not usable outside of PowerShell
[2.114s] DEBUG:colcon.colcon_core.shell:Skip shell extension 'dsv' for command environment
[2.132s] INFO:colcon.colcon_ros.task.ament_cmake.build:Building ROS package in '/home/paulo/universidad/5to_semestre/robotica_movil/ros2_ws_lab_1/src/very_simple_robot_simulator' with build type 'ament_cmake'
[2.133s] INFO:colcon.colcon_cmake.task.cmake.build:Building CMake package in '/home/paulo/universidad/5to_semestre/robotica_movil/ros2_ws_lab_1/src/very_simple_robot_simulator'
[2.134s] INFO:colcon.colcon_core.shell:Skip shell extension 'powershell' for command environment: Not usable outside of PowerShell
[2.135s] DEBUG:colcon.colcon_core.shell:Skip shell extension 'dsv' for command environment
[2.180s] DEBUG:colcon.colcon_core.event_handler.log_command:Invoking command in '/home/paulo/universidad/5to_semestre/robotica_movil/ros2_ws_lab_1/build/cmd_vel_mux': CMAKE_PREFIX_PATH=${CMAKE_PREFIX_PATH}:/home/paulo/universidad/5to_semestre/robotica_movil/ros2_ws_lab_1/install/prueba_5:/home/paulo/universidad/5to_semestre/robotica_movil/Robotica_movil_grupo_8/ros2_ws_lab_1/install/prueba_5:/opt/ros/humble /usr/bin/cmake --build /home/paulo/universidad/5to_semestre/robotica_movil/ros2_ws_lab_1/build/cmd_vel_mux -- -j8 -l8
[3.441s] INFO:colcon.colcon_core.task.python.build:Building Python package in '/home/paulo/universidad/5to_semestre/robotica_movil/ros2_ws_lab_1/src/prueba_5'
[3.442s] INFO:colcon.colcon_core.shell:Skip shell extension 'powershell' for command environment: Not usable outside of PowerShell
[3.442s] DEBUG:colcon.colcon_core.shell:Skip shell extension 'dsv' for command environment
[3.491s] DEBUG:colcon.colcon_core.event_handler.log_command:Invoking command in '/home/paulo/universidad/5to_semestre/robotica_movil/ros2_ws_lab_1/build/very_simple_robot_simulator': CMAKE_PREFIX_PATH=${CMAKE_PREFIX_PATH}:/home/paulo/universidad/5to_semestre/robotica_movil/ros2_ws_lab_1/install/prueba_5:/home/paulo/universidad/5to_semestre/robotica_movil/Robotica_movil_grupo_8/ros2_ws_lab_1/install/prueba_5:/opt/ros/humble /usr/bin/cmake --build /home/paulo/universidad/5to_semestre/robotica_movil/ros2_ws_lab_1/build/very_simple_robot_simulator -- -j8 -l8
[3.492s] DEBUG:colcon.colcon_core.event_handler.log_command:Invoked command in '/home/paulo/universidad/5to_semestre/robotica_movil/ros2_ws_lab_1/build/cmd_vel_mux' returned '0': CMAKE_PREFIX_PATH=${CMAKE_PREFIX_PATH}:/home/paulo/universidad/5to_semestre/robotica_movil/ros2_ws_lab_1/install/prueba_5:/home/paulo/universidad/5to_semestre/robotica_movil/Robotica_movil_grupo_8/ros2_ws_lab_1/install/prueba_5:/opt/ros/humble /usr/bin/cmake --build /home/paulo/universidad/5to_semestre/robotica_movil/ros2_ws_lab_1/build/cmd_vel_mux -- -j8 -l8
[3.557s] DEBUG:colcon.colcon_core.event_handler.log_command:Invoking command in '/home/paulo/universidad/5to_semestre/robotica_movil/ros2_ws_lab_1/build/cmd_vel_mux': CMAKE_PREFIX_PATH=${CMAKE_PREFIX_PATH}:/home/paulo/universidad/5to_semestre/robotica_movil/ros2_ws_lab_1/install/prueba_5:/home/paulo/universidad/5to_semestre/robotica_movil/Robotica_movil_grupo_8/ros2_ws_lab_1/install/prueba_5:/opt/ros/humble /usr/bin/cmake --install /home/paulo/universidad/5to_semestre/robotica_movil/ros2_ws_lab_1/build/cmd_vel_mux
[3.695s] Level 1:colcon.colcon_core.environment:create_environment_scripts_only(cmd_vel_mux)
[3.699s] DEBUG:colcon.colcon_core.event_handler.log_command:Invoked command in '/home/paulo/universidad/5to_semestre/robotica_movil/ros2_ws_lab_1/build/cmd_vel_mux' returned '0': CMAKE_PREFIX_PATH=${CMAKE_PREFIX_PATH}:/home/paulo/universidad/5to_semestre/robotica_movil/ros2_ws_lab_1/install/prueba_5:/home/paulo/universidad/5to_semestre/robotica_movil/Robotica_movil_grupo_8/ros2_ws_lab_1/install/prueba_5:/opt/ros/humble /usr/bin/cmake --install /home/paulo/universidad/5to_semestre/robotica_movil/ros2_ws_lab_1/build/cmd_vel_mux
[3.717s] Level 1:colcon.colcon_core.environment:checking '/home/paulo/universidad/5to_semestre/robotica_movil/ros2_ws_lab_1/install/cmd_vel_mux' for CMake module files
[3.722s] Level 1:colcon.colcon_core.environment:checking '/home/paulo/universidad/5to_semestre/robotica_movil/ros2_ws_lab_1/install/cmd_vel_mux' for CMake config files
[3.726s] Level 1:colcon.colcon_core.shell:create_environment_hook('cmd_vel_mux', 'cmake_prefix_path')
[3.728s] INFO:colcon.colcon_core.shell:Creating environment hook '/home/paulo/universidad/5to_semestre/robotica_movil/ros2_ws_lab_1/install/cmd_vel_mux/share/cmd_vel_mux/hook/cmake_prefix_path.ps1'
[3.731s] INFO:colcon.colcon_core.shell:Creating environment descriptor '/home/paulo/universidad/5to_semestre/robotica_movil/ros2_ws_lab_1/install/cmd_vel_mux/share/cmd_vel_mux/hook/cmake_prefix_path.dsv'
[3.735s] INFO:colcon.colcon_core.shell:Creating environment hook '/home/paulo/universidad/5to_semestre/robotica_movil/ros2_ws_lab_1/install/cmd_vel_mux/share/cmd_vel_mux/hook/cmake_prefix_path.sh'
[3.740s] Level 1:colcon.colcon_core.environment:checking '/home/paulo/universidad/5to_semestre/robotica_movil/ros2_ws_lab_1/install/cmd_vel_mux/lib'
[3.742s] Level 1:colcon.colcon_core.shell:create_environment_hook('cmd_vel_mux', 'ld_library_path_lib')
[3.744s] INFO:colcon.colcon_core.shell:Creating environment hook '/home/paulo/universidad/5to_semestre/robotica_movil/ros2_ws_lab_1/install/cmd_vel_mux/share/cmd_vel_mux/hook/ld_library_path_lib.ps1'
[3.747s] INFO:colcon.colcon_core.shell:Creating environment descriptor '/home/paulo/universidad/5to_semestre/robotica_movil/ros2_ws_lab_1/install/cmd_vel_mux/share/cmd_vel_mux/hook/ld_library_path_lib.dsv'
[3.750s] INFO:colcon.colcon_core.shell:Creating environment hook '/home/paulo/universidad/5to_semestre/robotica_movil/ros2_ws_lab_1/install/cmd_vel_mux/share/cmd_vel_mux/hook/ld_library_path_lib.sh'
[3.753s] Level 1:colcon.colcon_core.environment:checking '/home/paulo/universidad/5to_semestre/robotica_movil/ros2_ws_lab_1/install/cmd_vel_mux/bin'
[3.754s] Level 1:colcon.colcon_core.environment:checking '/home/paulo/universidad/5to_semestre/robotica_movil/ros2_ws_lab_1/install/cmd_vel_mux/lib/pkgconfig/cmd_vel_mux.pc'
[3.756s] Level 1:colcon.colcon_core.environment:checking '/home/paulo/universidad/5to_semestre/robotica_movil/ros2_ws_lab_1/install/cmd_vel_mux/lib/python3.10/site-packages'
[3.758s] Level 1:colcon.colcon_core.environment:checking '/home/paulo/universidad/5to_semestre/robotica_movil/ros2_ws_lab_1/install/cmd_vel_mux/bin'
[3.761s] INFO:colcon.colcon_core.shell:Creating package script '/home/paulo/universidad/5to_semestre/robotica_movil/ros2_ws_lab_1/install/cmd_vel_mux/share/cmd_vel_mux/package.ps1'
[3.767s] INFO:colcon.colcon_core.shell:Creating package descriptor '/home/paulo/universidad/5to_semestre/robotica_movil/ros2_ws_lab_1/install/cmd_vel_mux/share/cmd_vel_mux/package.dsv'
[3.771s] INFO:colcon.colcon_core.shell:Creating package script '/home/paulo/universidad/5to_semestre/robotica_movil/ros2_ws_lab_1/install/cmd_vel_mux/share/cmd_vel_mux/package.sh'
[3.776s] INFO:colcon.colcon_core.shell:Creating package script '/home/paulo/universidad/5to_semestre/robotica_movil/ros2_ws_lab_1/install/cmd_vel_mux/share/cmd_vel_mux/package.bash'
[3.781s] INFO:colcon.colcon_core.shell:Creating package script '/home/paulo/universidad/5to_semestre/robotica_movil/ros2_ws_lab_1/install/cmd_vel_mux/share/cmd_vel_mux/package.zsh'
[3.785s] Level 1:colcon.colcon_core.environment:create_file_with_runtime_dependencies(/home/paulo/universidad/5to_semestre/robotica_movil/ros2_ws_lab_1/install/cmd_vel_mux/share/colcon-core/packages/cmd_vel_mux)
[3.788s] Level 1:colcon.colcon_core.environment:create_environment_scripts_only(cmd_vel_mux)
[3.790s] Level 1:colcon.colcon_core.environment:checking '/home/paulo/universidad/5to_semestre/robotica_movil/ros2_ws_lab_1/install/cmd_vel_mux' for CMake module files
[3.792s] Level 1:colcon.colcon_core.environment:checking '/home/paulo/universidad/5to_semestre/robotica_movil/ros2_ws_lab_1/install/cmd_vel_mux' for CMake config files
[3.794s] Level 1:colcon.colcon_core.shell:create_environment_hook('cmd_vel_mux', 'cmake_prefix_path')
[3.796s] INFO:colcon.colcon_core.shell:Creating environment hook '/home/paulo/universidad/5to_semestre/robotica_movil/ros2_ws_lab_1/install/cmd_vel_mux/share/cmd_vel_mux/hook/cmake_prefix_path.ps1'
[3.799s] INFO:colcon.colcon_core.shell:Creating environment descriptor '/home/paulo/universidad/5to_semestre/robotica_movil/ros2_ws_lab_1/install/cmd_vel_mux/share/cmd_vel_mux/hook/cmake_prefix_path.dsv'
[3.801s] INFO:colcon.colcon_core.shell:Creating environment hook '/home/paulo/universidad/5to_semestre/robotica_movil/ros2_ws_lab_1/install/cmd_vel_mux/share/cmd_vel_mux/hook/cmake_prefix_path.sh'
[3.804s] Level 1:colcon.colcon_core.environment:checking '/home/paulo/universidad/5to_semestre/robotica_movil/ros2_ws_lab_1/install/cmd_vel_mux/lib'
[3.805s] Level 1:colcon.colcon_core.shell:create_environment_hook('cmd_vel_mux', 'ld_library_path_lib')
[3.806s] INFO:colcon.colcon_core.shell:Creating environment hook '/home/paulo/universidad/5to_semestre/robotica_movil/ros2_ws_lab_1/install/cmd_vel_mux/share/cmd_vel_mux/hook/ld_library_path_lib.ps1'
[3.808s] INFO:colcon.colcon_core.shell:Creating environment descriptor '/home/paulo/universidad/5to_semestre/robotica_movil/ros2_ws_lab_1/install/cmd_vel_mux/share/cmd_vel_mux/hook/ld_library_path_lib.dsv'
[3.811s] INFO:colcon.colcon_core.shell:Creating environment hook '/home/paulo/universidad/5to_semestre/robotica_movil/ros2_ws_lab_1/install/cmd_vel_mux/share/cmd_vel_mux/hook/ld_library_path_lib.sh'
[3.815s] Level 1:colcon.colcon_core.environment:checking '/home/paulo/universidad/5to_semestre/robotica_movil/ros2_ws_lab_1/install/cmd_vel_mux/bin'
[3.816s] Level 1:colcon.colcon_core.environment:checking '/home/paulo/universidad/5to_semestre/robotica_movil/ros2_ws_lab_1/install/cmd_vel_mux/lib/pkgconfig/cmd_vel_mux.pc'
[3.818s] Level 1:colcon.colcon_core.environment:checking '/home/paulo/universidad/5to_semestre/robotica_movil/ros2_ws_lab_1/install/cmd_vel_mux/lib/python3.10/site-packages'
[3.820s] Level 1:colcon.colcon_core.environment:checking '/home/paulo/universidad/5to_semestre/robotica_movil/ros2_ws_lab_1/install/cmd_vel_mux/bin'
[3.824s] INFO:colcon.colcon_core.shell:Creating package script '/home/paulo/universidad/5to_semestre/robotica_movil/ros2_ws_lab_1/install/cmd_vel_mux/share/cmd_vel_mux/package.ps1'
[3.829s] INFO:colcon.colcon_core.shell:Creating package descriptor '/home/paulo/universidad/5to_semestre/robotica_movil/ros2_ws_lab_1/install/cmd_vel_mux/share/cmd_vel_mux/package.dsv'
[3.834s] INFO:colcon.colcon_core.shell:Creating package script '/home/paulo/universidad/5to_semestre/robotica_movil/ros2_ws_lab_1/install/cmd_vel_mux/share/cmd_vel_mux/package.sh'
[3.839s] INFO:colcon.colcon_core.shell:Creating package script '/home/paulo/universidad/5to_semestre/robotica_movil/ros2_ws_lab_1/install/cmd_vel_mux/share/cmd_vel_mux/package.bash'
[3.842s] INFO:colcon.colcon_core.shell:Creating package script '/home/paulo/universidad/5to_semestre/robotica_movil/ros2_ws_lab_1/install/cmd_vel_mux/share/cmd_vel_mux/package.zsh'
[3.845s] Level 1:colcon.colcon_core.environment:create_file_with_runtime_dependencies(/home/paulo/universidad/5to_semestre/robotica_movil/ros2_ws_lab_1/install/cmd_vel_mux/share/colcon-core/packages/cmd_vel_mux)
[5.224s] DEBUG:colcon.colcon_core.event_handler.log_command:Invoked command in '/home/paulo/universidad/5to_semestre/robotica_movil/ros2_ws_lab_1/build/very_simple_robot_simulator' returned '0': CMAKE_PREFIX_PATH=${CMAKE_PREFIX_PATH}:/home/paulo/universidad/5to_semestre/robotica_movil/ros2_ws_lab_1/install/prueba_5:/home/paulo/universidad/5to_semestre/robotica_movil/Robotica_movil_grupo_8/ros2_ws_lab_1/install/prueba_5:/opt/ros/humble /usr/bin/cmake --build /home/paulo/universidad/5to_semestre/robotica_movil/ros2_ws_lab_1/build/very_simple_robot_simulator -- -j8 -l8
[5.232s] DEBUG:colcon.colcon_core.event_handler.log_command:Invoking command in '/home/paulo/universidad/5to_semestre/robotica_movil/ros2_ws_lab_1/build/very_simple_robot_simulator': CMAKE_PREFIX_PATH=${CMAKE_PREFIX_PATH}:/home/paulo/universidad/5to_semestre/robotica_movil/ros2_ws_lab_1/install/prueba_5:/home/paulo/universidad/5to_semestre/robotica_movil/Robotica_movil_grupo_8/ros2_ws_lab_1/install/prueba_5:/opt/ros/humble /usr/bin/cmake --install /home/paulo/universidad/5to_semestre/robotica_movil/ros2_ws_lab_1/build/very_simple_robot_simulator
[5.282s] DEBUG:colcon.colcon_core.event_handler.log_command:Invoking command in '/home/paulo/universidad/5to_semestre/robotica_movil/ros2_ws_lab_1/src/prueba_5': PYTHONPATH=/home/paulo/universidad/5to_semestre/robotica_movil/ros2_ws_lab_1/build/prueba_5/prefix_override:/usr/lib/python3/dist-packages/colcon_core/task/python/colcon_distutils_commands:/home/paulo/universidad/5to_semestre/robotica_movil/ros2_ws_lab_1/install/prueba_5/lib/python3.10/site-packages:${PYTHONPATH} /usr/bin/python3 -W ignore:setup.py install is deprecated -W ignore:easy_install command is deprecated setup.py egg_info --egg-base ../../build/prueba_5 build --build-base /home/paulo/universidad/5to_semestre/robotica_movil/ros2_ws_lab_1/build/prueba_5/build install --record /home/paulo/universidad/5to_semestre/robotica_movil/ros2_ws_lab_1/build/prueba_5/install.log --single-version-externally-managed install_data
[5.537s] Level 1:colcon.colcon_core.environment:create_environment_scripts_only(very_simple_robot_simulator)
[5.539s] Level 1:colcon.colcon_core.environment:checking '/home/paulo/universidad/5to_semestre/robotica_movil/ros2_ws_lab_1/install/very_simple_robot_simulator' for CMake module files
[5.541s] DEBUG:colcon.colcon_core.event_handler.log_command:Invoked command in '/home/paulo/universidad/5to_semestre/robotica_movil/ros2_ws_lab_1/build/very_simple_robot_simulator' returned '0': CMAKE_PREFIX_PATH=${CMAKE_PREFIX_PATH}:/home/paulo/universidad/5to_semestre/robotica_movil/ros2_ws_lab_1/install/prueba_5:/home/paulo/universidad/5to_semestre/robotica_movil/Robotica_movil_grupo_8/ros2_ws_lab_1/install/prueba_5:/opt/ros/humble /usr/bin/cmake --install /home/paulo/universidad/5to_semestre/robotica_movil/ros2_ws_lab_1/build/very_simple_robot_simulator
[5.544s] Level 1:colcon.colcon_core.environment:checking '/home/paulo/universidad/5to_semestre/robotica_movil/ros2_ws_lab_1/install/very_simple_robot_simulator' for CMake config files
[5.548s] Level 1:colcon.colcon_core.shell:create_environment_hook('very_simple_robot_simulator', 'cmake_prefix_path')
[5.550s] INFO:colcon.colcon_core.shell:Creating environment hook '/home/paulo/universidad/5to_semestre/robotica_movil/ros2_ws_lab_1/install/very_simple_robot_simulator/share/very_simple_robot_simulator/hook/cmake_prefix_path.ps1'
[5.552s] INFO:colcon.colcon_core.shell:Creating environment descriptor '/home/paulo/universidad/5to_semestre/robotica_movil/ros2_ws_lab_1/install/very_simple_robot_simulator/share/very_simple_robot_simulator/hook/cmake_prefix_path.dsv'
[5.555s] INFO:colcon.colcon_core.shell:Creating environment hook '/home/paulo/universidad/5to_semestre/robotica_movil/ros2_ws_lab_1/install/very_simple_robot_simulator/share/very_simple_robot_simulator/hook/cmake_prefix_path.sh'
[5.558s] Level 1:colcon.colcon_core.environment:checking '/home/paulo/universidad/5to_semestre/robotica_movil/ros2_ws_lab_1/install/very_simple_robot_simulator/lib'
[5.559s] Level 1:colcon.colcon_core.environment:checking '/home/paulo/universidad/5to_semestre/robotica_movil/ros2_ws_lab_1/install/very_simple_robot_simulator/bin'
[5.559s] Level 1:colcon.colcon_core.environment:checking '/home/paulo/universidad/5to_semestre/robotica_movil/ros2_ws_lab_1/install/very_simple_robot_simulator/lib/pkgconfig/very_simple_robot_simulator.pc'
[5.561s] Level 1:colcon.colcon_core.environment:checking '/home/paulo/universidad/5to_semestre/robotica_movil/ros2_ws_lab_1/install/very_simple_robot_simulator/lib/python3.10/site-packages'
[5.562s] Level 1:colcon.colcon_core.environment:checking '/home/paulo/universidad/5to_semestre/robotica_movil/ros2_ws_lab_1/install/very_simple_robot_simulator/bin'
[5.564s] INFO:colcon.colcon_core.shell:Creating package script '/home/paulo/universidad/5to_semestre/robotica_movil/ros2_ws_lab_1/install/very_simple_robot_simulator/share/very_simple_robot_simulator/package.ps1'
[5.566s] INFO:colcon.colcon_core.shell:Creating package descriptor '/home/paulo/universidad/5to_semestre/robotica_movil/ros2_ws_lab_1/install/very_simple_robot_simulator/share/very_simple_robot_simulator/package.dsv'
[5.569s] INFO:colcon.colcon_core.shell:Creating package script '/home/paulo/universidad/5to_semestre/robotica_movil/ros2_ws_lab_1/install/very_simple_robot_simulator/share/very_simple_robot_simulator/package.sh'
[5.572s] INFO:colcon.colcon_core.shell:Creating package script '/home/paulo/universidad/5to_semestre/robotica_movil/ros2_ws_lab_1/install/very_simple_robot_simulator/share/very_simple_robot_simulator/package.bash'
[5.574s] INFO:colcon.colcon_core.shell:Creating package script '/home/paulo/universidad/5to_semestre/robotica_movil/ros2_ws_lab_1/install/very_simple_robot_simulator/share/very_simple_robot_simulator/package.zsh'
[5.577s] Level 1:colcon.colcon_core.environment:create_file_with_runtime_dependencies(/home/paulo/universidad/5to_semestre/robotica_movil/ros2_ws_lab_1/install/very_simple_robot_simulator/share/colcon-core/packages/very_simple_robot_simulator)
[5.580s] Level 1:colcon.colcon_core.environment:create_environment_scripts_only(very_simple_robot_simulator)
[5.581s] Level 1:colcon.colcon_core.environment:checking '/home/paulo/universidad/5to_semestre/robotica_movil/ros2_ws_lab_1/install/very_simple_robot_simulator' for CMake module files
[5.584s] Level 1:colcon.colcon_core.environment:checking '/home/paulo/universidad/5to_semestre/robotica_movil/ros2_ws_lab_1/install/very_simple_robot_simulator' for CMake config files
[5.587s] Level 1:colcon.colcon_core.shell:create_environment_hook('very_simple_robot_simulator', 'cmake_prefix_path')
[5.588s] INFO:colcon.colcon_core.shell:Creating environment hook '/home/paulo/universidad/5to_semestre/robotica_movil/ros2_ws_lab_1/install/very_simple_robot_simulator/share/very_simple_robot_simulator/hook/cmake_prefix_path.ps1'
[5.590s] INFO:colcon.colcon_core.shell:Creating environment descriptor '/home/paulo/universidad/5to_semestre/robotica_movil/ros2_ws_lab_1/install/very_simple_robot_simulator/share/very_simple_robot_simulator/hook/cmake_prefix_path.dsv'
[5.592s] INFO:colcon.colcon_core.shell:Creating environment hook '/home/paulo/universidad/5to_semestre/robotica_movil/ros2_ws_lab_1/install/very_simple_robot_simulator/share/very_simple_robot_simulator/hook/cmake_prefix_path.sh'
[5.595s] Level 1:colcon.colcon_core.environment:checking '/home/paulo/universidad/5to_semestre/robotica_movil/ros2_ws_lab_1/install/very_simple_robot_simulator/lib'
[5.595s] Level 1:colcon.colcon_core.environment:checking '/home/paulo/universidad/5to_semestre/robotica_movil/ros2_ws_lab_1/install/very_simple_robot_simulator/bin'
[5.595s] Level 1:colcon.colcon_core.environment:checking '/home/paulo/universidad/5to_semestre/robotica_movil/ros2_ws_lab_1/install/very_simple_robot_simulator/lib/pkgconfig/very_simple_robot_simulator.pc'
[5.596s] Level 1:colcon.colcon_core.environment:checking '/home/paulo/universidad/5to_semestre/robotica_movil/ros2_ws_lab_1/install/very_simple_robot_simulator/lib/python3.10/site-packages'
[5.597s] Level 1:colcon.colcon_core.environment:checking '/home/paulo/universidad/5to_semestre/robotica_movil/ros2_ws_lab_1/install/very_simple_robot_simulator/bin'
[5.599s] INFO:colcon.colcon_core.shell:Creating package script '/home/paulo/universidad/5to_semestre/robotica_movil/ros2_ws_lab_1/install/very_simple_robot_simulator/share/very_simple_robot_simulator/package.ps1'
[5.601s] INFO:colcon.colcon_core.shell:Creating package descriptor '/home/paulo/universidad/5to_semestre/robotica_movil/ros2_ws_lab_1/install/very_simple_robot_simulator/share/very_simple_robot_simulator/package.dsv'
[5.603s] INFO:colcon.colcon_core.shell:Creating package script '/home/paulo/universidad/5to_semestre/robotica_movil/ros2_ws_lab_1/install/very_simple_robot_simulator/share/very_simple_robot_simulator/package.sh'
[5.605s] INFO:colcon.colcon_core.shell:Creating package script '/home/paulo/universidad/5to_semestre/robotica_movil/ros2_ws_lab_1/install/very_simple_robot_simulator/share/very_simple_robot_simulator/package.bash'
[5.607s] INFO:colcon.colcon_core.shell:Creating package script '/home/paulo/universidad/5to_semestre/robotica_movil/ros2_ws_lab_1/install/very_simple_robot_simulator/share/very_simple_robot_simulator/package.zsh'
[5.609s] Level 1:colcon.colcon_core.environment:create_file_with_runtime_dependencies(/home/paulo/universidad/5to_semestre/robotica_movil/ros2_ws_lab_1/install/very_simple_robot_simulator/share/colcon-core/packages/very_simple_robot_simulator)
[6.737s] Level 1:colcon.colcon_core.environment:checking '/home/paulo/universidad/5to_semestre/robotica_movil/ros2_ws_lab_1/install/prueba_5' for CMake module files
[6.740s] DEBUG:colcon.colcon_core.event_handler.log_command:Invoked command in '/home/paulo/universidad/5to_semestre/robotica_movil/ros2_ws_lab_1/src/prueba_5' returned '0': PYTHONPATH=/home/paulo/universidad/5to_semestre/robotica_movil/ros2_ws_lab_1/build/prueba_5/prefix_override:/usr/lib/python3/dist-packages/colcon_core/task/python/colcon_distutils_commands:/home/paulo/universidad/5to_semestre/robotica_movil/ros2_ws_lab_1/install/prueba_5/lib/python3.10/site-packages:${PYTHONPATH} /usr/bin/python3 -W ignore:setup.py install is deprecated -W ignore:easy_install command is deprecated setup.py egg_info --egg-base ../../build/prueba_5 build --build-base /home/paulo/universidad/5to_semestre/robotica_movil/ros2_ws_lab_1/build/prueba_5/build install --record /home/paulo/universidad/5to_semestre/robotica_movil/ros2_ws_lab_1/build/prueba_5/install.log --single-version-externally-managed install_data
[6.742s] Level 1:colcon.colcon_core.environment:checking '/home/paulo/universidad/5to_semestre/robotica_movil/ros2_ws_lab_1/install/prueba_5' for CMake config files
[6.745s] Level 1:colcon.colcon_core.environment:checking '/home/paulo/universidad/5to_semestre/robotica_movil/ros2_ws_lab_1/install/prueba_5/lib'
[6.746s] Level 1:colcon.colcon_core.environment:checking '/home/paulo/universidad/5to_semestre/robotica_movil/ros2_ws_lab_1/install/prueba_5/bin'
[6.746s] Level 1:colcon.colcon_core.environment:checking '/home/paulo/universidad/5to_semestre/robotica_movil/ros2_ws_lab_1/install/prueba_5/lib/pkgconfig/prueba_5.pc'
[6.748s] Level 1:colcon.colcon_core.environment:checking '/home/paulo/universidad/5to_semestre/robotica_movil/ros2_ws_lab_1/install/prueba_5/lib/python3.10/site-packages'
[6.749s] Level 1:colcon.colcon_core.shell:create_environment_hook('prueba_5', 'pythonpath')
[6.750s] INFO:colcon.colcon_core.shell:Creating environment hook '/home/paulo/universidad/5to_semestre/robotica_movil/ros2_ws_lab_1/install/prueba_5/share/prueba_5/hook/pythonpath.ps1'
[6.752s] INFO:colcon.colcon_core.shell:Creating environment descriptor '/home/paulo/universidad/5to_semestre/robotica_movil/ros2_ws_lab_1/install/prueba_5/share/prueba_5/hook/pythonpath.dsv'
[6.754s] INFO:colcon.colcon_core.shell:Creating environment hook '/home/paulo/universidad/5to_semestre/robotica_movil/ros2_ws_lab_1/install/prueba_5/share/prueba_5/hook/pythonpath.sh'
[6.757s] Level 1:colcon.colcon_core.environment:checking '/home/paulo/universidad/5to_semestre/robotica_movil/ros2_ws_lab_1/install/prueba_5/bin'
[6.757s] Level 1:colcon.colcon_core.environment:create_environment_scripts_only(prueba_5)
[6.759s] INFO:colcon.colcon_core.shell:Creating package script '/home/paulo/universidad/5to_semestre/robotica_movil/ros2_ws_lab_1/install/prueba_5/share/prueba_5/package.ps1'
[6.761s] INFO:colcon.colcon_core.shell:Creating package descriptor '/home/paulo/universidad/5to_semestre/robotica_movil/ros2_ws_lab_1/install/prueba_5/share/prueba_5/package.dsv'
[6.763s] INFO:colcon.colcon_core.shell:Creating package script '/home/paulo/universidad/5to_semestre/robotica_movil/ros2_ws_lab_1/install/prueba_5/share/prueba_5/package.sh'
[6.765s] INFO:colcon.colcon_core.shell:Creating package script '/home/paulo/universidad/5to_semestre/robotica_movil/ros2_ws_lab_1/install/prueba_5/share/prueba_5/package.bash'
[6.767s] INFO:colcon.colcon_core.shell:Creating package script '/home/paulo/universidad/5to_semestre/robotica_movil/ros2_ws_lab_1/install/prueba_5/share/prueba_5/package.zsh'
[6.769s] Level 1:colcon.colcon_core.environment:create_file_with_runtime_dependencies(/home/paulo/universidad/5to_semestre/robotica_movil/ros2_ws_lab_1/install/prueba_5/share/colcon-core/packages/prueba_5)
[6.770s] DEBUG:colcon.colcon_parallel_executor.executor.parallel:closing loop
[6.771s] DEBUG:colcon.colcon_parallel_executor.executor.parallel:loop closed
[6.771s] DEBUG:colcon.colcon_parallel_executor.executor.parallel:run_until_complete finished with '0'
[6.772s] DEBUG:colcon.colcon_core.event_reactor:joining thread
[6.795s] INFO:colcon.colcon_core.plugin_system:Skipping extension 'colcon_notification.desktop_notification.terminal_notifier': Not used on non-Darwin systems
[6.796s] INFO:colcon.colcon_core.plugin_system:Skipping extension 'colcon_notification.desktop_notification.win32': Not used on non-Windows systems
[6.796s] INFO:colcon.colcon_notification.desktop_notification:Sending desktop notification using 'notify2'
[6.839s] DEBUG:colcon.colcon_core.event_reactor:joined thread
[6.840s] INFO:colcon.colcon_core.shell:Creating prefix script '/home/paulo/universidad/5to_semestre/robotica_movil/ros2_ws_lab_1/install/local_setup.ps1'
[6.845s] INFO:colcon.colcon_core.shell:Creating prefix util module '/home/paulo/universidad/5to_semestre/robotica_movil/ros2_ws_lab_1/install/_local_setup_util_ps1.py'
[6.853s] INFO:colcon.colcon_core.shell:Creating prefix chain script '/home/paulo/universidad/5to_semestre/robotica_movil/ros2_ws_lab_1/install/setup.ps1'
[6.860s] INFO:colcon.colcon_core.shell:Creating prefix script '/home/paulo/universidad/5to_semestre/robotica_movil/ros2_ws_lab_1/install/local_setup.sh'
[6.863s] INFO:colcon.colcon_core.shell:Creating prefix util module '/home/paulo/universidad/5to_semestre/robotica_movil/ros2_ws_lab_1/install/_local_setup_util_sh.py'
[6.866s] INFO:colcon.colcon_core.shell:Creating prefix chain script '/home/paulo/universidad/5to_semestre/robotica_movil/ros2_ws_lab_1/install/setup.sh'
[6.873s] INFO:colcon.colcon_core.shell:Creating prefix script '/home/paulo/universidad/5to_semestre/robotica_movil/ros2_ws_lab_1/install/local_setup.bash'
[6.876s] INFO:colcon.colcon_core.shell:Creating prefix chain script '/home/paulo/universidad/5to_semestre/robotica_movil/ros2_ws_lab_1/install/setup.bash'
[6.881s] INFO:colcon.colcon_core.shell:Creating prefix script '/home/paulo/universidad/5to_semestre/robotica_movil/ros2_ws_lab_1/install/local_setup.zsh'
[6.884s] INFO:colcon.colcon_core.shell:Creating prefix chain script '/home/paulo/universidad/5to_semestre/robotica_movil/ros2_ws_lab_1/install/setup.zsh'
