[2.990s] Invoking command in '/home/paulo/universidad/5to_semestre/robotica_movil/ros2_ws_lab_1/src/prueba_5': PYTHONPATH=/home/paulo/universidad/5to_semestre/robotica_movil/ros2_ws_lab_1/build/prueba_5/prefix_override:/usr/lib/python3/dist-packages/colcon_core/task/python/colcon_distutils_commands:/home/paulo/universidad/5to_semestre/robotica_movil/ros2_ws_lab_1/install/prueba_5/lib/python3.10/site-packages:${PYTHONPATH} /usr/bin/python3 -W ignore:setup.py install is deprecated -W ignore:easy_install command is deprecated setup.py egg_info --egg-base ../../build/prueba_5 build --build-base /home/paulo/universidad/5to_semestre/robotica_movil/ros2_ws_lab_1/build/prueba_5/build install --record /home/paulo/universidad/5to_semestre/robotica_movil/ros2_ws_lab_1/build/prueba_5/install.log --single-version-externally-managed install_data
[4.220s] running egg_info
[4.223s] writing ../../build/prueba_5/prueba_5.egg-info/PKG-INFO
[4.225s] writing dependency_links to ../../build/prueba_5/prueba_5.egg-info/dependency_links.txt
[4.226s] writing entry points to ../../build/prueba_5/prueba_5.egg-info/entry_points.txt
[4.227s] writing requirements to ../../build/prueba_5/prueba_5.egg-info/requires.txt
[4.227s] writing top-level names to ../../build/prueba_5/prueba_5.egg-info/top_level.txt
[4.236s] reading manifest file '../../build/prueba_5/prueba_5.egg-info/SOURCES.txt'
[4.241s] writing manifest file '../../build/prueba_5/prueba_5.egg-info/SOURCES.txt'
[4.242s] running build
[4.242s] running build_py
[4.243s] copying prueba_5/dead_reckoning_nav.py -> /home/paulo/universidad/5to_semestre/robotica_movil/ros2_ws_lab_1/build/prueba_5/build/lib/prueba_5
[4.244s] running install
[4.246s] running install_lib
[4.249s] copying /home/paulo/universidad/5to_semestre/robotica_movil/ros2_ws_lab_1/build/prueba_5/build/lib/prueba_5/dead_reckoning_nav.py -> /home/paulo/universidad/5to_semestre/robotica_movil/ros2_ws_lab_1/install/prueba_5/lib/python3.10/site-packages/prueba_5
[4.252s] byte-compiling /home/paulo/universidad/5to_semestre/robotica_movil/ros2_ws_lab_1/install/prueba_5/lib/python3.10/site-packages/prueba_5/dead_reckoning_nav.py to dead_reckoning_nav.cpython-310.pyc
[4.257s] running install_data
[4.258s] running install_egg_info
[4.268s] removing '/home/paulo/universidad/5to_semestre/robotica_movil/ros2_ws_lab_1/install/prueba_5/lib/python3.10/site-packages/prueba_5-0.0.0-py3.10.egg-info' (and everything under it)
[4.270s] Copying ../../build/prueba_5/prueba_5.egg-info to /home/paulo/universidad/5to_semestre/robotica_movil/ros2_ws_lab_1/install/prueba_5/lib/python3.10/site-packages/prueba_5-0.0.0-py3.10.egg-info
[4.274s] running install_scripts
[4.367s] Installing pose_loader script to /home/paulo/universidad/5to_semestre/robotica_movil/ros2_ws_lab_1/install/prueba_5/lib/prueba_5
[4.368s] Installing test_node script to /home/paulo/universidad/5to_semestre/robotica_movil/ros2_ws_lab_1/install/prueba_5/lib/prueba_5
[4.369s] writing list of installed files to '/home/paulo/universidad/5to_semestre/robotica_movil/ros2_ws_lab_1/build/prueba_5/install.log'
[4.462s] Invoked command in '/home/paulo/universidad/5to_semestre/robotica_movil/ros2_ws_lab_1/src/prueba_5' returned '0': PYTHONPATH=/home/paulo/universidad/5to_semestre/robotica_movil/ros2_ws_lab_1/build/prueba_5/prefix_override:/usr/lib/python3/dist-packages/colcon_core/task/python/colcon_distutils_commands:/home/paulo/universidad/5to_semestre/robotica_movil/ros2_ws_lab_1/install/prueba_5/lib/python3.10/site-packages:${PYTHONPATH} /usr/bin/python3 -W ignore:setup.py install is deprecated -W ignore:easy_install command is deprecated setup.py egg_info --egg-base ../../build/prueba_5 build --build-base /home/paulo/universidad/5to_semestre/robotica_movil/ros2_ws_lab_1/build/prueba_5/build install --record /home/paulo/universidad/5to_semestre/robotica_movil/ros2_ws_lab_1/build/prueba_5/install.log --single-version-externally-managed install_data
