[0.346s] Invoking command in '/home/paulo/universidad/5to_semestre/robotica_movil/ros2_ws_lab_1/build/very_simple_robot_simulator': CMAKE_PREFIX_PATH=${CMAKE_PREFIX_PATH}:/home/paulo/universidad/5to_semestre/robotica_movil/ros2_ws_lab_1/install/prueba_5:/home/paulo/universidad/5to_semestre/robotica_movil/Robotica_movil_grupo_8/ros2_ws_lab_1/install/prueba_5:/opt/ros/humble /usr/bin/cmake --build /home/paulo/universidad/5to_semestre/robotica_movil/ros2_ws_lab_1/build/very_simple_robot_simulator -- -j8 -l8
[0.428s] [  0%] Built target ament_cmake_python_symlink_very_simple_robot_simulator
[0.428s] [ 50%] Built target lidar_simulator
[0.435s] [100%] Built target kinect_simulator
[0.720s] running egg_info
[0.720s] writing very_simple_robot_simulator.egg-info/PKG-INFO
[0.721s] writing dependency_links to very_simple_robot_simulator.egg-info/dependency_links.txt
[0.721s] writing top-level names to very_simple_robot_simulator.egg-info/top_level.txt
[0.723s] reading manifest file 'very_simple_robot_simulator.egg-info/SOURCES.txt'
[0.724s] writing manifest file 'very_simple_robot_simulator.egg-info/SOURCES.txt'
[0.757s] [100%] Built target ament_cmake_python_build_very_simple_robot_simulator_egg
[0.774s] Invoked command in '/home/paulo/universidad/5to_semestre/robotica_movil/ros2_ws_lab_1/build/very_simple_robot_simulator' returned '0': CMAKE_PREFIX_PATH=${CMAKE_PREFIX_PATH}:/home/paulo/universidad/5to_semestre/robotica_movil/ros2_ws_lab_1/install/prueba_5:/home/paulo/universidad/5to_semestre/robotica_movil/Robotica_movil_grupo_8/ros2_ws_lab_1/install/prueba_5:/opt/ros/humble /usr/bin/cmake --build /home/paulo/universidad/5to_semestre/robotica_movil/ros2_ws_lab_1/build/very_simple_robot_simulator -- -j8 -l8
[0.776s] Invoking command in '/home/paulo/universidad/5to_semestre/robotica_movil/ros2_ws_lab_1/build/very_simple_robot_simulator': CMAKE_PREFIX_PATH=${CMAKE_PREFIX_PATH}:/home/paulo/universidad/5to_semestre/robotica_movil/ros2_ws_lab_1/install/prueba_5:/home/paulo/universidad/5to_semestre/robotica_movil/Robotica_movil_grupo_8/ros2_ws_lab_1/install/prueba_5:/opt/ros/humble /usr/bin/cmake --install /home/paulo/universidad/5to_semestre/robotica_movil/ros2_ws_lab_1/build/very_simple_robot_simulator
[0.785s] -- Install configuration: ""
[0.786s] -- Execute custom install script
[0.786s] -- Up-to-date symlink: /home/paulo/universidad/5to_semestre/robotica_movil/ros2_ws_lab_1/install/very_simple_robot_simulator/lib/very_simple_robot_simulator/kinect_simulator
[0.786s] -- Up-to-date symlink: /home/paulo/universidad/5to_semestre/robotica_movil/ros2_ws_lab_1/install/very_simple_robot_simulator/lib/very_simple_robot_simulator/lidar_simulator
[0.787s] -- Up-to-date symlink: /home/paulo/universidad/5to_semestre/robotica_movil/ros2_ws_lab_1/install/very_simple_robot_simulator/share/very_simple_robot_simulator/environment/pythonpath.sh
[0.787s] -- Up-to-date symlink: /home/paulo/universidad/5to_semestre/robotica_movil/ros2_ws_lab_1/install/very_simple_robot_simulator/share/very_simple_robot_simulator/environment/pythonpath.dsv
[0.787s] -- Up-to-date symlink: /home/paulo/universidad/5to_semestre/robotica_movil/ros2_ws_lab_1/install/very_simple_robot_simulator/local/lib/python3.10/dist-packages/very_simple_robot_simulator-0.0.0-py3.10.egg-info/PKG-INFO
[0.788s] -- Up-to-date symlink: /home/paulo/universidad/5to_semestre/robotica_movil/ros2_ws_lab_1/install/very_simple_robot_simulator/local/lib/python3.10/dist-packages/very_simple_robot_simulator-0.0.0-py3.10.egg-info/SOURCES.txt
[0.788s] -- Up-to-date symlink: /home/paulo/universidad/5to_semestre/robotica_movil/ros2_ws_lab_1/install/very_simple_robot_simulator/local/lib/python3.10/dist-packages/very_simple_robot_simulator-0.0.0-py3.10.egg-info/dependency_links.txt
[0.788s] -- Up-to-date symlink: /home/paulo/universidad/5to_semestre/robotica_movil/ros2_ws_lab_1/install/very_simple_robot_simulator/local/lib/python3.10/dist-packages/very_simple_robot_simulator-0.0.0-py3.10.egg-info/top_level.txt
[0.788s] -- Up-to-date symlink: /home/paulo/universidad/5to_semestre/robotica_movil/ros2_ws_lab_1/install/very_simple_robot_simulator/local/lib/python3.10/dist-packages/very_simple_robot_simulator/__init__.py
[0.789s] -- Up-to-date symlink: /home/paulo/universidad/5to_semestre/robotica_movil/ros2_ws_lab_1/install/very_simple_robot_simulator/lib/very_simple_robot_simulator/kinect_simulator.py
[0.789s] -- Up-to-date symlink: /home/paulo/universidad/5to_semestre/robotica_movil/ros2_ws_lab_1/install/very_simple_robot_simulator/lib/very_simple_robot_simulator/kobuki_simulator.py
[0.789s] -- Up-to-date symlink: /home/paulo/universidad/5to_semestre/robotica_movil/ros2_ws_lab_1/install/very_simple_robot_simulator/lib/very_simple_robot_simulator/lidar_simulator.py
[0.789s] -- Up-to-date symlink: /home/paulo/universidad/5to_semestre/robotica_movil/ros2_ws_lab_1/install/very_simple_robot_simulator/lib/very_simple_robot_simulator/rangefinder.py
[0.789s] -- Up-to-date symlink: /home/paulo/universidad/5to_semestre/robotica_movil/ros2_ws_lab_1/install/very_simple_robot_simulator/lib/very_simple_robot_simulator/utils.py
[0.790s] -- Up-to-date symlink: /home/paulo/universidad/5to_semestre/robotica_movil/ros2_ws_lab_1/install/very_simple_robot_simulator/lib/very_simple_robot_simulator/world_state_gui.py
[0.790s] -- Up-to-date symlink: /home/paulo/universidad/5to_semestre/robotica_movil/ros2_ws_lab_1/install/very_simple_robot_simulator/share/very_simple_robot_simulator//launch/lidar_simulator.xml
[0.790s] -- Up-to-date symlink: /home/paulo/universidad/5to_semestre/robotica_movil/ros2_ws_lab_1/install/very_simple_robot_simulator/share/very_simple_robot_simulator//launch/minimal_simulator.xml
[0.790s] -- Up-to-date symlink: /home/paulo/universidad/5to_semestre/robotica_movil/ros2_ws_lab_1/install/very_simple_robot_simulator/share/very_simple_robot_simulator//launch/minimal_simulator_py.xml
[0.791s] -- Up-to-date symlink: /home/paulo/universidad/5to_semestre/robotica_movil/ros2_ws_lab_1/install/very_simple_robot_simulator/share/very_simple_robot_simulator//launch/openni_simulator.xml
[0.791s] -- Up-to-date symlink: /home/paulo/universidad/5to_semestre/robotica_movil/ros2_ws_lab_1/install/very_simple_robot_simulator/share/very_simple_robot_simulator//launch/openni_simulator_py.xml
[0.792s] -- Up-to-date symlink: /home/paulo/universidad/5to_semestre/robotica_movil/ros2_ws_lab_1/install/very_simple_robot_simulator/share/very_simple_robot_simulator//launch/run_all.xml
[0.792s] -- Up-to-date symlink: /home/paulo/universidad/5to_semestre/robotica_movil/ros2_ws_lab_1/install/very_simple_robot_simulator/share/very_simple_robot_simulator//launch/world_state.xml
[0.792s] -- Up-to-date symlink: /home/paulo/universidad/5to_semestre/robotica_movil/ros2_ws_lab_1/install/very_simple_robot_simulator/share/ament_index/resource_index/package_run_dependencies/very_simple_robot_simulator
[0.794s] -- Up-to-date symlink: /home/paulo/universidad/5to_semestre/robotica_movil/ros2_ws_lab_1/install/very_simple_robot_simulator/share/ament_index/resource_index/parent_prefix_path/very_simple_robot_simulator
[0.795s] -- Up-to-date symlink: /home/paulo/universidad/5to_semestre/robotica_movil/ros2_ws_lab_1/install/very_simple_robot_simulator/share/very_simple_robot_simulator/environment/ament_prefix_path.sh
[0.795s] -- Up-to-date symlink: /home/paulo/universidad/5to_semestre/robotica_movil/ros2_ws_lab_1/install/very_simple_robot_simulator/share/very_simple_robot_simulator/environment/ament_prefix_path.dsv
[0.795s] -- Up-to-date symlink: /home/paulo/universidad/5to_semestre/robotica_movil/ros2_ws_lab_1/install/very_simple_robot_simulator/share/very_simple_robot_simulator/environment/path.sh
[0.796s] -- Up-to-date symlink: /home/paulo/universidad/5to_semestre/robotica_movil/ros2_ws_lab_1/install/very_simple_robot_simulator/share/very_simple_robot_simulator/environment/path.dsv
[0.797s] -- Up-to-date symlink: /home/paulo/universidad/5to_semestre/robotica_movil/ros2_ws_lab_1/install/very_simple_robot_simulator/share/very_simple_robot_simulator/local_setup.bash
[0.797s] -- Up-to-date symlink: /home/paulo/universidad/5to_semestre/robotica_movil/ros2_ws_lab_1/install/very_simple_robot_simulator/share/very_simple_robot_simulator/local_setup.sh
[0.797s] -- Up-to-date symlink: /home/paulo/universidad/5to_semestre/robotica_movil/ros2_ws_lab_1/install/very_simple_robot_simulator/share/very_simple_robot_simulator/local_setup.zsh
[0.797s] -- Up-to-date symlink: /home/paulo/universidad/5to_semestre/robotica_movil/ros2_ws_lab_1/install/very_simple_robot_simulator/share/very_simple_robot_simulator/local_setup.dsv
[0.797s] -- Symlinking: /home/paulo/universidad/5to_semestre/robotica_movil/ros2_ws_lab_1/install/very_simple_robot_simulator/share/very_simple_robot_simulator/package.dsv
[0.805s] -- Up-to-date symlink: /home/paulo/universidad/5to_semestre/robotica_movil/ros2_ws_lab_1/install/very_simple_robot_simulator/share/ament_index/resource_index/packages/very_simple_robot_simulator
[0.805s] -- Up-to-date symlink: /home/paulo/universidad/5to_semestre/robotica_movil/ros2_ws_lab_1/install/very_simple_robot_simulator/share/very_simple_robot_simulator/cmake/very_simple_robot_simulatorConfig.cmake
[0.805s] -- Up-to-date symlink: /home/paulo/universidad/5to_semestre/robotica_movil/ros2_ws_lab_1/install/very_simple_robot_simulator/share/very_simple_robot_simulator/cmake/very_simple_robot_simulatorConfig-version.cmake
[0.806s] -- Up-to-date symlink: /home/paulo/universidad/5to_semestre/robotica_movil/ros2_ws_lab_1/install/very_simple_robot_simulator/share/very_simple_robot_simulator/package.xml
[0.851s] Listing '/home/paulo/universidad/5to_semestre/robotica_movil/ros2_ws_lab_1/install/very_simple_robot_simulator/local/lib/python3.10/dist-packages/very_simple_robot_simulator'...
[0.861s] Invoked command in '/home/paulo/universidad/5to_semestre/robotica_movil/ros2_ws_lab_1/build/very_simple_robot_simulator' returned '0': CMAKE_PREFIX_PATH=${CMAKE_PREFIX_PATH}:/home/paulo/universidad/5to_semestre/robotica_movil/ros2_ws_lab_1/install/prueba_5:/home/paulo/universidad/5to_semestre/robotica_movil/Robotica_movil_grupo_8/ros2_ws_lab_1/install/prueba_5:/opt/ros/humble /usr/bin/cmake --install /home/paulo/universidad/5to_semestre/robotica_movil/ros2_ws_lab_1/build/very_simple_robot_simulator
