[3.194s] Invoking command in '/home/paulo/universidad/5to_semestre/robotica_movil/ros2_ws_lab_1/src/prueba_5': PYTHONPATH=/home/paulo/universidad/5to_semestre/robotica_movil/ros2_ws_lab_1/build/prueba_5/prefix_override:/usr/lib/python3/dist-packages/colcon_core/task/python/colcon_distutils_commands:/home/paulo/universidad/5to_semestre/robotica_movil/ros2_ws_lab_1/install/prueba_5/lib/python3.10/site-packages:${PYTHONPATH} /usr/bin/python3 -W ignore:setup.py install is deprecated -W ignore:easy_install command is deprecated setup.py egg_info --egg-base ../../build/prueba_5 build --build-base /home/paulo/universidad/5to_semestre/robotica_movil/ros2_ws_lab_1/build/prueba_5/build install --record /home/paulo/universidad/5to_semestre/robotica_movil/ros2_ws_lab_1/build/prueba_5/install.log --single-version-externally-managed install_data
[4.494s] running egg_info
[4.498s] writing ../../build/prueba_5/prueba_5.egg-info/PKG-INFO
[4.499s] writing dependency_links to ../../build/prueba_5/prueba_5.egg-info/dependency_links.txt
[4.500s] writing entry points to ../../build/prueba_5/prueba_5.egg-info/entry_points.txt
[4.502s] writing requirements to ../../build/prueba_5/prueba_5.egg-info/requires.txt
[4.502s] writing top-level names to ../../build/prueba_5/prueba_5.egg-info/top_level.txt
[4.514s] reading manifest file '../../build/prueba_5/prueba_5.egg-info/SOURCES.txt'
[4.522s] writing manifest file '../../build/prueba_5/prueba_5.egg-info/SOURCES.txt'
[4.523s] running build
[4.524s] running build_py
[4.525s] running install
[4.528s] running install_lib
[4.536s] running install_data
[4.537s] running install_egg_info
[4.552s] removing '/home/paulo/universidad/5to_semestre/robotica_movil/ros2_ws_lab_1/install/prueba_5/lib/python3.10/site-packages/prueba_5-0.0.0-py3.10.egg-info' (and everything under it)
[4.554s] Copying ../../build/prueba_5/prueba_5.egg-info to /home/paulo/universidad/5to_semestre/robotica_movil/ros2_ws_lab_1/install/prueba_5/lib/python3.10/site-packages/prueba_5-0.0.0-py3.10.egg-info
[4.560s] running install_scripts
[4.667s] Installing pose_loader script to /home/paulo/universidad/5to_semestre/robotica_movil/ros2_ws_lab_1/install/prueba_5/lib/prueba_5
[4.668s] Installing test_node script to /home/paulo/universidad/5to_semestre/robotica_movil/ros2_ws_lab_1/install/prueba_5/lib/prueba_5
[4.670s] writing list of installed files to '/home/paulo/universidad/5to_semestre/robotica_movil/ros2_ws_lab_1/build/prueba_5/install.log'
[4.791s] Invoked command in '/home/paulo/universidad/5to_semestre/robotica_movil/ros2_ws_lab_1/src/prueba_5' returned '0': PYTHONPATH=/home/paulo/universidad/5to_semestre/robotica_movil/ros2_ws_lab_1/build/prueba_5/prefix_override:/usr/lib/python3/dist-packages/colcon_core/task/python/colcon_distutils_commands:/home/paulo/universidad/5to_semestre/robotica_movil/ros2_ws_lab_1/install/prueba_5/lib/python3.10/site-packages:${PYTHONPATH} /usr/bin/python3 -W ignore:setup.py install is deprecated -W ignore:easy_install command is deprecated setup.py egg_info --egg-base ../../build/prueba_5 build --build-base /home/paulo/universidad/5to_semestre/robotica_movil/ros2_ws_lab_1/build/prueba_5/build install --record /home/paulo/universidad/5to_semestre/robotica_movil/ros2_ws_lab_1/build/prueba_5/install.log --single-version-externally-managed install_data
