[0.585s] DEBUG:colcon:Command line arguments: ['/usr/bin/colcon', 'build']
[0.585s] DEBUG:colcon:Parsed command line arguments: Namespace(log_base=None, log_level=None, verb_name='build', build_base='build', install_base='install', merge_install=False, symlink_install=False, test_result_base=None, continue_on_error=False, executor='parallel', parallel_workers=8, event_handlers=None, ignore_user_meta=False, metas=['./colcon.meta'], base_paths=['.'], packages_ignore=None, packages_ignore_regex=None, paths=None, packages_up_to=None, packages_up_to_regex=None, packages_above=None, packages_above_and_dependencies=None, packages_above_depth=None, packages_select_by_dep=None, packages_skip_by_dep=None, packages_skip_up_to=None, packages_select_build_failed=False, packages_skip_build_finished=False, packages_select_test_failures=False, packages_skip_test_passed=False, packages_select=None, packages_skip=None, packages_select_regex=None, packages_skip_regex=None, packages_start=None, packages_end=None, allow_overriding=[], cmake_args=None, cmake_target=None, cmake_target_skip_unavailable=False, cmake_clean_cache=False, cmake_clean_first=False, cmake_force_configure=False, ament_cmake_args=None, catkin_cmake_args=None, catkin_skip_building_tests=False, mixin_files=None, mixin=None, verb_parser=<colcon_mixin.mixin.mixin_argument.MixinArgumentDecorator object at 0x7685a4c5e410>, verb_extension=<colcon_core.verb.build.BuildVerb object at 0x7685a4ddfdf0>, main=<bound method BuildVerb.main of <colcon_core.verb.build.BuildVerb object at 0x7685a4ddfdf0>>, mixin_verb=('build',))
[1.100s] Level 1:colcon.colcon_core.package_discovery:discover_packages(colcon_meta) check parameters
[1.100s] Level 1:colcon.colcon_core.package_discovery:discover_packages(recursive) check parameters
[1.100s] Level 1:colcon.colcon_core.package_discovery:discover_packages(ignore) check parameters
[1.100s] Level 1:colcon.colcon_core.package_discovery:discover_packages(path) check parameters
[1.100s] Level 1:colcon.colcon_core.package_discovery:discover_packages(colcon_meta) discover
[1.100s] Level 1:colcon.colcon_core.package_discovery:discover_packages(recursive) discover
[1.101s] INFO:colcon.colcon_core.package_discovery:Crawling recursively for packages in '/home/paulo/universidad/5to_semestre/robotica_movil/ros2_ws_lab_1'
[1.101s] Level 1:colcon.colcon_core.package_identification:_identify(.) by extensions ['ignore', 'ignore_ament_install']
[1.101s] Level 1:colcon.colcon_core.package_identification:_identify(.) by extension 'ignore'
[1.101s] Level 1:colcon.colcon_core.package_identification:_identify(.) by extension 'ignore_ament_install'
[1.101s] Level 1:colcon.colcon_core.package_identification:_identify(.) by extensions ['colcon_pkg']
[1.101s] Level 1:colcon.colcon_core.package_identification:_identify(.) by extension 'colcon_pkg'
[1.101s] Level 1:colcon.colcon_core.package_identification:_identify(.) by extensions ['colcon_meta']
[1.101s] Level 1:colcon.colcon_core.package_identification:_identify(.) by extension 'colcon_meta'
[1.101s] Level 1:colcon.colcon_core.package_identification:_identify(.) by extensions ['ros']
[1.101s] Level 1:colcon.colcon_core.package_identification:_identify(.) by extension 'ros'
[1.113s] Level 1:colcon.colcon_core.package_identification:_identify(.) by extensions ['cmake', 'python']
[1.113s] Level 1:colcon.colcon_core.package_identification:_identify(.) by extension 'cmake'
[1.113s] Level 1:colcon.colcon_core.package_identification:_identify(.) by extension 'python'
[1.113s] Level 1:colcon.colcon_core.package_identification:_identify(.) by extensions ['python_setup_py']
[1.113s] Level 1:colcon.colcon_core.package_identification:_identify(.) by extension 'python_setup_py'
[1.113s] Level 1:colcon.colcon_core.package_identification:_identify(build) by extensions ['ignore', 'ignore_ament_install']
[1.113s] Level 1:colcon.colcon_core.package_identification:_identify(build) by extension 'ignore'
[1.113s] Level 1:colcon.colcon_core.package_identification:_identify(build) ignored
[1.114s] Level 1:colcon.colcon_core.package_identification:_identify(install) by extensions ['ignore', 'ignore_ament_install']
[1.114s] Level 1:colcon.colcon_core.package_identification:_identify(install) by extension 'ignore'
[1.114s] Level 1:colcon.colcon_core.package_identification:_identify(install) ignored
[1.128s] Level 1:colcon.colcon_core.package_identification:_identify(log) by extensions ['ignore', 'ignore_ament_install']
[1.128s] Level 1:colcon.colcon_core.package_identification:_identify(log) by extension 'ignore'
[1.128s] Level 1:colcon.colcon_core.package_identification:_identify(log) ignored
[1.128s] Level 1:colcon.colcon_core.package_identification:_identify(src) by extensions ['ignore', 'ignore_ament_install']
[1.129s] Level 1:colcon.colcon_core.package_identification:_identify(src) by extension 'ignore'
[1.129s] Level 1:colcon.colcon_core.package_identification:_identify(src) by extension 'ignore_ament_install'
[1.129s] Level 1:colcon.colcon_core.package_identification:_identify(src) by extensions ['colcon_pkg']
[1.129s] Level 1:colcon.colcon_core.package_identification:_identify(src) by extension 'colcon_pkg'
[1.129s] Level 1:colcon.colcon_core.package_identification:_identify(src) by extensions ['colcon_meta']
[1.129s] Level 1:colcon.colcon_core.package_identification:_identify(src) by extension 'colcon_meta'
[1.129s] Level 1:colcon.colcon_core.package_identification:_identify(src) by extensions ['ros']
[1.129s] Level 1:colcon.colcon_core.package_identification:_identify(src) by extension 'ros'
[1.129s] Level 1:colcon.colcon_core.package_identification:_identify(src) by extensions ['cmake', 'python']
[1.129s] Level 1:colcon.colcon_core.package_identification:_identify(src) by extension 'cmake'
[1.129s] Level 1:colcon.colcon_core.package_identification:_identify(src) by extension 'python'
[1.129s] Level 1:colcon.colcon_core.package_identification:_identify(src) by extensions ['python_setup_py']
[1.130s] Level 1:colcon.colcon_core.package_identification:_identify(src) by extension 'python_setup_py'
[1.130s] Level 1:colcon.colcon_core.package_identification:_identify(src/cmd_vel_mux) by extensions ['ignore', 'ignore_ament_install']
[1.130s] Level 1:colcon.colcon_core.package_identification:_identify(src/cmd_vel_mux) by extension 'ignore'
[1.130s] Level 1:colcon.colcon_core.package_identification:_identify(src/cmd_vel_mux) by extension 'ignore_ament_install'
[1.130s] Level 1:colcon.colcon_core.package_identification:_identify(src/cmd_vel_mux) by extensions ['colcon_pkg']
[1.130s] Level 1:colcon.colcon_core.package_identification:_identify(src/cmd_vel_mux) by extension 'colcon_pkg'
[1.130s] Level 1:colcon.colcon_core.package_identification:_identify(src/cmd_vel_mux) by extensions ['colcon_meta']
[1.130s] Level 1:colcon.colcon_core.package_identification:_identify(src/cmd_vel_mux) by extension 'colcon_meta'
[1.130s] Level 1:colcon.colcon_core.package_identification:_identify(src/cmd_vel_mux) by extensions ['ros']
[1.130s] Level 1:colcon.colcon_core.package_identification:_identify(src/cmd_vel_mux) by extension 'ros'
[1.133s] DEBUG:colcon.colcon_core.package_identification:Package 'src/cmd_vel_mux' with type 'ros.ament_cmake' and name 'cmd_vel_mux'
[1.134s] Level 1:colcon.colcon_core.package_identification:_identify(src/prueba_5) by extensions ['ignore', 'ignore_ament_install']
[1.134s] Level 1:colcon.colcon_core.package_identification:_identify(src/prueba_5) by extension 'ignore'
[1.134s] Level 1:colcon.colcon_core.package_identification:_identify(src/prueba_5) by extension 'ignore_ament_install'
[1.134s] Level 1:colcon.colcon_core.package_identification:_identify(src/prueba_5) by extensions ['colcon_pkg']
[1.134s] Level 1:colcon.colcon_core.package_identification:_identify(src/prueba_5) by extension 'colcon_pkg'
[1.134s] Level 1:colcon.colcon_core.package_identification:_identify(src/prueba_5) by extensions ['colcon_meta']
[1.134s] Level 1:colcon.colcon_core.package_identification:_identify(src/prueba_5) by extension 'colcon_meta'
[1.134s] Level 1:colcon.colcon_core.package_identification:_identify(src/prueba_5) by extensions ['ros']
[1.134s] Level 1:colcon.colcon_core.package_identification:_identify(src/prueba_5) by extension 'ros'
[1.135s] DEBUG:colcon.colcon_core.package_identification:Package 'src/prueba_5' with type 'ros.ament_python' and name 'prueba_5'
[1.135s] Level 1:colcon.colcon_core.package_identification:_identify(src/very_simple_robot_simulator) by extensions ['ignore', 'ignore_ament_install']
[1.135s] Level 1:colcon.colcon_core.package_identification:_identify(src/very_simple_robot_simulator) by extension 'ignore'
[1.135s] Level 1:colcon.colcon_core.package_identification:_identify(src/very_simple_robot_simulator) by extension 'ignore_ament_install'
[1.135s] Level 1:colcon.colcon_core.package_identification:_identify(src/very_simple_robot_simulator) by extensions ['colcon_pkg']
[1.135s] Level 1:colcon.colcon_core.package_identification:_identify(src/very_simple_robot_simulator) by extension 'colcon_pkg'
[1.135s] Level 1:colcon.colcon_core.package_identification:_identify(src/very_simple_robot_simulator) by extensions ['colcon_meta']
[1.135s] Level 1:colcon.colcon_core.package_identification:_identify(src/very_simple_robot_simulator) by extension 'colcon_meta'
[1.135s] Level 1:colcon.colcon_core.package_identification:_identify(src/very_simple_robot_simulator) by extensions ['ros']
[1.135s] Level 1:colcon.colcon_core.package_identification:_identify(src/very_simple_robot_simulator) by extension 'ros'
[1.136s] DEBUG:colcon.colcon_core.package_identification:Package 'src/very_simple_robot_simulator' with type 'ros.ament_cmake' and name 'very_simple_robot_simulator'
[1.136s] Level 1:colcon.colcon_core.package_discovery:discover_packages(recursive) using defaults
[1.136s] Level 1:colcon.colcon_core.package_discovery:discover_packages(ignore) discover
[1.136s] Level 1:colcon.colcon_core.package_discovery:discover_packages(ignore) using defaults
[1.136s] Level 1:colcon.colcon_core.package_discovery:discover_packages(path) discover
[1.136s] Level 1:colcon.colcon_core.package_discovery:discover_packages(path) using defaults
[1.168s] Level 1:colcon.colcon_core.package_discovery:discover_packages(prefix_path) check parameters
[1.168s] Level 1:colcon.colcon_core.package_discovery:discover_packages(prefix_path) discover
[1.290s] DEBUG:colcon.colcon_installed_package_information.package_discovery:Found 3 installed packages in /home/paulo/universidad/5to_semestre/robotica_movil/ros2_ws_lab_1/install
[1.290s] DEBUG:colcon.colcon_installed_package_information.package_discovery:Found 3 installed packages in /home/paulo/universidad/5to_semestre/robotica_movil/Robotica_movil_grupo_8/ros2_ws_lab_1/install
[1.291s] DEBUG:colcon.colcon_installed_package_information.package_discovery:Found 0 installed packages in /home/paulo/universidad/5to_semestre/robotica_movil/ros2_ws_mini_tarea_1/install
[1.292s] DEBUG:colcon.colcon_installed_package_information.package_discovery:Found 274 installed packages in /opt/ros/humble
[1.294s] Level 1:colcon.colcon_core.package_discovery:discover_packages(prefix_path) using defaults
[1.339s] Level 5:colcon.colcon_core.verb:set package 'cmd_vel_mux' build argument 'cmake_args' from command line to 'None'
[1.339s] Level 5:colcon.colcon_core.verb:set package 'cmd_vel_mux' build argument 'cmake_target' from command line to 'None'
[1.339s] Level 5:colcon.colcon_core.verb:set package 'cmd_vel_mux' build argument 'cmake_target_skip_unavailable' from command line to 'False'
[1.339s] Level 5:colcon.colcon_core.verb:set package 'cmd_vel_mux' build argument 'cmake_clean_cache' from command line to 'False'
[1.339s] Level 5:colcon.colcon_core.verb:set package 'cmd_vel_mux' build argument 'cmake_clean_first' from command line to 'False'
[1.339s] Level 5:colcon.colcon_core.verb:set package 'cmd_vel_mux' build argument 'cmake_force_configure' from command line to 'False'
[1.339s] Level 5:colcon.colcon_core.verb:set package 'cmd_vel_mux' build argument 'ament_cmake_args' from command line to 'None'
[1.339s] Level 5:colcon.colcon_core.verb:set package 'cmd_vel_mux' build argument 'catkin_cmake_args' from command line to 'None'
[1.339s] Level 5:colcon.colcon_core.verb:set package 'cmd_vel_mux' build argument 'catkin_skip_building_tests' from command line to 'False'
[1.339s] DEBUG:colcon.colcon_core.verb:Building package 'cmd_vel_mux' with the following arguments: {'ament_cmake_args': None, 'build_base': '/home/paulo/universidad/5to_semestre/robotica_movil/ros2_ws_lab_1/build/cmd_vel_mux', 'catkin_cmake_args': None, 'catkin_skip_building_tests': False, 'cmake_args': None, 'cmake_clean_cache': False, 'cmake_clean_first': False, 'cmake_force_configure': False, 'cmake_target': None, 'cmake_target_skip_unavailable': False, 'install_base': '/home/paulo/universidad/5to_semestre/robotica_movil/ros2_ws_lab_1/install/cmd_vel_mux', 'merge_install': False, 'path': '/home/paulo/universidad/5to_semestre/robotica_movil/ros2_ws_lab_1/src/cmd_vel_mux', 'symlink_install': False, 'test_result_base': None}
[1.340s] Level 5:colcon.colcon_core.verb:set package 'prueba_5' build argument 'cmake_args' from command line to 'None'
[1.340s] Level 5:colcon.colcon_core.verb:set package 'prueba_5' build argument 'cmake_target' from command line to 'None'
[1.340s] Level 5:colcon.colcon_core.verb:set package 'prueba_5' build argument 'cmake_target_skip_unavailable' from command line to 'False'
[1.340s] Level 5:colcon.colcon_core.verb:set package 'prueba_5' build argument 'cmake_clean_cache' from command line to 'False'
[1.340s] Level 5:colcon.colcon_core.verb:set package 'prueba_5' build argument 'cmake_clean_first' from command line to 'False'
[1.340s] Level 5:colcon.colcon_core.verb:set package 'prueba_5' build argument 'cmake_force_configure' from command line to 'False'
[1.340s] Level 5:colcon.colcon_core.verb:set package 'prueba_5' build argument 'ament_cmake_args' from command line to 'None'
[1.340s] Level 5:colcon.colcon_core.verb:set package 'prueba_5' build argument 'catkin_cmake_args' from command line to 'None'
[1.340s] Level 5:colcon.colcon_core.verb:set package 'prueba_5' build argument 'catkin_skip_building_tests' from command line to 'False'
[1.340s] DEBUG:colcon.colcon_core.verb:Building package 'prueba_5' with the following arguments: {'ament_cmake_args': None, 'build_base': '/home/paulo/universidad/5to_semestre/robotica_movil/ros2_ws_lab_1/build/prueba_5', 'catkin_cmake_args': None, 'catkin_skip_building_tests': False, 'cmake_args': None, 'cmake_clean_cache': False, 'cmake_clean_first': False, 'cmake_force_configure': False, 'cmake_target': None, 'cmake_target_skip_unavailable': False, 'install_base': '/home/paulo/universidad/5to_semestre/robotica_movil/ros2_ws_lab_1/install/prueba_5', 'merge_install': False, 'path': '/home/paulo/universidad/5to_semestre/robotica_movil/ros2_ws_lab_1/src/prueba_5', 'symlink_install': False, 'test_result_base': None}
[1.340s] Level 5:colcon.colcon_core.verb:set package 'very_simple_robot_simulator' build argument 'cmake_args' from command line to 'None'
[1.340s] Level 5:colcon.colcon_core.verb:set package 'very_simple_robot_simulator' build argument 'cmake_target' from command line to 'None'
[1.341s] Level 5:colcon.colcon_core.verb:set package 'very_simple_robot_simulator' build argument 'cmake_target_skip_unavailable' from command line to 'False'
[1.341s] Level 5:colcon.colcon_core.verb:set package 'very_simple_robot_simulator' build argument 'cmake_clean_cache' from command line to 'False'
[1.341s] Level 5:colcon.colcon_core.verb:set package 'very_simple_robot_simulator' build argument 'cmake_clean_first' from command line to 'False'
[1.341s] Level 5:colcon.colcon_core.verb:set package 'very_simple_robot_simulator' build argument 'cmake_force_configure' from command line to 'False'
[1.341s] Level 5:colcon.colcon_core.verb:set package 'very_simple_robot_simulator' build argument 'ament_cmake_args' from command line to 'None'
[1.341s] Level 5:colcon.colcon_core.verb:set package 'very_simple_robot_simulator' build argument 'catkin_cmake_args' from command line to 'None'
[1.341s] Level 5:colcon.colcon_core.verb:set package 'very_simple_robot_simulator' build argument 'catkin_skip_building_tests' from command line to 'False'
[1.341s] DEBUG:colcon.colcon_core.verb:Building package 'very_simple_robot_simulator' with the following arguments: {'ament_cmake_args': None, 'build_base': '/home/paulo/universidad/5to_semestre/robotica_movil/ros2_ws_lab_1/build/very_simple_robot_simulator', 'catkin_cmake_args': None, 'catkin_skip_building_tests': False, 'cmake_args': None, 'cmake_clean_cache': False, 'cmake_clean_first': False, 'cmake_force_configure': False, 'cmake_target': None, 'cmake_target_skip_unavailable': False, 'install_base': '/home/paulo/universidad/5to_semestre/robotica_movil/ros2_ws_lab_1/install/very_simple_robot_simulator', 'merge_install': False, 'path': '/home/paulo/universidad/5to_semestre/robotica_movil/ros2_ws_lab_1/src/very_simple_robot_simulator', 'symlink_install': False, 'test_result_base': None}
[1.341s] INFO:colcon.colcon_core.executor:Executing jobs using 'parallel' executor
[1.342s] DEBUG:colcon.colcon_parallel_executor.executor.parallel:run_until_complete
[1.342s] INFO:colcon.colcon_ros.task.ament_cmake.build:Building ROS package in '/home/paulo/universidad/5to_semestre/robotica_movil/ros2_ws_lab_1/src/cmd_vel_mux' with build type 'ament_cmake'
[1.342s] INFO:colcon.colcon_cmake.task.cmake.build:Building CMake package in '/home/paulo/universidad/5to_semestre/robotica_movil/ros2_ws_lab_1/src/cmd_vel_mux'
[1.345s] INFO:colcon.colcon_core.plugin_system:Skipping extension 'colcon_core.shell.bat': Not used on non-Windows systems
[1.345s] INFO:colcon.colcon_core.shell:Skip shell extension 'powershell' for command environment: Not usable outside of PowerShell
[1.345s] DEBUG:colcon.colcon_core.shell:Skip shell extension 'dsv' for command environment
[1.350s] INFO:colcon.colcon_ros.task.ament_python.build:Building ROS package in '/home/paulo/universidad/5to_semestre/robotica_movil/ros2_ws_lab_1/src/prueba_5' with build type 'ament_python'
[1.350s] Level 1:colcon.colcon_core.shell:create_environment_hook('prueba_5', 'ament_prefix_path')
[1.350s] INFO:colcon.colcon_core.shell:Creating environment hook '/home/paulo/universidad/5to_semestre/robotica_movil/ros2_ws_lab_1/install/prueba_5/share/prueba_5/hook/ament_prefix_path.ps1'
[1.351s] INFO:colcon.colcon_core.shell:Creating environment descriptor '/home/paulo/universidad/5to_semestre/robotica_movil/ros2_ws_lab_1/install/prueba_5/share/prueba_5/hook/ament_prefix_path.dsv'
[1.352s] INFO:colcon.colcon_core.shell:Creating environment hook '/home/paulo/universidad/5to_semestre/robotica_movil/ros2_ws_lab_1/install/prueba_5/share/prueba_5/hook/ament_prefix_path.sh'
[1.353s] INFO:colcon.colcon_core.shell:Skip shell extension 'powershell' for command environment: Not usable outside of PowerShell
[1.353s] DEBUG:colcon.colcon_core.shell:Skip shell extension 'dsv' for command environment
[1.358s] INFO:colcon.colcon_ros.task.ament_cmake.build:Building ROS package in '/home/paulo/universidad/5to_semestre/robotica_movil/ros2_ws_lab_1/src/very_simple_robot_simulator' with build type 'ament_cmake'
[1.358s] INFO:colcon.colcon_cmake.task.cmake.build:Building CMake package in '/home/paulo/universidad/5to_semestre/robotica_movil/ros2_ws_lab_1/src/very_simple_robot_simulator'
[1.358s] INFO:colcon.colcon_core.shell:Skip shell extension 'powershell' for command environment: Not usable outside of PowerShell
[1.359s] DEBUG:colcon.colcon_core.shell:Skip shell extension 'dsv' for command environment
[1.398s] DEBUG:colcon.colcon_core.event_handler.log_command:Invoking command in '/home/paulo/universidad/5to_semestre/robotica_movil/ros2_ws_lab_1/build/cmd_vel_mux': CMAKE_PREFIX_PATH=${CMAKE_PREFIX_PATH}:/home/paulo/universidad/5to_semestre/robotica_movil/ros2_ws_lab_1/install/prueba_5:/home/paulo/universidad/5to_semestre/robotica_movil/Robotica_movil_grupo_8/ros2_ws_lab_1/install/prueba_5:/opt/ros/humble /usr/bin/cmake --build /home/paulo/universidad/5to_semestre/robotica_movil/ros2_ws_lab_1/build/cmd_vel_mux -- -j8 -l8
[1.696s] INFO:colcon.colcon_core.task.python.build:Building Python package in '/home/paulo/universidad/5to_semestre/robotica_movil/ros2_ws_lab_1/src/prueba_5'
[1.697s] INFO:colcon.colcon_core.shell:Skip shell extension 'powershell' for command environment: Not usable outside of PowerShell
[1.697s] DEBUG:colcon.colcon_core.shell:Skip shell extension 'dsv' for command environment
[1.708s] DEBUG:colcon.colcon_core.event_handler.log_command:Invoking command in '/home/paulo/universidad/5to_semestre/robotica_movil/ros2_ws_lab_1/build/very_simple_robot_simulator': CMAKE_PREFIX_PATH=${CMAKE_PREFIX_PATH}:/home/paulo/universidad/5to_semestre/robotica_movil/ros2_ws_lab_1/install/prueba_5:/home/paulo/universidad/5to_semestre/robotica_movil/Robotica_movil_grupo_8/ros2_ws_lab_1/install/prueba_5:/opt/ros/humble /usr/bin/cmake --build /home/paulo/universidad/5to_semestre/robotica_movil/ros2_ws_lab_1/build/very_simple_robot_simulator -- -j8 -l8
[1.709s] DEBUG:colcon.colcon_core.event_handler.log_command:Invoked command in '/home/paulo/universidad/5to_semestre/robotica_movil/ros2_ws_lab_1/build/cmd_vel_mux' returned '0': CMAKE_PREFIX_PATH=${CMAKE_PREFIX_PATH}:/home/paulo/universidad/5to_semestre/robotica_movil/ros2_ws_lab_1/install/prueba_5:/home/paulo/universidad/5to_semestre/robotica_movil/Robotica_movil_grupo_8/ros2_ws_lab_1/install/prueba_5:/opt/ros/humble /usr/bin/cmake --build /home/paulo/universidad/5to_semestre/robotica_movil/ros2_ws_lab_1/build/cmd_vel_mux -- -j8 -l8
[1.719s] DEBUG:colcon.colcon_core.event_handler.log_command:Invoking command in '/home/paulo/universidad/5to_semestre/robotica_movil/ros2_ws_lab_1/build/cmd_vel_mux': CMAKE_PREFIX_PATH=${CMAKE_PREFIX_PATH}:/home/paulo/universidad/5to_semestre/robotica_movil/ros2_ws_lab_1/install/prueba_5:/home/paulo/universidad/5to_semestre/robotica_movil/Robotica_movil_grupo_8/ros2_ws_lab_1/install/prueba_5:/opt/ros/humble /usr/bin/cmake --install /home/paulo/universidad/5to_semestre/robotica_movil/ros2_ws_lab_1/build/cmd_vel_mux
[1.747s] Level 1:colcon.colcon_core.environment:create_environment_scripts_only(cmd_vel_mux)
[1.748s] DEBUG:colcon.colcon_core.event_handler.log_command:Invoked command in '/home/paulo/universidad/5to_semestre/robotica_movil/ros2_ws_lab_1/build/cmd_vel_mux' returned '0': CMAKE_PREFIX_PATH=${CMAKE_PREFIX_PATH}:/home/paulo/universidad/5to_semestre/robotica_movil/ros2_ws_lab_1/install/prueba_5:/home/paulo/universidad/5to_semestre/robotica_movil/Robotica_movil_grupo_8/ros2_ws_lab_1/install/prueba_5:/opt/ros/humble /usr/bin/cmake --install /home/paulo/universidad/5to_semestre/robotica_movil/ros2_ws_lab_1/build/cmd_vel_mux
[1.752s] Level 1:colcon.colcon_core.environment:checking '/home/paulo/universidad/5to_semestre/robotica_movil/ros2_ws_lab_1/install/cmd_vel_mux' for CMake module files
[1.753s] Level 1:colcon.colcon_core.environment:checking '/home/paulo/universidad/5to_semestre/robotica_movil/ros2_ws_lab_1/install/cmd_vel_mux' for CMake config files
[1.754s] Level 1:colcon.colcon_core.shell:create_environment_hook('cmd_vel_mux', 'cmake_prefix_path')
[1.755s] INFO:colcon.colcon_core.shell:Creating environment hook '/home/paulo/universidad/5to_semestre/robotica_movil/ros2_ws_lab_1/install/cmd_vel_mux/share/cmd_vel_mux/hook/cmake_prefix_path.ps1'
[1.756s] INFO:colcon.colcon_core.shell:Creating environment descriptor '/home/paulo/universidad/5to_semestre/robotica_movil/ros2_ws_lab_1/install/cmd_vel_mux/share/cmd_vel_mux/hook/cmake_prefix_path.dsv'
[1.756s] INFO:colcon.colcon_core.shell:Creating environment hook '/home/paulo/universidad/5to_semestre/robotica_movil/ros2_ws_lab_1/install/cmd_vel_mux/share/cmd_vel_mux/hook/cmake_prefix_path.sh'
[1.757s] Level 1:colcon.colcon_core.environment:checking '/home/paulo/universidad/5to_semestre/robotica_movil/ros2_ws_lab_1/install/cmd_vel_mux/lib'
[1.758s] Level 1:colcon.colcon_core.shell:create_environment_hook('cmd_vel_mux', 'ld_library_path_lib')
[1.758s] INFO:colcon.colcon_core.shell:Creating environment hook '/home/paulo/universidad/5to_semestre/robotica_movil/ros2_ws_lab_1/install/cmd_vel_mux/share/cmd_vel_mux/hook/ld_library_path_lib.ps1'
[1.759s] INFO:colcon.colcon_core.shell:Creating environment descriptor '/home/paulo/universidad/5to_semestre/robotica_movil/ros2_ws_lab_1/install/cmd_vel_mux/share/cmd_vel_mux/hook/ld_library_path_lib.dsv'
[1.760s] INFO:colcon.colcon_core.shell:Creating environment hook '/home/paulo/universidad/5to_semestre/robotica_movil/ros2_ws_lab_1/install/cmd_vel_mux/share/cmd_vel_mux/hook/ld_library_path_lib.sh'
[1.760s] Level 1:colcon.colcon_core.environment:checking '/home/paulo/universidad/5to_semestre/robotica_movil/ros2_ws_lab_1/install/cmd_vel_mux/bin'
[1.761s] Level 1:colcon.colcon_core.environment:checking '/home/paulo/universidad/5to_semestre/robotica_movil/ros2_ws_lab_1/install/cmd_vel_mux/lib/pkgconfig/cmd_vel_mux.pc'
[1.761s] Level 1:colcon.colcon_core.environment:checking '/home/paulo/universidad/5to_semestre/robotica_movil/ros2_ws_lab_1/install/cmd_vel_mux/lib/python3.10/site-packages'
[1.762s] Level 1:colcon.colcon_core.environment:checking '/home/paulo/universidad/5to_semestre/robotica_movil/ros2_ws_lab_1/install/cmd_vel_mux/bin'
[1.762s] INFO:colcon.colcon_core.shell:Creating package script '/home/paulo/universidad/5to_semestre/robotica_movil/ros2_ws_lab_1/install/cmd_vel_mux/share/cmd_vel_mux/package.ps1'
[1.764s] INFO:colcon.colcon_core.shell:Creating package descriptor '/home/paulo/universidad/5to_semestre/robotica_movil/ros2_ws_lab_1/install/cmd_vel_mux/share/cmd_vel_mux/package.dsv'
[1.765s] INFO:colcon.colcon_core.shell:Creating package script '/home/paulo/universidad/5to_semestre/robotica_movil/ros2_ws_lab_1/install/cmd_vel_mux/share/cmd_vel_mux/package.sh'
[1.767s] INFO:colcon.colcon_core.shell:Creating package script '/home/paulo/universidad/5to_semestre/robotica_movil/ros2_ws_lab_1/install/cmd_vel_mux/share/cmd_vel_mux/package.bash'
[1.768s] INFO:colcon.colcon_core.shell:Creating package script '/home/paulo/universidad/5to_semestre/robotica_movil/ros2_ws_lab_1/install/cmd_vel_mux/share/cmd_vel_mux/package.zsh'
[1.770s] Level 1:colcon.colcon_core.environment:create_file_with_runtime_dependencies(/home/paulo/universidad/5to_semestre/robotica_movil/ros2_ws_lab_1/install/cmd_vel_mux/share/colcon-core/packages/cmd_vel_mux)
[1.771s] Level 1:colcon.colcon_core.environment:create_environment_scripts_only(cmd_vel_mux)
[1.772s] Level 1:colcon.colcon_core.environment:checking '/home/paulo/universidad/5to_semestre/robotica_movil/ros2_ws_lab_1/install/cmd_vel_mux' for CMake module files
[1.773s] Level 1:colcon.colcon_core.environment:checking '/home/paulo/universidad/5to_semestre/robotica_movil/ros2_ws_lab_1/install/cmd_vel_mux' for CMake config files
[1.773s] Level 1:colcon.colcon_core.shell:create_environment_hook('cmd_vel_mux', 'cmake_prefix_path')
[1.774s] INFO:colcon.colcon_core.shell:Creating environment hook '/home/paulo/universidad/5to_semestre/robotica_movil/ros2_ws_lab_1/install/cmd_vel_mux/share/cmd_vel_mux/hook/cmake_prefix_path.ps1'
[1.775s] INFO:colcon.colcon_core.shell:Creating environment descriptor '/home/paulo/universidad/5to_semestre/robotica_movil/ros2_ws_lab_1/install/cmd_vel_mux/share/cmd_vel_mux/hook/cmake_prefix_path.dsv'
[1.775s] INFO:colcon.colcon_core.shell:Creating environment hook '/home/paulo/universidad/5to_semestre/robotica_movil/ros2_ws_lab_1/install/cmd_vel_mux/share/cmd_vel_mux/hook/cmake_prefix_path.sh'
[1.776s] Level 1:colcon.colcon_core.environment:checking '/home/paulo/universidad/5to_semestre/robotica_movil/ros2_ws_lab_1/install/cmd_vel_mux/lib'
[1.776s] Level 1:colcon.colcon_core.shell:create_environment_hook('cmd_vel_mux', 'ld_library_path_lib')
[1.777s] INFO:colcon.colcon_core.shell:Creating environment hook '/home/paulo/universidad/5to_semestre/robotica_movil/ros2_ws_lab_1/install/cmd_vel_mux/share/cmd_vel_mux/hook/ld_library_path_lib.ps1'
[1.778s] INFO:colcon.colcon_core.shell:Creating environment descriptor '/home/paulo/universidad/5to_semestre/robotica_movil/ros2_ws_lab_1/install/cmd_vel_mux/share/cmd_vel_mux/hook/ld_library_path_lib.dsv'
[1.778s] INFO:colcon.colcon_core.shell:Creating environment hook '/home/paulo/universidad/5to_semestre/robotica_movil/ros2_ws_lab_1/install/cmd_vel_mux/share/cmd_vel_mux/hook/ld_library_path_lib.sh'
[1.779s] Level 1:colcon.colcon_core.environment:checking '/home/paulo/universidad/5to_semestre/robotica_movil/ros2_ws_lab_1/install/cmd_vel_mux/bin'
[1.779s] Level 1:colcon.colcon_core.environment:checking '/home/paulo/universidad/5to_semestre/robotica_movil/ros2_ws_lab_1/install/cmd_vel_mux/lib/pkgconfig/cmd_vel_mux.pc'
[1.780s] Level 1:colcon.colcon_core.environment:checking '/home/paulo/universidad/5to_semestre/robotica_movil/ros2_ws_lab_1/install/cmd_vel_mux/lib/python3.10/site-packages'
[1.780s] Level 1:colcon.colcon_core.environment:checking '/home/paulo/universidad/5to_semestre/robotica_movil/ros2_ws_lab_1/install/cmd_vel_mux/bin'
[1.781s] INFO:colcon.colcon_core.shell:Creating package script '/home/paulo/universidad/5to_semestre/robotica_movil/ros2_ws_lab_1/install/cmd_vel_mux/share/cmd_vel_mux/package.ps1'
[1.783s] INFO:colcon.colcon_core.shell:Creating package descriptor '/home/paulo/universidad/5to_semestre/robotica_movil/ros2_ws_lab_1/install/cmd_vel_mux/share/cmd_vel_mux/package.dsv'
[1.784s] INFO:colcon.colcon_core.shell:Creating package script '/home/paulo/universidad/5to_semestre/robotica_movil/ros2_ws_lab_1/install/cmd_vel_mux/share/cmd_vel_mux/package.sh'
[1.785s] INFO:colcon.colcon_core.shell:Creating package script '/home/paulo/universidad/5to_semestre/robotica_movil/ros2_ws_lab_1/install/cmd_vel_mux/share/cmd_vel_mux/package.bash'
[1.786s] INFO:colcon.colcon_core.shell:Creating package script '/home/paulo/universidad/5to_semestre/robotica_movil/ros2_ws_lab_1/install/cmd_vel_mux/share/cmd_vel_mux/package.zsh'
[1.787s] Level 1:colcon.colcon_core.environment:create_file_with_runtime_dependencies(/home/paulo/universidad/5to_semestre/robotica_movil/ros2_ws_lab_1/install/cmd_vel_mux/share/colcon-core/packages/cmd_vel_mux)
[2.122s] DEBUG:colcon.colcon_core.event_handler.log_command:Invoked command in '/home/paulo/universidad/5to_semestre/robotica_movil/ros2_ws_lab_1/build/very_simple_robot_simulator' returned '0': CMAKE_PREFIX_PATH=${CMAKE_PREFIX_PATH}:/home/paulo/universidad/5to_semestre/robotica_movil/ros2_ws_lab_1/install/prueba_5:/home/paulo/universidad/5to_semestre/robotica_movil/Robotica_movil_grupo_8/ros2_ws_lab_1/install/prueba_5:/opt/ros/humble /usr/bin/cmake --build /home/paulo/universidad/5to_semestre/robotica_movil/ros2_ws_lab_1/build/very_simple_robot_simulator -- -j8 -l8
[2.124s] DEBUG:colcon.colcon_core.event_handler.log_command:Invoking command in '/home/paulo/universidad/5to_semestre/robotica_movil/ros2_ws_lab_1/build/very_simple_robot_simulator': CMAKE_PREFIX_PATH=${CMAKE_PREFIX_PATH}:/home/paulo/universidad/5to_semestre/robotica_movil/ros2_ws_lab_1/install/prueba_5:/home/paulo/universidad/5to_semestre/robotica_movil/Robotica_movil_grupo_8/ros2_ws_lab_1/install/prueba_5:/opt/ros/humble /usr/bin/cmake --install /home/paulo/universidad/5to_semestre/robotica_movil/ros2_ws_lab_1/build/very_simple_robot_simulator
[2.128s] DEBUG:colcon.colcon_core.event_handler.log_command:Invoking command in '/home/paulo/universidad/5to_semestre/robotica_movil/ros2_ws_lab_1/src/prueba_5': PYTHONPATH=/home/paulo/universidad/5to_semestre/robotica_movil/ros2_ws_lab_1/build/prueba_5/prefix_override:/usr/lib/python3/dist-packages/colcon_core/task/python/colcon_distutils_commands:/home/paulo/universidad/5to_semestre/robotica_movil/ros2_ws_lab_1/install/prueba_5/lib/python3.10/site-packages:${PYTHONPATH} /usr/bin/python3 -W ignore:setup.py install is deprecated -W ignore:easy_install command is deprecated setup.py egg_info --egg-base ../../build/prueba_5 build --build-base /home/paulo/universidad/5to_semestre/robotica_movil/ros2_ws_lab_1/build/prueba_5/build install --record /home/paulo/universidad/5to_semestre/robotica_movil/ros2_ws_lab_1/build/prueba_5/install.log --single-version-externally-managed install_data
[2.197s] Level 1:colcon.colcon_core.environment:create_environment_scripts_only(very_simple_robot_simulator)
[2.198s] Level 1:colcon.colcon_core.environment:checking '/home/paulo/universidad/5to_semestre/robotica_movil/ros2_ws_lab_1/install/very_simple_robot_simulator' for CMake module files
[2.198s] DEBUG:colcon.colcon_core.event_handler.log_command:Invoked command in '/home/paulo/universidad/5to_semestre/robotica_movil/ros2_ws_lab_1/build/very_simple_robot_simulator' returned '0': CMAKE_PREFIX_PATH=${CMAKE_PREFIX_PATH}:/home/paulo/universidad/5to_semestre/robotica_movil/ros2_ws_lab_1/install/prueba_5:/home/paulo/universidad/5to_semestre/robotica_movil/Robotica_movil_grupo_8/ros2_ws_lab_1/install/prueba_5:/opt/ros/humble /usr/bin/cmake --install /home/paulo/universidad/5to_semestre/robotica_movil/ros2_ws_lab_1/build/very_simple_robot_simulator
[2.199s] Level 1:colcon.colcon_core.environment:checking '/home/paulo/universidad/5to_semestre/robotica_movil/ros2_ws_lab_1/install/very_simple_robot_simulator' for CMake config files
[2.200s] Level 1:colcon.colcon_core.shell:create_environment_hook('very_simple_robot_simulator', 'cmake_prefix_path')
[2.200s] INFO:colcon.colcon_core.shell:Creating environment hook '/home/paulo/universidad/5to_semestre/robotica_movil/ros2_ws_lab_1/install/very_simple_robot_simulator/share/very_simple_robot_simulator/hook/cmake_prefix_path.ps1'
[2.201s] INFO:colcon.colcon_core.shell:Creating environment descriptor '/home/paulo/universidad/5to_semestre/robotica_movil/ros2_ws_lab_1/install/very_simple_robot_simulator/share/very_simple_robot_simulator/hook/cmake_prefix_path.dsv'
[2.201s] INFO:colcon.colcon_core.shell:Creating environment hook '/home/paulo/universidad/5to_semestre/robotica_movil/ros2_ws_lab_1/install/very_simple_robot_simulator/share/very_simple_robot_simulator/hook/cmake_prefix_path.sh'
[2.202s] Level 1:colcon.colcon_core.environment:checking '/home/paulo/universidad/5to_semestre/robotica_movil/ros2_ws_lab_1/install/very_simple_robot_simulator/lib'
[2.202s] Level 1:colcon.colcon_core.environment:checking '/home/paulo/universidad/5to_semestre/robotica_movil/ros2_ws_lab_1/install/very_simple_robot_simulator/bin'
[2.202s] Level 1:colcon.colcon_core.environment:checking '/home/paulo/universidad/5to_semestre/robotica_movil/ros2_ws_lab_1/install/very_simple_robot_simulator/lib/pkgconfig/very_simple_robot_simulator.pc'
[2.202s] Level 1:colcon.colcon_core.environment:checking '/home/paulo/universidad/5to_semestre/robotica_movil/ros2_ws_lab_1/install/very_simple_robot_simulator/lib/python3.10/site-packages'
[2.202s] Level 1:colcon.colcon_core.environment:checking '/home/paulo/universidad/5to_semestre/robotica_movil/ros2_ws_lab_1/install/very_simple_robot_simulator/bin'
[2.203s] INFO:colcon.colcon_core.shell:Creating package script '/home/paulo/universidad/5to_semestre/robotica_movil/ros2_ws_lab_1/install/very_simple_robot_simulator/share/very_simple_robot_simulator/package.ps1'
[2.203s] INFO:colcon.colcon_core.shell:Creating package descriptor '/home/paulo/universidad/5to_semestre/robotica_movil/ros2_ws_lab_1/install/very_simple_robot_simulator/share/very_simple_robot_simulator/package.dsv'
[2.204s] INFO:colcon.colcon_core.shell:Creating package script '/home/paulo/universidad/5to_semestre/robotica_movil/ros2_ws_lab_1/install/very_simple_robot_simulator/share/very_simple_robot_simulator/package.sh'
[2.204s] INFO:colcon.colcon_core.shell:Creating package script '/home/paulo/universidad/5to_semestre/robotica_movil/ros2_ws_lab_1/install/very_simple_robot_simulator/share/very_simple_robot_simulator/package.bash'
[2.205s] INFO:colcon.colcon_core.shell:Creating package script '/home/paulo/universidad/5to_semestre/robotica_movil/ros2_ws_lab_1/install/very_simple_robot_simulator/share/very_simple_robot_simulator/package.zsh'
[2.205s] Level 1:colcon.colcon_core.environment:create_file_with_runtime_dependencies(/home/paulo/universidad/5to_semestre/robotica_movil/ros2_ws_lab_1/install/very_simple_robot_simulator/share/colcon-core/packages/very_simple_robot_simulator)
[2.206s] Level 1:colcon.colcon_core.environment:create_environment_scripts_only(very_simple_robot_simulator)
[2.206s] Level 1:colcon.colcon_core.environment:checking '/home/paulo/universidad/5to_semestre/robotica_movil/ros2_ws_lab_1/install/very_simple_robot_simulator' for CMake module files
[2.207s] Level 1:colcon.colcon_core.environment:checking '/home/paulo/universidad/5to_semestre/robotica_movil/ros2_ws_lab_1/install/very_simple_robot_simulator' for CMake config files
[2.207s] Level 1:colcon.colcon_core.shell:create_environment_hook('very_simple_robot_simulator', 'cmake_prefix_path')
[2.208s] INFO:colcon.colcon_core.shell:Creating environment hook '/home/paulo/universidad/5to_semestre/robotica_movil/ros2_ws_lab_1/install/very_simple_robot_simulator/share/very_simple_robot_simulator/hook/cmake_prefix_path.ps1'
[2.209s] INFO:colcon.colcon_core.shell:Creating environment descriptor '/home/paulo/universidad/5to_semestre/robotica_movil/ros2_ws_lab_1/install/very_simple_robot_simulator/share/very_simple_robot_simulator/hook/cmake_prefix_path.dsv'
[2.209s] INFO:colcon.colcon_core.shell:Creating environment hook '/home/paulo/universidad/5to_semestre/robotica_movil/ros2_ws_lab_1/install/very_simple_robot_simulator/share/very_simple_robot_simulator/hook/cmake_prefix_path.sh'
[2.210s] Level 1:colcon.colcon_core.environment:checking '/home/paulo/universidad/5to_semestre/robotica_movil/ros2_ws_lab_1/install/very_simple_robot_simulator/lib'
[2.210s] Level 1:colcon.colcon_core.environment:checking '/home/paulo/universidad/5to_semestre/robotica_movil/ros2_ws_lab_1/install/very_simple_robot_simulator/bin'
[2.210s] Level 1:colcon.colcon_core.environment:checking '/home/paulo/universidad/5to_semestre/robotica_movil/ros2_ws_lab_1/install/very_simple_robot_simulator/lib/pkgconfig/very_simple_robot_simulator.pc'
[2.210s] Level 1:colcon.colcon_core.environment:checking '/home/paulo/universidad/5to_semestre/robotica_movil/ros2_ws_lab_1/install/very_simple_robot_simulator/lib/python3.10/site-packages'
[2.211s] Level 1:colcon.colcon_core.environment:checking '/home/paulo/universidad/5to_semestre/robotica_movil/ros2_ws_lab_1/install/very_simple_robot_simulator/bin'
[2.211s] INFO:colcon.colcon_core.shell:Creating package script '/home/paulo/universidad/5to_semestre/robotica_movil/ros2_ws_lab_1/install/very_simple_robot_simulator/share/very_simple_robot_simulator/package.ps1'
[2.212s] INFO:colcon.colcon_core.shell:Creating package descriptor '/home/paulo/universidad/5to_semestre/robotica_movil/ros2_ws_lab_1/install/very_simple_robot_simulator/share/very_simple_robot_simulator/package.dsv'
[2.212s] INFO:colcon.colcon_core.shell:Creating package script '/home/paulo/universidad/5to_semestre/robotica_movil/ros2_ws_lab_1/install/very_simple_robot_simulator/share/very_simple_robot_simulator/package.sh'
[2.213s] INFO:colcon.colcon_core.shell:Creating package script '/home/paulo/universidad/5to_semestre/robotica_movil/ros2_ws_lab_1/install/very_simple_robot_simulator/share/very_simple_robot_simulator/package.bash'
[2.213s] INFO:colcon.colcon_core.shell:Creating package script '/home/paulo/universidad/5to_semestre/robotica_movil/ros2_ws_lab_1/install/very_simple_robot_simulator/share/very_simple_robot_simulator/package.zsh'
[2.214s] Level 1:colcon.colcon_core.environment:create_file_with_runtime_dependencies(/home/paulo/universidad/5to_semestre/robotica_movil/ros2_ws_lab_1/install/very_simple_robot_simulator/share/colcon-core/packages/very_simple_robot_simulator)
[2.478s] Level 1:colcon.colcon_core.environment:checking '/home/paulo/universidad/5to_semestre/robotica_movil/ros2_ws_lab_1/install/prueba_5' for CMake module files
[2.479s] DEBUG:colcon.colcon_core.event_handler.log_command:Invoked command in '/home/paulo/universidad/5to_semestre/robotica_movil/ros2_ws_lab_1/src/prueba_5' returned '0': PYTHONPATH=/home/paulo/universidad/5to_semestre/robotica_movil/ros2_ws_lab_1/build/prueba_5/prefix_override:/usr/lib/python3/dist-packages/colcon_core/task/python/colcon_distutils_commands:/home/paulo/universidad/5to_semestre/robotica_movil/ros2_ws_lab_1/install/prueba_5/lib/python3.10/site-packages:${PYTHONPATH} /usr/bin/python3 -W ignore:setup.py install is deprecated -W ignore:easy_install command is deprecated setup.py egg_info --egg-base ../../build/prueba_5 build --build-base /home/paulo/universidad/5to_semestre/robotica_movil/ros2_ws_lab_1/build/prueba_5/build install --record /home/paulo/universidad/5to_semestre/robotica_movil/ros2_ws_lab_1/build/prueba_5/install.log --single-version-externally-managed install_data
[2.479s] Level 1:colcon.colcon_core.environment:checking '/home/paulo/universidad/5to_semestre/robotica_movil/ros2_ws_lab_1/install/prueba_5' for CMake config files
[2.480s] Level 1:colcon.colcon_core.environment:checking '/home/paulo/universidad/5to_semestre/robotica_movil/ros2_ws_lab_1/install/prueba_5/lib'
[2.480s] Level 1:colcon.colcon_core.environment:checking '/home/paulo/universidad/5to_semestre/robotica_movil/ros2_ws_lab_1/install/prueba_5/bin'
[2.480s] Level 1:colcon.colcon_core.environment:checking '/home/paulo/universidad/5to_semestre/robotica_movil/ros2_ws_lab_1/install/prueba_5/lib/pkgconfig/prueba_5.pc'
[2.481s] Level 1:colcon.colcon_core.environment:checking '/home/paulo/universidad/5to_semestre/robotica_movil/ros2_ws_lab_1/install/prueba_5/lib/python3.10/site-packages'
[2.481s] Level 1:colcon.colcon_core.shell:create_environment_hook('prueba_5', 'pythonpath')
[2.481s] INFO:colcon.colcon_core.shell:Creating environment hook '/home/paulo/universidad/5to_semestre/robotica_movil/ros2_ws_lab_1/install/prueba_5/share/prueba_5/hook/pythonpath.ps1'
[2.482s] INFO:colcon.colcon_core.shell:Creating environment descriptor '/home/paulo/universidad/5to_semestre/robotica_movil/ros2_ws_lab_1/install/prueba_5/share/prueba_5/hook/pythonpath.dsv'
[2.483s] INFO:colcon.colcon_core.shell:Creating environment hook '/home/paulo/universidad/5to_semestre/robotica_movil/ros2_ws_lab_1/install/prueba_5/share/prueba_5/hook/pythonpath.sh'
[2.484s] Level 1:colcon.colcon_core.environment:checking '/home/paulo/universidad/5to_semestre/robotica_movil/ros2_ws_lab_1/install/prueba_5/bin'
[2.484s] Level 1:colcon.colcon_core.environment:create_environment_scripts_only(prueba_5)
[2.484s] INFO:colcon.colcon_core.shell:Creating package script '/home/paulo/universidad/5to_semestre/robotica_movil/ros2_ws_lab_1/install/prueba_5/share/prueba_5/package.ps1'
[2.485s] INFO:colcon.colcon_core.shell:Creating package descriptor '/home/paulo/universidad/5to_semestre/robotica_movil/ros2_ws_lab_1/install/prueba_5/share/prueba_5/package.dsv'
[2.486s] INFO:colcon.colcon_core.shell:Creating package script '/home/paulo/universidad/5to_semestre/robotica_movil/ros2_ws_lab_1/install/prueba_5/share/prueba_5/package.sh'
[2.487s] INFO:colcon.colcon_core.shell:Creating package script '/home/paulo/universidad/5to_semestre/robotica_movil/ros2_ws_lab_1/install/prueba_5/share/prueba_5/package.bash'
[2.487s] INFO:colcon.colcon_core.shell:Creating package script '/home/paulo/universidad/5to_semestre/robotica_movil/ros2_ws_lab_1/install/prueba_5/share/prueba_5/package.zsh'
[2.488s] Level 1:colcon.colcon_core.environment:create_file_with_runtime_dependencies(/home/paulo/universidad/5to_semestre/robotica_movil/ros2_ws_lab_1/install/prueba_5/share/colcon-core/packages/prueba_5)
[2.488s] DEBUG:colcon.colcon_parallel_executor.executor.parallel:closing loop
[2.489s] DEBUG:colcon.colcon_parallel_executor.executor.parallel:loop closed
[2.489s] DEBUG:colcon.colcon_parallel_executor.executor.parallel:run_until_complete finished with '0'
[2.489s] DEBUG:colcon.colcon_core.event_reactor:joining thread
[2.494s] INFO:colcon.colcon_core.plugin_system:Skipping extension 'colcon_notification.desktop_notification.terminal_notifier': Not used on non-Darwin systems
[2.495s] INFO:colcon.colcon_core.plugin_system:Skipping extension 'colcon_notification.desktop_notification.win32': Not used on non-Windows systems
[2.495s] INFO:colcon.colcon_notification.desktop_notification:Sending desktop notification using 'notify2'
[2.509s] DEBUG:colcon.colcon_core.event_reactor:joined thread
[2.510s] INFO:colcon.colcon_core.shell:Creating prefix script '/home/paulo/universidad/5to_semestre/robotica_movil/ros2_ws_lab_1/install/local_setup.ps1'
[2.511s] INFO:colcon.colcon_core.shell:Creating prefix util module '/home/paulo/universidad/5to_semestre/robotica_movil/ros2_ws_lab_1/install/_local_setup_util_ps1.py'
[2.512s] INFO:colcon.colcon_core.shell:Creating prefix chain script '/home/paulo/universidad/5to_semestre/robotica_movil/ros2_ws_lab_1/install/setup.ps1'
[2.514s] INFO:colcon.colcon_core.shell:Creating prefix script '/home/paulo/universidad/5to_semestre/robotica_movil/ros2_ws_lab_1/install/local_setup.sh'
[2.514s] INFO:colcon.colcon_core.shell:Creating prefix util module '/home/paulo/universidad/5to_semestre/robotica_movil/ros2_ws_lab_1/install/_local_setup_util_sh.py'
[2.515s] INFO:colcon.colcon_core.shell:Creating prefix chain script '/home/paulo/universidad/5to_semestre/robotica_movil/ros2_ws_lab_1/install/setup.sh'
[2.516s] INFO:colcon.colcon_core.shell:Creating prefix script '/home/paulo/universidad/5to_semestre/robotica_movil/ros2_ws_lab_1/install/local_setup.bash'
[2.517s] INFO:colcon.colcon_core.shell:Creating prefix chain script '/home/paulo/universidad/5to_semestre/robotica_movil/ros2_ws_lab_1/install/setup.bash'
[2.518s] INFO:colcon.colcon_core.shell:Creating prefix script '/home/paulo/universidad/5to_semestre/robotica_movil/ros2_ws_lab_1/install/local_setup.zsh'
[2.544s] INFO:colcon.colcon_core.shell:Creating prefix chain script '/home/paulo/universidad/5to_semestre/robotica_movil/ros2_ws_lab_1/install/setup.zsh'
