[0.057s] Invoking command in '/home/paulo/universidad/5to_semestre/robotica_movil/ros2_ws_lab_1/build/very_simple_robot_simulator': CMAKE_PREFIX_PATH=/opt/ros/humble /usr/bin/cmake /home/paulo/universidad/5to_semestre/robotica_movil/ros2_ws_lab_1/src/very_simple_robot_simulator -DAMENT_CMAKE_SYMLINK_INSTALL=1 -DCMAKE_INSTALL_PREFIX=/home/paulo/universidad/5to_semestre/robotica_movil/ros2_ws_lab_1/install/very_simple_robot_simulator
[3.352s] -- The C compiler identification is GNU 11.4.0
[4.691s] -- The CXX compiler identification is GNU 11.4.0
[4.746s] -- Detecting C compiler ABI info
[5.296s] -- Detecting C compiler ABI info - done
[5.332s] -- Check for working C compiler: /usr/bin/cc - skipped
[5.333s] -- Detecting C compile features
[5.429s] -- Detecting C compile features - done
[5.520s] -- Detecting CXX compiler ABI info
[5.979s] -- Detecting CXX compiler ABI info - done
[6.015s] -- Check for working CXX compiler: /usr/bin/c++ - skipped
[6.017s] -- Detecting CXX compile features
[6.019s] -- Detecting CXX compile features - done
[6.447s] -- Found ament_cmake: 1.3.11 (/opt/ros/humble/share/ament_cmake/cmake)
[7.393s] -- Found Python3: /usr/bin/python3 (found version "3.10.12") found components: Interpreter 
[7.970s] -- Override CMake install command with custom implementation using symlinks instead of copying resources
[8.376s] -- Found rclcpp: 16.0.12 (/opt/ros/humble/share/rclcpp/cmake)
[8.957s] -- Found rosidl_generator_c: 3.1.6 (/opt/ros/humble/share/rosidl_generator_c/cmake)
[8.990s] -- Found rosidl_adapter: 3.1.6 (/opt/ros/humble/share/rosidl_adapter/cmake)
[9.044s] -- Found rosidl_generator_cpp: 3.1.6 (/opt/ros/humble/share/rosidl_generator_cpp/cmake)
[9.160s] -- Using all available rosidl_typesupport_c: rosidl_typesupport_fastrtps_c;rosidl_typesupport_introspection_c
[9.318s] -- Using all available rosidl_typesupport_cpp: rosidl_typesupport_fastrtps_cpp;rosidl_typesupport_introspection_cpp
[9.755s] -- Found rmw_implementation_cmake: 6.1.2 (/opt/ros/humble/share/rmw_implementation_cmake/cmake)
[9.780s] -- Found rmw_fastrtps_cpp: 6.2.7 (/opt/ros/humble/share/rmw_fastrtps_cpp/cmake)
[10.595s] -- Found OpenSSL: /usr/lib/x86_64-linux-gnu/libcrypto.so (found version "3.0.2")  
[10.837s] -- Found FastRTPS: /opt/ros/humble/include  
[11.013s] -- Using RMW implementation 'rmw_fastrtps_cpp' as default
[11.390s] -- Looking for pthread.h
[11.954s] -- Looking for pthread.h - found
[11.956s] -- Performing Test CMAKE_HAVE_LIBC_PTHREAD
[12.397s] -- Performing Test CMAKE_HAVE_LIBC_PTHREAD - Success
[12.402s] -- Found Threads: TRUE  
[12.920s] -- Found rclpy: 3.3.16 (/opt/ros/humble/share/rclpy/cmake)
[12.982s] -- Found image_transport: 3.1.11 (/opt/ros/humble/share/image_transport/cmake)
[13.469s] -- Found nav_msgs: 4.8.0 (/opt/ros/humble/share/nav_msgs/cmake)
[13.633s] -- Found tf2: 0.25.12 (/opt/ros/humble/share/tf2/cmake)
[13.664s] -- Found tf2_geometry_msgs: 0.25.12 (/opt/ros/humble/share/tf2_geometry_msgs/cmake)
[14.034s] -- Found eigen3_cmake_module: 0.1.1 (/opt/ros/humble/share/eigen3_cmake_module/cmake)
[14.041s] -- Found Eigen3: TRUE (found version "3.4.0") 
[14.042s] -- Ensuring Eigen3 include directory is part of orocos-kdl CMake target
[15.043s] -- Found cv_bridge: 3.2.1 (/opt/ros/humble/share/cv_bridge/cmake)
[15.279s] -- Found OpenCV: /usr (found version "4.5.4") 
[15.758s] -- Found ament_lint_auto: 0.12.12 (/opt/ros/humble/share/ament_lint_auto/cmake)
[16.163s] -- Added test 'cppcheck' to perform static code analysis on C / C++ code
[16.168s] -- Configured cppcheck include dirs: /home/paulo/universidad/5to_semestre/robotica_movil/ros2_ws_lab_1/src/very_simple_robot_simulator/include/very_simple_robot_simulator
[16.168s] -- Configured cppcheck exclude dirs and/or files: 
[16.173s] -- Added test 'flake8' to check Python code syntax and style conventions
[16.180s] -- Added test 'lint_cmake' to check CMake code style
[16.185s] -- Added test 'pep257' to check Python code against some of the docstring style conventions in PEP 257
[16.207s] -- Added test 'uncrustify' to check C / C++ code style
[16.207s] -- Configured uncrustify additional arguments: 
[16.212s] -- Added test 'xmllint' to check XML markup files
[16.229s] -- Configuring done
[16.647s] -- Generating done
[16.684s] -- Build files have been written to: /home/paulo/universidad/5to_semestre/robotica_movil/ros2_ws_lab_1/build/very_simple_robot_simulator
