[3.489s] DEBUG:colcon:Command line arguments: ['/usr/bin/colcon', 'build']
[3.490s] DEBUG:colcon:Parsed command line arguments: Namespace(log_base=None, log_level=None, verb_name='build', build_base='build', install_base='install', merge_install=False, symlink_install=False, test_result_base=None, continue_on_error=False, executor='parallel', parallel_workers=8, event_handlers=None, ignore_user_meta=False, metas=['./colcon.meta'], base_paths=['.'], packages_ignore=None, packages_ignore_regex=None, paths=None, packages_up_to=None, packages_up_to_regex=None, packages_above=None, packages_above_and_dependencies=None, packages_above_depth=None, packages_select_by_dep=None, packages_skip_by_dep=None, packages_skip_up_to=None, packages_select_build_failed=False, packages_skip_build_finished=False, packages_select_test_failures=False, packages_skip_test_passed=False, packages_select=None, packages_skip=None, packages_select_regex=None, packages_skip_regex=None, packages_start=None, packages_end=None, allow_overriding=[], cmake_args=None, cmake_target=None, cmake_target_skip_unavailable=False, cmake_clean_cache=False, cmake_clean_first=False, cmake_force_configure=False, ament_cmake_args=None, catkin_cmake_args=None, catkin_skip_building_tests=False, mixin_files=None, mixin=None, verb_parser=<colcon_mixin.mixin.mixin_argument.MixinArgumentDecorator object at 0x72513cf59360>, verb_extension=<colcon_core.verb.build.BuildVerb object at 0x72513d0d6d40>, main=<bound method BuildVerb.main of <colcon_core.verb.build.BuildVerb object at 0x72513d0d6d40>>, mixin_verb=('build',))
[7.884s] Level 1:colcon.colcon_core.package_discovery:discover_packages(colcon_meta) check parameters
[7.885s] Level 1:colcon.colcon_core.package_discovery:discover_packages(recursive) check parameters
[7.885s] Level 1:colcon.colcon_core.package_discovery:discover_packages(ignore) check parameters
[7.885s] Level 1:colcon.colcon_core.package_discovery:discover_packages(path) check parameters
[7.885s] Level 1:colcon.colcon_core.package_discovery:discover_packages(colcon_meta) discover
[7.886s] Level 1:colcon.colcon_core.package_discovery:discover_packages(recursive) discover
[7.886s] INFO:colcon.colcon_core.package_discovery:Crawling recursively for packages in '/home/paulo/universidad/5to_semestre/robotica_movil/ros2_ws_lab_1'
[7.886s] Level 1:colcon.colcon_core.package_identification:_identify(.) by extensions ['ignore', 'ignore_ament_install']
[7.887s] Level 1:colcon.colcon_core.package_identification:_identify(.) by extension 'ignore'
[7.887s] Level 1:colcon.colcon_core.package_identification:_identify(.) by extension 'ignore_ament_install'
[7.887s] Level 1:colcon.colcon_core.package_identification:_identify(.) by extensions ['colcon_pkg']
[7.888s] Level 1:colcon.colcon_core.package_identification:_identify(.) by extension 'colcon_pkg'
[7.888s] Level 1:colcon.colcon_core.package_identification:_identify(.) by extensions ['colcon_meta']
[7.888s] Level 1:colcon.colcon_core.package_identification:_identify(.) by extension 'colcon_meta'
[7.888s] Level 1:colcon.colcon_core.package_identification:_identify(.) by extensions ['ros']
[7.888s] Level 1:colcon.colcon_core.package_identification:_identify(.) by extension 'ros'
[7.979s] Level 1:colcon.colcon_core.package_identification:_identify(.) by extensions ['cmake', 'python']
[7.979s] Level 1:colcon.colcon_core.package_identification:_identify(.) by extension 'cmake'
[7.980s] Level 1:colcon.colcon_core.package_identification:_identify(.) by extension 'python'
[7.980s] Level 1:colcon.colcon_core.package_identification:_identify(.) by extensions ['python_setup_py']
[7.980s] Level 1:colcon.colcon_core.package_identification:_identify(.) by extension 'python_setup_py'
[7.981s] Level 1:colcon.colcon_core.package_identification:_identify(build) by extensions ['ignore', 'ignore_ament_install']
[7.981s] Level 1:colcon.colcon_core.package_identification:_identify(build) by extension 'ignore'
[7.982s] Level 1:colcon.colcon_core.package_identification:_identify(build) ignored
[7.982s] Level 1:colcon.colcon_core.package_identification:_identify(install) by extensions ['ignore', 'ignore_ament_install']
[7.983s] Level 1:colcon.colcon_core.package_identification:_identify(install) by extension 'ignore'
[7.983s] Level 1:colcon.colcon_core.package_identification:_identify(install) ignored
[7.984s] Level 1:colcon.colcon_core.package_identification:_identify(log) by extensions ['ignore', 'ignore_ament_install']
[7.984s] Level 1:colcon.colcon_core.package_identification:_identify(log) by extension 'ignore'
[7.984s] Level 1:colcon.colcon_core.package_identification:_identify(log) ignored
[7.985s] Level 1:colcon.colcon_core.package_identification:_identify(src) by extensions ['ignore', 'ignore_ament_install']
[7.985s] Level 1:colcon.colcon_core.package_identification:_identify(src) by extension 'ignore'
[7.985s] Level 1:colcon.colcon_core.package_identification:_identify(src) by extension 'ignore_ament_install'
[7.986s] Level 1:colcon.colcon_core.package_identification:_identify(src) by extensions ['colcon_pkg']
[7.986s] Level 1:colcon.colcon_core.package_identification:_identify(src) by extension 'colcon_pkg'
[7.986s] Level 1:colcon.colcon_core.package_identification:_identify(src) by extensions ['colcon_meta']
[7.986s] Level 1:colcon.colcon_core.package_identification:_identify(src) by extension 'colcon_meta'
[7.986s] Level 1:colcon.colcon_core.package_identification:_identify(src) by extensions ['ros']
[7.987s] Level 1:colcon.colcon_core.package_identification:_identify(src) by extension 'ros'
[7.987s] Level 1:colcon.colcon_core.package_identification:_identify(src) by extensions ['cmake', 'python']
[7.987s] Level 1:colcon.colcon_core.package_identification:_identify(src) by extension 'cmake'
[7.987s] Level 1:colcon.colcon_core.package_identification:_identify(src) by extension 'python'
[7.988s] Level 1:colcon.colcon_core.package_identification:_identify(src) by extensions ['python_setup_py']
[7.988s] Level 1:colcon.colcon_core.package_identification:_identify(src) by extension 'python_setup_py'
[7.988s] Level 1:colcon.colcon_core.package_discovery:discover_packages(recursive) using defaults
[7.988s] Level 1:colcon.colcon_core.package_discovery:discover_packages(ignore) discover
[7.988s] Level 1:colcon.colcon_core.package_discovery:discover_packages(ignore) using defaults
[7.989s] Level 1:colcon.colcon_core.package_discovery:discover_packages(path) discover
[7.989s] Level 1:colcon.colcon_core.package_discovery:discover_packages(path) using defaults
[8.343s] Level 1:colcon.colcon_core.package_discovery:discover_packages(prefix_path) check parameters
[8.343s] Level 1:colcon.colcon_core.package_discovery:discover_packages(prefix_path) discover
[8.377s] DEBUG:colcon.colcon_installed_package_information.package_discovery:Found 0 installed packages in /home/paulo/universidad/5to_semestre/robotica_movil/ros2_ws_mini_tarea_1/install
[8.385s] DEBUG:colcon.colcon_installed_package_information.package_discovery:Found 271 installed packages in /opt/ros/humble
[8.393s] Level 1:colcon.colcon_core.package_discovery:discover_packages(prefix_path) using defaults
[8.605s] INFO:colcon.colcon_core.executor:Executing jobs using 'parallel' executor
[8.608s] DEBUG:colcon.colcon_parallel_executor.executor.parallel:run_until_complete
[8.609s] DEBUG:colcon.colcon_parallel_executor.executor.parallel:closing loop
[8.610s] DEBUG:colcon.colcon_parallel_executor.executor.parallel:loop closed
[8.610s] DEBUG:colcon.colcon_parallel_executor.executor.parallel:run_until_complete finished with '0'
[8.610s] DEBUG:colcon.colcon_core.event_reactor:joining thread
[8.731s] INFO:colcon.colcon_core.plugin_system:Skipping extension 'colcon_notification.desktop_notification.terminal_notifier': Not used on non-Darwin systems
[8.732s] INFO:colcon.colcon_core.plugin_system:Skipping extension 'colcon_notification.desktop_notification.win32': Not used on non-Windows systems
[8.732s] INFO:colcon.colcon_notification.desktop_notification:Sending desktop notification using 'notify2'
[8.799s] DEBUG:colcon.colcon_core.event_reactor:joined thread
[8.840s] INFO:colcon.colcon_core.plugin_system:Skipping extension 'colcon_core.shell.bat': Not used on non-Windows systems
[8.841s] INFO:colcon.colcon_core.shell:Creating prefix script '/home/paulo/universidad/5to_semestre/robotica_movil/ros2_ws_lab_1/install/local_setup.ps1'
[8.848s] INFO:colcon.colcon_core.shell:Creating prefix util module '/home/paulo/universidad/5to_semestre/robotica_movil/ros2_ws_lab_1/install/_local_setup_util_ps1.py'
[8.874s] INFO:colcon.colcon_core.shell:Creating prefix chain script '/home/paulo/universidad/5to_semestre/robotica_movil/ros2_ws_lab_1/install/setup.ps1'
[8.879s] INFO:colcon.colcon_core.shell:Creating prefix script '/home/paulo/universidad/5to_semestre/robotica_movil/ros2_ws_lab_1/install/local_setup.sh'
[8.881s] INFO:colcon.colcon_core.shell:Creating prefix util module '/home/paulo/universidad/5to_semestre/robotica_movil/ros2_ws_lab_1/install/_local_setup_util_sh.py'
[8.885s] INFO:colcon.colcon_core.shell:Creating prefix chain script '/home/paulo/universidad/5to_semestre/robotica_movil/ros2_ws_lab_1/install/setup.sh'
[8.892s] INFO:colcon.colcon_core.shell:Creating prefix script '/home/paulo/universidad/5to_semestre/robotica_movil/ros2_ws_lab_1/install/local_setup.bash'
[8.906s] INFO:colcon.colcon_core.shell:Creating prefix chain script '/home/paulo/universidad/5to_semestre/robotica_movil/ros2_ws_lab_1/install/setup.bash'
[8.910s] INFO:colcon.colcon_core.shell:Creating prefix script '/home/paulo/universidad/5to_semestre/robotica_movil/ros2_ws_lab_1/install/local_setup.zsh'
[8.914s] INFO:colcon.colcon_core.shell:Creating prefix chain script '/home/paulo/universidad/5to_semestre/robotica_movil/ros2_ws_lab_1/install/setup.zsh'
