[0.092s] Invoking command in '/home/paulo/universidad/5to_semestre/robotica_movil/ros2_ws_lab_1/build/cmd_vel_mux': CMAKE_PREFIX_PATH=${CMAKE_PREFIX_PATH}:/home/paulo/universidad/5to_semestre/robotica_movil/ros2_ws_lab_1/install/prueba_5:/opt/ros/humble /usr/bin/cmake --build /home/paulo/universidad/5to_semestre/robotica_movil/ros2_ws_lab_1/build/cmd_vel_mux -- -j8 -l8
[1.329s] [ 75%] Built target cmd_vel_mux_node
[1.329s] [100%] Built target cmd_vel_mux
[1.362s] Invoked command in '/home/paulo/universidad/5to_semestre/robotica_movil/ros2_ws_lab_1/build/cmd_vel_mux' returned '0': CMAKE_PREFIX_PATH=${CMAKE_PREFIX_PATH}:/home/paulo/universidad/5to_semestre/robotica_movil/ros2_ws_lab_1/install/prueba_5:/opt/ros/humble /usr/bin/cmake --build /home/paulo/universidad/5to_semestre/robotica_movil/ros2_ws_lab_1/build/cmd_vel_mux -- -j8 -l8
[1.410s] Invoking command in '/home/paulo/universidad/5to_semestre/robotica_movil/ros2_ws_lab_1/build/cmd_vel_mux': CMAKE_PREFIX_PATH=${CMAKE_PREFIX_PATH}:/home/paulo/universidad/5to_semestre/robotica_movil/ros2_ws_lab_1/install/prueba_5:/opt/ros/humble /usr/bin/cmake --install /home/paulo/universidad/5to_semestre/robotica_movil/ros2_ws_lab_1/build/cmd_vel_mux
[1.444s] -- Install configuration: ""
[1.447s] -- Execute custom install script
[1.453s] -- Up-to-date symlink: /home/paulo/universidad/5to_semestre/robotica_movil/ros2_ws_lab_1/install/cmd_vel_mux/lib/cmd_vel_mux/cmd_vel_mux_node
[1.455s] -- Up-to-date symlink: /home/paulo/universidad/5to_semestre/robotica_movil/ros2_ws_lab_1/install/cmd_vel_mux/lib/libcmd_vel_mux.so
[1.455s] -- Up-to-date symlink: /home/paulo/universidad/5to_semestre/robotica_movil/ros2_ws_lab_1/install/cmd_vel_mux/include/cmd_vel_mux/cmd_vel_mux.hpp
[1.456s] -- Up-to-date symlink: /home/paulo/universidad/5to_semestre/robotica_movil/ros2_ws_lab_1/install/cmd_vel_mux/share/cmd_vel_mux/config/cmd_vel_mux_params.yaml
[1.458s] -- Up-to-date symlink: /home/paulo/universidad/5to_semestre/robotica_movil/ros2_ws_lab_1/install/cmd_vel_mux/share/cmd_vel_mux/launch/cmd_vel_mux-composed-launch.py
[1.459s] -- Up-to-date symlink: /home/paulo/universidad/5to_semestre/robotica_movil/ros2_ws_lab_1/install/cmd_vel_mux/share/cmd_vel_mux/launch/cmd_vel_mux-launch.py
[1.461s] -- Up-to-date symlink: /home/paulo/universidad/5to_semestre/robotica_movil/ros2_ws_lab_1/install/cmd_vel_mux/share/ament_index/resource_index/package_run_dependencies/cmd_vel_mux
[1.464s] -- Up-to-date symlink: /home/paulo/universidad/5to_semestre/robotica_movil/ros2_ws_lab_1/install/cmd_vel_mux/share/ament_index/resource_index/parent_prefix_path/cmd_vel_mux
[1.465s] -- Up-to-date symlink: /home/paulo/universidad/5to_semestre/robotica_movil/ros2_ws_lab_1/install/cmd_vel_mux/share/cmd_vel_mux/environment/ament_prefix_path.sh
[1.467s] -- Up-to-date symlink: /home/paulo/universidad/5to_semestre/robotica_movil/ros2_ws_lab_1/install/cmd_vel_mux/share/cmd_vel_mux/environment/ament_prefix_path.dsv
[1.469s] -- Up-to-date symlink: /home/paulo/universidad/5to_semestre/robotica_movil/ros2_ws_lab_1/install/cmd_vel_mux/share/cmd_vel_mux/environment/path.sh
[1.470s] -- Up-to-date symlink: /home/paulo/universidad/5to_semestre/robotica_movil/ros2_ws_lab_1/install/cmd_vel_mux/share/cmd_vel_mux/environment/path.dsv
[1.472s] -- Up-to-date symlink: /home/paulo/universidad/5to_semestre/robotica_movil/ros2_ws_lab_1/install/cmd_vel_mux/share/cmd_vel_mux/local_setup.bash
[1.474s] -- Up-to-date symlink: /home/paulo/universidad/5to_semestre/robotica_movil/ros2_ws_lab_1/install/cmd_vel_mux/share/cmd_vel_mux/local_setup.sh
[1.475s] -- Up-to-date symlink: /home/paulo/universidad/5to_semestre/robotica_movil/ros2_ws_lab_1/install/cmd_vel_mux/share/cmd_vel_mux/local_setup.zsh
[1.477s] -- Up-to-date symlink: /home/paulo/universidad/5to_semestre/robotica_movil/ros2_ws_lab_1/install/cmd_vel_mux/share/cmd_vel_mux/local_setup.dsv
[1.478s] -- Symlinking: /home/paulo/universidad/5to_semestre/robotica_movil/ros2_ws_lab_1/install/cmd_vel_mux/share/cmd_vel_mux/package.dsv
[1.523s] -- Up-to-date symlink: /home/paulo/universidad/5to_semestre/robotica_movil/ros2_ws_lab_1/install/cmd_vel_mux/share/ament_index/resource_index/packages/cmd_vel_mux
[1.525s] -- Up-to-date symlink: /home/paulo/universidad/5to_semestre/robotica_movil/ros2_ws_lab_1/install/cmd_vel_mux/share/ament_index/resource_index/rclcpp_components/cmd_vel_mux
[1.527s] -- Up-to-date symlink: /home/paulo/universidad/5to_semestre/robotica_movil/ros2_ws_lab_1/install/cmd_vel_mux/share/cmd_vel_mux/cmake/cmd_vel_muxConfig.cmake
[1.528s] -- Up-to-date symlink: /home/paulo/universidad/5to_semestre/robotica_movil/ros2_ws_lab_1/install/cmd_vel_mux/share/cmd_vel_mux/cmake/cmd_vel_muxConfig-version.cmake
[1.529s] -- Up-to-date symlink: /home/paulo/universidad/5to_semestre/robotica_movil/ros2_ws_lab_1/install/cmd_vel_mux/share/cmd_vel_mux/package.xml
[1.542s] Invoked command in '/home/paulo/universidad/5to_semestre/robotica_movil/ros2_ws_lab_1/build/cmd_vel_mux' returned '0': CMAKE_PREFIX_PATH=${CMAKE_PREFIX_PATH}:/home/paulo/universidad/5to_semestre/robotica_movil/ros2_ws_lab_1/install/prueba_5:/opt/ros/humble /usr/bin/cmake --install /home/paulo/universidad/5to_semestre/robotica_movil/ros2_ws_lab_1/build/cmd_vel_mux
