[1.310s] Invoking command in '/home/paulo/universidad/5to_semestre/robotica_movil/ros2_ws_lab_1/build/very_simple_robot_simulator': CMAKE_PREFIX_PATH=${CMAKE_PREFIX_PATH}:/home/paulo/universidad/5to_semestre/robotica_movil/ros2_ws_lab_1/install/prueba_5:/opt/ros/humble /usr/bin/cmake --build /home/paulo/universidad/5to_semestre/robotica_movil/ros2_ws_lab_1/build/very_simple_robot_simulator -- -j8 -l8
[1.611s] [  0%] Built target ament_cmake_python_symlink_very_simple_robot_simulator
[1.622s] [ 50%] Built target lidar_simulator
[1.635s] [100%] Built target kinect_simulator
[2.895s] running egg_info
[2.900s] writing very_simple_robot_simulator.egg-info/PKG-INFO
[2.901s] writing dependency_links to very_simple_robot_simulator.egg-info/dependency_links.txt
[2.902s] writing top-level names to very_simple_robot_simulator.egg-info/top_level.txt
[2.915s] reading manifest file 'very_simple_robot_simulator.egg-info/SOURCES.txt'
[2.920s] writing manifest file 'very_simple_robot_simulator.egg-info/SOURCES.txt'
[3.043s] [100%] Built target ament_cmake_python_build_very_simple_robot_simulator_egg
[3.096s] Invoked command in '/home/paulo/universidad/5to_semestre/robotica_movil/ros2_ws_lab_1/build/very_simple_robot_simulator' returned '0': CMAKE_PREFIX_PATH=${CMAKE_PREFIX_PATH}:/home/paulo/universidad/5to_semestre/robotica_movil/ros2_ws_lab_1/install/prueba_5:/opt/ros/humble /usr/bin/cmake --build /home/paulo/universidad/5to_semestre/robotica_movil/ros2_ws_lab_1/build/very_simple_robot_simulator -- -j8 -l8
[3.101s] Invoking command in '/home/paulo/universidad/5to_semestre/robotica_movil/ros2_ws_lab_1/build/very_simple_robot_simulator': CMAKE_PREFIX_PATH=${CMAKE_PREFIX_PATH}:/home/paulo/universidad/5to_semestre/robotica_movil/ros2_ws_lab_1/install/prueba_5:/opt/ros/humble /usr/bin/cmake --install /home/paulo/universidad/5to_semestre/robotica_movil/ros2_ws_lab_1/build/very_simple_robot_simulator
[3.139s] -- Install configuration: ""
[3.141s] -- Execute custom install script
[3.143s] -- Up-to-date symlink: /home/paulo/universidad/5to_semestre/robotica_movil/ros2_ws_lab_1/install/very_simple_robot_simulator/lib/very_simple_robot_simulator/kinect_simulator
[3.145s] -- Up-to-date symlink: /home/paulo/universidad/5to_semestre/robotica_movil/ros2_ws_lab_1/install/very_simple_robot_simulator/lib/very_simple_robot_simulator/lidar_simulator
[3.146s] -- Up-to-date symlink: /home/paulo/universidad/5to_semestre/robotica_movil/ros2_ws_lab_1/install/very_simple_robot_simulator/share/very_simple_robot_simulator/environment/pythonpath.sh
[3.148s] -- Up-to-date symlink: /home/paulo/universidad/5to_semestre/robotica_movil/ros2_ws_lab_1/install/very_simple_robot_simulator/share/very_simple_robot_simulator/environment/pythonpath.dsv
[3.150s] -- Up-to-date symlink: /home/paulo/universidad/5to_semestre/robotica_movil/ros2_ws_lab_1/install/very_simple_robot_simulator/local/lib/python3.10/dist-packages/very_simple_robot_simulator-0.0.0-py3.10.egg-info/PKG-INFO
[3.151s] -- Up-to-date symlink: /home/paulo/universidad/5to_semestre/robotica_movil/ros2_ws_lab_1/install/very_simple_robot_simulator/local/lib/python3.10/dist-packages/very_simple_robot_simulator-0.0.0-py3.10.egg-info/SOURCES.txt
[3.152s] -- Up-to-date symlink: /home/paulo/universidad/5to_semestre/robotica_movil/ros2_ws_lab_1/install/very_simple_robot_simulator/local/lib/python3.10/dist-packages/very_simple_robot_simulator-0.0.0-py3.10.egg-info/dependency_links.txt
[3.153s] -- Up-to-date symlink: /home/paulo/universidad/5to_semestre/robotica_movil/ros2_ws_lab_1/install/very_simple_robot_simulator/local/lib/python3.10/dist-packages/very_simple_robot_simulator-0.0.0-py3.10.egg-info/top_level.txt
[3.156s] -- Up-to-date symlink: /home/paulo/universidad/5to_semestre/robotica_movil/ros2_ws_lab_1/install/very_simple_robot_simulator/local/lib/python3.10/dist-packages/very_simple_robot_simulator/__init__.py
[3.157s] -- Up-to-date symlink: /home/paulo/universidad/5to_semestre/robotica_movil/ros2_ws_lab_1/install/very_simple_robot_simulator/lib/very_simple_robot_simulator/kinect_simulator.py
[3.158s] -- Up-to-date symlink: /home/paulo/universidad/5to_semestre/robotica_movil/ros2_ws_lab_1/install/very_simple_robot_simulator/lib/very_simple_robot_simulator/kobuki_simulator.py
[3.159s] -- Up-to-date symlink: /home/paulo/universidad/5to_semestre/robotica_movil/ros2_ws_lab_1/install/very_simple_robot_simulator/lib/very_simple_robot_simulator/lidar_simulator.py
[3.160s] -- Up-to-date symlink: /home/paulo/universidad/5to_semestre/robotica_movil/ros2_ws_lab_1/install/very_simple_robot_simulator/lib/very_simple_robot_simulator/rangefinder.py
[3.161s] -- Up-to-date symlink: /home/paulo/universidad/5to_semestre/robotica_movil/ros2_ws_lab_1/install/very_simple_robot_simulator/lib/very_simple_robot_simulator/utils.py
[3.163s] -- Up-to-date symlink: /home/paulo/universidad/5to_semestre/robotica_movil/ros2_ws_lab_1/install/very_simple_robot_simulator/lib/very_simple_robot_simulator/world_state_gui.py
[3.165s] -- Up-to-date symlink: /home/paulo/universidad/5to_semestre/robotica_movil/ros2_ws_lab_1/install/very_simple_robot_simulator/share/very_simple_robot_simulator//launch/lidar_simulator.xml
[3.166s] -- Up-to-date symlink: /home/paulo/universidad/5to_semestre/robotica_movil/ros2_ws_lab_1/install/very_simple_robot_simulator/share/very_simple_robot_simulator//launch/minimal_simulator.xml
[3.167s] -- Up-to-date symlink: /home/paulo/universidad/5to_semestre/robotica_movil/ros2_ws_lab_1/install/very_simple_robot_simulator/share/very_simple_robot_simulator//launch/minimal_simulator_py.xml
[3.168s] -- Up-to-date symlink: /home/paulo/universidad/5to_semestre/robotica_movil/ros2_ws_lab_1/install/very_simple_robot_simulator/share/very_simple_robot_simulator//launch/openni_simulator.xml
[3.170s] -- Up-to-date symlink: /home/paulo/universidad/5to_semestre/robotica_movil/ros2_ws_lab_1/install/very_simple_robot_simulator/share/very_simple_robot_simulator//launch/openni_simulator_py.xml
[3.171s] -- Up-to-date symlink: /home/paulo/universidad/5to_semestre/robotica_movil/ros2_ws_lab_1/install/very_simple_robot_simulator/share/very_simple_robot_simulator//launch/run_all.xml
[3.171s] -- Up-to-date symlink: /home/paulo/universidad/5to_semestre/robotica_movil/ros2_ws_lab_1/install/very_simple_robot_simulator/share/very_simple_robot_simulator//launch/world_state.xml
[3.173s] -- Up-to-date symlink: /home/paulo/universidad/5to_semestre/robotica_movil/ros2_ws_lab_1/install/very_simple_robot_simulator/share/ament_index/resource_index/package_run_dependencies/very_simple_robot_simulator
[3.174s] -- Up-to-date symlink: /home/paulo/universidad/5to_semestre/robotica_movil/ros2_ws_lab_1/install/very_simple_robot_simulator/share/ament_index/resource_index/parent_prefix_path/very_simple_robot_simulator
[3.175s] -- Up-to-date symlink: /home/paulo/universidad/5to_semestre/robotica_movil/ros2_ws_lab_1/install/very_simple_robot_simulator/share/very_simple_robot_simulator/environment/ament_prefix_path.sh
[3.176s] -- Up-to-date symlink: /home/paulo/universidad/5to_semestre/robotica_movil/ros2_ws_lab_1/install/very_simple_robot_simulator/share/very_simple_robot_simulator/environment/ament_prefix_path.dsv
[3.177s] -- Up-to-date symlink: /home/paulo/universidad/5to_semestre/robotica_movil/ros2_ws_lab_1/install/very_simple_robot_simulator/share/very_simple_robot_simulator/environment/path.sh
[3.179s] -- Up-to-date symlink: /home/paulo/universidad/5to_semestre/robotica_movil/ros2_ws_lab_1/install/very_simple_robot_simulator/share/very_simple_robot_simulator/environment/path.dsv
[3.180s] -- Up-to-date symlink: /home/paulo/universidad/5to_semestre/robotica_movil/ros2_ws_lab_1/install/very_simple_robot_simulator/share/very_simple_robot_simulator/local_setup.bash
[3.181s] -- Up-to-date symlink: /home/paulo/universidad/5to_semestre/robotica_movil/ros2_ws_lab_1/install/very_simple_robot_simulator/share/very_simple_robot_simulator/local_setup.sh
[3.182s] -- Up-to-date symlink: /home/paulo/universidad/5to_semestre/robotica_movil/ros2_ws_lab_1/install/very_simple_robot_simulator/share/very_simple_robot_simulator/local_setup.zsh
[3.182s] -- Up-to-date symlink: /home/paulo/universidad/5to_semestre/robotica_movil/ros2_ws_lab_1/install/very_simple_robot_simulator/share/very_simple_robot_simulator/local_setup.dsv
[3.183s] -- Symlinking: /home/paulo/universidad/5to_semestre/robotica_movil/ros2_ws_lab_1/install/very_simple_robot_simulator/share/very_simple_robot_simulator/package.dsv
[3.225s] -- Up-to-date symlink: /home/paulo/universidad/5to_semestre/robotica_movil/ros2_ws_lab_1/install/very_simple_robot_simulator/share/ament_index/resource_index/packages/very_simple_robot_simulator
[3.227s] -- Up-to-date symlink: /home/paulo/universidad/5to_semestre/robotica_movil/ros2_ws_lab_1/install/very_simple_robot_simulator/share/very_simple_robot_simulator/cmake/very_simple_robot_simulatorConfig.cmake
[3.228s] -- Up-to-date symlink: /home/paulo/universidad/5to_semestre/robotica_movil/ros2_ws_lab_1/install/very_simple_robot_simulator/share/very_simple_robot_simulator/cmake/very_simple_robot_simulatorConfig-version.cmake
[3.229s] -- Up-to-date symlink: /home/paulo/universidad/5to_semestre/robotica_movil/ros2_ws_lab_1/install/very_simple_robot_simulator/share/very_simple_robot_simulator/package.xml
[3.393s] Listing '/home/paulo/universidad/5to_semestre/robotica_movil/ros2_ws_lab_1/install/very_simple_robot_simulator/local/lib/python3.10/dist-packages/very_simple_robot_simulator'...
[3.425s] Invoked command in '/home/paulo/universidad/5to_semestre/robotica_movil/ros2_ws_lab_1/build/very_simple_robot_simulator' returned '0': CMAKE_PREFIX_PATH=${CMAKE_PREFIX_PATH}:/home/paulo/universidad/5to_semestre/robotica_movil/ros2_ws_lab_1/install/prueba_5:/opt/ros/humble /usr/bin/cmake --install /home/paulo/universidad/5to_semestre/robotica_movil/ros2_ws_lab_1/build/very_simple_robot_simulator
