[0.097s] Invoking command in '/home/paulo/universidad/5to_semestre/robotica_movil/ros2_ws_lab_1/build/cmd_vel_mux': CMAKE_PREFIX_PATH=/opt/ros/humble /usr/bin/cmake /home/paulo/universidad/5to_semestre/robotica_movil/ros2_ws_lab_1/src/cmd_vel_mux -DAMENT_CMAKE_SYMLINK_INSTALL=1 -DCMAKE_INSTALL_PREFIX=/home/paulo/universidad/5to_semestre/robotica_movil/ros2_ws_lab_1/install/cmd_vel_mux
[3.404s] -- The C compiler identification is GNU 11.4.0
[4.740s] -- The CXX compiler identification is GNU 11.4.0
[4.797s] -- Detecting C compiler ABI info
[5.351s] -- Detecting C compiler ABI info - done
[5.387s] -- Check for working C compiler: /usr/bin/cc - skipped
[5.388s] -- Detecting C compile features
[5.481s] -- Detecting C compile features - done
[5.568s] -- Detecting CXX compiler ABI info
[6.029s] -- Detecting CXX compiler ABI info - done
[6.067s] -- Check for working CXX compiler: /usr/bin/c++ - skipped
[6.069s] -- Detecting CXX compile features
[6.072s] -- Detecting CXX compile features - done
[6.238s] -- Found ament_cmake_ros: 0.10.0 (/opt/ros/humble/share/ament_cmake_ros/cmake)
[7.446s] -- Found Python3: /usr/bin/python3 (found version "3.10.12") found components: Interpreter 
[8.021s] -- Override CMake install command with custom implementation using symlinks instead of copying resources
[8.401s] -- Found geometry_msgs: 4.8.0 (/opt/ros/humble/share/geometry_msgs/cmake)
[9.009s] -- Found rosidl_generator_c: 3.1.6 (/opt/ros/humble/share/rosidl_generator_c/cmake)
[9.042s] -- Found rosidl_adapter: 3.1.6 (/opt/ros/humble/share/rosidl_adapter/cmake)
[9.097s] -- Found rosidl_generator_cpp: 3.1.6 (/opt/ros/humble/share/rosidl_generator_cpp/cmake)
[9.210s] -- Using all available rosidl_typesupport_c: rosidl_typesupport_fastrtps_c;rosidl_typesupport_introspection_c
[9.369s] -- Using all available rosidl_typesupport_cpp: rosidl_typesupport_fastrtps_cpp;rosidl_typesupport_introspection_cpp
[9.714s] -- Found rcl_interfaces: 1.2.1 (/opt/ros/humble/share/rcl_interfaces/cmake)
[9.772s] -- Found rclcpp: 16.0.12 (/opt/ros/humble/share/rclcpp/cmake)
[9.876s] -- Found rmw_implementation_cmake: 6.1.2 (/opt/ros/humble/share/rmw_implementation_cmake/cmake)
[9.886s] -- Found rmw_fastrtps_cpp: 6.2.7 (/opt/ros/humble/share/rmw_fastrtps_cpp/cmake)
[10.646s] -- Found OpenSSL: /usr/lib/x86_64-linux-gnu/libcrypto.so (found version "3.0.2")  
[10.888s] -- Found FastRTPS: /opt/ros/humble/include  
[11.059s] -- Using RMW implementation 'rmw_fastrtps_cpp' as default
[11.440s] -- Looking for pthread.h
[12.005s] -- Looking for pthread.h - found
[12.006s] -- Performing Test CMAKE_HAVE_LIBC_PTHREAD
[12.446s] -- Performing Test CMAKE_HAVE_LIBC_PTHREAD - Success
[12.452s] -- Found Threads: TRUE  
[12.916s] -- Found rclcpp_components: 16.0.12 (/opt/ros/humble/share/rclcpp_components/cmake)
[13.363s] -- Found ament_lint_auto: 0.12.12 (/opt/ros/humble/share/ament_lint_auto/cmake)
[14.179s] [31mCMake Error at CMakeLists.txt:55 (find_package):
[14.180s]   By not providing "Findros_testing.cmake" in CMAKE_MODULE_PATH this project
[14.180s]   has asked CMake to find a package configuration file provided by
[14.180s]   "ros_testing", but CMake did not find one.
[14.181s] 
[14.181s]   Could not find a package configuration file provided by "ros_testing" with
[14.181s]   any of the following names:
[14.182s] 
[14.182s]     ros_testingConfig.cmake
[14.182s]     ros_testing-config.cmake
[14.183s] 
[14.183s]   Add the installation prefix of "ros_testing" to CMAKE_PREFIX_PATH or set
[14.183s]   "ros_testing_DIR" to a directory containing one of the above files.  If
[14.184s]   "ros_testing" provides a separate development package or SDK, be sure it
[14.184s]   has been installed.
[14.185s] 
[14.185s] [0m
[14.185s] -- Configuring incomplete, errors occurred!
[14.186s] See also "/home/paulo/universidad/5to_semestre/robotica_movil/ros2_ws_lab_1/build/cmd_vel_mux/CMakeFiles/CMakeOutput.log".
[14.219s] Invoked command in '/home/paulo/universidad/5to_semestre/robotica_movil/ros2_ws_lab_1/build/cmd_vel_mux' returned '1': CMAKE_PREFIX_PATH=/opt/ros/humble /usr/bin/cmake /home/paulo/universidad/5to_semestre/robotica_movil/ros2_ws_lab_1/src/cmd_vel_mux -DAMENT_CMAKE_SYMLINK_INSTALL=1 -DCMAKE_INSTALL_PREFIX=/home/paulo/universidad/5to_semestre/robotica_movil/ros2_ws_lab_1/install/cmd_vel_mux
