[2.892s] Invoking command in '/home/paulo/universidad/5to_semestre/robotica_movil/ros2_ws_lab_1/src/prueba_5': PYTHONPATH=/home/paulo/universidad/5to_semestre/robotica_movil/ros2_ws_lab_1/build/prueba_5/prefix_override:/usr/lib/python3/dist-packages/colcon_core/task/python/colcon_distutils_commands:/home/paulo/universidad/5to_semestre/robotica_movil/ros2_ws_lab_1/install/prueba_5/lib/python3.10/site-packages:${PYTHONPATH} /usr/bin/python3 -W ignore:setup.py install is deprecated -W ignore:easy_install command is deprecated setup.py egg_info --egg-base ../../build/prueba_5 build --build-base /home/paulo/universidad/5to_semestre/robotica_movil/ros2_ws_lab_1/build/prueba_5/build install --record /home/paulo/universidad/5to_semestre/robotica_movil/ros2_ws_lab_1/build/prueba_5/install.log --single-version-externally-managed install_data
[3.180s] running egg_info
[3.181s] writing ../../build/prueba_5/prueba_5.egg-info/PKG-INFO
[3.181s] writing dependency_links to ../../build/prueba_5/prueba_5.egg-info/dependency_links.txt
[3.181s] writing entry points to ../../build/prueba_5/prueba_5.egg-info/entry_points.txt
[3.181s] writing requirements to ../../build/prueba_5/prueba_5.egg-info/requires.txt
[3.181s] writing top-level names to ../../build/prueba_5/prueba_5.egg-info/top_level.txt
[3.232s] reading manifest file '../../build/prueba_5/prueba_5.egg-info/SOURCES.txt'
[3.234s] writing manifest file '../../build/prueba_5/prueba_5.egg-info/SOURCES.txt'
[3.235s] running build
[3.235s] running build_py
[3.236s] copying prueba_5/dead_reckoning_nav.py -> /home/paulo/universidad/5to_semestre/robotica_movil/ros2_ws_lab_1/build/prueba_5/build/lib/prueba_5
[3.236s] running install
[3.238s] running install_lib
[3.241s] copying /home/paulo/universidad/5to_semestre/robotica_movil/ros2_ws_lab_1/build/prueba_5/build/lib/prueba_5/dead_reckoning_nav.py -> /home/paulo/universidad/5to_semestre/robotica_movil/ros2_ws_lab_1/install/prueba_5/lib/python3.10/site-packages/prueba_5
[3.244s] byte-compiling /home/paulo/universidad/5to_semestre/robotica_movil/ros2_ws_lab_1/install/prueba_5/lib/python3.10/site-packages/prueba_5/dead_reckoning_nav.py to dead_reckoning_nav.cpython-310.pyc
[3.247s] running install_data
[3.248s] running install_egg_info
[3.253s] removing '/home/paulo/universidad/5to_semestre/robotica_movil/ros2_ws_lab_1/install/prueba_5/lib/python3.10/site-packages/prueba_5-0.0.0-py3.10.egg-info' (and everything under it)
[3.254s] Copying ../../build/prueba_5/prueba_5.egg-info to /home/paulo/universidad/5to_semestre/robotica_movil/ros2_ws_lab_1/install/prueba_5/lib/python3.10/site-packages/prueba_5-0.0.0-py3.10.egg-info
[3.301s] running install_scripts
[3.332s] Installing test_node script to /home/paulo/universidad/5to_semestre/robotica_movil/ros2_ws_lab_1/install/prueba_5/lib/prueba_5
[3.332s] writing list of installed files to '/home/paulo/universidad/5to_semestre/robotica_movil/ros2_ws_lab_1/build/prueba_5/install.log'
[3.363s] Invoked command in '/home/paulo/universidad/5to_semestre/robotica_movil/ros2_ws_lab_1/src/prueba_5' returned '0': PYTHONPATH=/home/paulo/universidad/5to_semestre/robotica_movil/ros2_ws_lab_1/build/prueba_5/prefix_override:/usr/lib/python3/dist-packages/colcon_core/task/python/colcon_distutils_commands:/home/paulo/universidad/5to_semestre/robotica_movil/ros2_ws_lab_1/install/prueba_5/lib/python3.10/site-packages:${PYTHONPATH} /usr/bin/python3 -W ignore:setup.py install is deprecated -W ignore:easy_install command is deprecated setup.py egg_info --egg-base ../../build/prueba_5 build --build-base /home/paulo/universidad/5to_semestre/robotica_movil/ros2_ws_lab_1/build/prueba_5/build install --record /home/paulo/universidad/5to_semestre/robotica_movil/ros2_ws_lab_1/build/prueba_5/install.log --single-version-externally-managed install_data
