running develop
running egg_info
creating prueba_4.egg-info
writing prueba_4.egg-info/PKG-INFO
writing dependency_links to prueba_4.egg-info/dependency_links.txt
writing entry points to prueba_4.egg-info/entry_points.txt
writing requirements to prueba_4.egg-info/requires.txt
writing top-level names to prueba_4.egg-info/top_level.txt
writing manifest file 'prueba_4.egg-info/SOURCES.txt'
reading manifest file 'prueba_4.egg-info/SOURCES.txt'
writing manifest file 'prueba_4.egg-info/SOURCES.txt'
running build_ext
Creating /home/paulo/universidad/5to_semestre/robotica_movil/ros2_ws_lab_1/install/prueba_4/lib/python3.10/site-packages/prueba-4.egg-link (link to .)
Installing dead_reckoning_nav script to /home/paulo/universidad/5to_semestre/robotica_movil/ros2_ws_lab_1/install/prueba_4/lib/prueba_4

Installed /home/paulo/universidad/5to_semestre/robotica_movil/ros2_ws_lab_1/build/prueba_4
running symlink_data
creating /home/paulo/universidad/5to_semestre/robotica_movil/ros2_ws_lab_1/install/prueba_4/share
creating /home/paulo/universidad/5to_semestre/robotica_movil/ros2_ws_lab_1/install/prueba_4/share/ament_index
creating /home/paulo/universidad/5to_semestre/robotica_movil/ros2_ws_lab_1/install/prueba_4/share/ament_index/resource_index
creating /home/paulo/universidad/5to_semestre/robotica_movil/ros2_ws_lab_1/install/prueba_4/share/ament_index/resource_index/packages
symbolically linking /home/paulo/universidad/5to_semestre/robotica_movil/ros2_ws_lab_1/build/prueba_4/resource/prueba_4 -> /home/paulo/universidad/5to_semestre/robotica_movil/ros2_ws_lab_1/install/prueba_4/share/ament_index/resource_index/packages
creating /home/paulo/universidad/5to_semestre/robotica_movil/ros2_ws_lab_1/install/prueba_4/share/prueba_4
symbolically linking /home/paulo/universidad/5to_semestre/robotica_movil/ros2_ws_lab_1/build/prueba_4/package.xml -> /home/paulo/universidad/5to_semestre/robotica_movil/ros2_ws_lab_1/install/prueba_4/share/prueba_4
