[0.707s] Invoking command in '/home/paulo/universidad/5to_semestre/robotica_movil/ros2_ws_lab_1/build/prueba_4': PYTHONPATH=/home/paulo/universidad/5to_semestre/robotica_movil/ros2_ws_lab_1/build/prueba_4/prefix_override:/usr/lib/python3/dist-packages/colcon_core/task/python/colcon_distutils_commands:/home/paulo/universidad/5to_semestre/robotica_movil/ros2_ws_lab_1/install/prueba_4/lib/python3.10/site-packages:${PYTHONPATH} /usr/bin/python3 -W ignore:setup.py install is deprecated -W ignore:easy_install command is deprecated setup.py develop --editable --build-directory /home/paulo/universidad/5to_semestre/robotica_movil/ros2_ws_lab_1/build/prueba_4/build --no-deps symlink_data
[1.042s] running develop
[1.236s] running egg_info
[1.236s] creating prueba_4.egg-info
[1.236s] writing prueba_4.egg-info/PKG-INFO
[1.236s] writing dependency_links to prueba_4.egg-info/dependency_links.txt
[1.236s] writing entry points to prueba_4.egg-info/entry_points.txt
[1.237s] writing requirements to prueba_4.egg-info/requires.txt
[1.237s] writing top-level names to prueba_4.egg-info/top_level.txt
[1.237s] writing manifest file 'prueba_4.egg-info/SOURCES.txt'
[1.240s] reading manifest file 'prueba_4.egg-info/SOURCES.txt'
[1.240s] writing manifest file 'prueba_4.egg-info/SOURCES.txt'
[1.242s] running build_ext
[1.243s] Creating /home/paulo/universidad/5to_semestre/robotica_movil/ros2_ws_lab_1/install/prueba_4/lib/python3.10/site-packages/prueba-4.egg-link (link to .)
[1.244s] Installing dead_reckoning_nav script to /home/paulo/universidad/5to_semestre/robotica_movil/ros2_ws_lab_1/install/prueba_4/lib/prueba_4
[1.244s] 
[1.245s] Installed /home/paulo/universidad/5to_semestre/robotica_movil/ros2_ws_lab_1/build/prueba_4
[1.245s] running symlink_data
[1.245s] creating /home/paulo/universidad/5to_semestre/robotica_movil/ros2_ws_lab_1/install/prueba_4/share
[1.245s] creating /home/paulo/universidad/5to_semestre/robotica_movil/ros2_ws_lab_1/install/prueba_4/share/ament_index
[1.245s] creating /home/paulo/universidad/5to_semestre/robotica_movil/ros2_ws_lab_1/install/prueba_4/share/ament_index/resource_index
[1.245s] creating /home/paulo/universidad/5to_semestre/robotica_movil/ros2_ws_lab_1/install/prueba_4/share/ament_index/resource_index/packages
[1.245s] symbolically linking /home/paulo/universidad/5to_semestre/robotica_movil/ros2_ws_lab_1/build/prueba_4/resource/prueba_4 -> /home/paulo/universidad/5to_semestre/robotica_movil/ros2_ws_lab_1/install/prueba_4/share/ament_index/resource_index/packages
[1.245s] creating /home/paulo/universidad/5to_semestre/robotica_movil/ros2_ws_lab_1/install/prueba_4/share/prueba_4
[1.245s] symbolically linking /home/paulo/universidad/5to_semestre/robotica_movil/ros2_ws_lab_1/build/prueba_4/package.xml -> /home/paulo/universidad/5to_semestre/robotica_movil/ros2_ws_lab_1/install/prueba_4/share/prueba_4
[1.277s] Invoked command in '/home/paulo/universidad/5to_semestre/robotica_movil/ros2_ws_lab_1/build/prueba_4' returned '0': PYTHONPATH=/home/paulo/universidad/5to_semestre/robotica_movil/ros2_ws_lab_1/build/prueba_4/prefix_override:/usr/lib/python3/dist-packages/colcon_core/task/python/colcon_distutils_commands:/home/paulo/universidad/5to_semestre/robotica_movil/ros2_ws_lab_1/install/prueba_4/lib/python3.10/site-packages:${PYTHONPATH} /usr/bin/python3 -W ignore:setup.py install is deprecated -W ignore:easy_install command is deprecated setup.py develop --editable --build-directory /home/paulo/universidad/5to_semestre/robotica_movil/ros2_ws_lab_1/build/prueba_4/build --no-deps symlink_data
