[0.763s] Invoking command in '/home/paulo/universidad/5to_semestre/robotica_movil/ros2_ws_lab_1/src/mis_nodos': PYTHONPATH=/home/paulo/universidad/5to_semestre/robotica_movil/ros2_ws_lab_1/build/mis_nodos/prefix_override:/usr/lib/python3/dist-packages/colcon_core/task/python/colcon_distutils_commands:/home/paulo/universidad/5to_semestre/robotica_movil/ros2_ws_lab_1/install/mis_nodos/lib/python3.10/site-packages:${PYTHONPATH} /usr/bin/python3 -W ignore:setup.py install is deprecated -W ignore:easy_install command is deprecated setup.py egg_info --egg-base ../../build/mis_nodos build --build-base /home/paulo/universidad/5to_semestre/robotica_movil/ros2_ws_lab_1/build/mis_nodos/build install --record /home/paulo/universidad/5to_semestre/robotica_movil/ros2_ws_lab_1/build/mis_nodos/install.log --single-version-externally-managed install_data
[1.050s] running egg_info
[1.051s] writing ../../build/mis_nodos/mis_nodos.egg-info/PKG-INFO
[1.051s] writing dependency_links to ../../build/mis_nodos/mis_nodos.egg-info/dependency_links.txt
[1.051s] writing entry points to ../../build/mis_nodos/mis_nodos.egg-info/entry_points.txt
[1.051s] writing requirements to ../../build/mis_nodos/mis_nodos.egg-info/requires.txt
[1.051s] writing top-level names to ../../build/mis_nodos/mis_nodos.egg-info/top_level.txt
[1.053s] reading manifest file '../../build/mis_nodos/mis_nodos.egg-info/SOURCES.txt'
[1.054s] writing manifest file '../../build/mis_nodos/mis_nodos.egg-info/SOURCES.txt'
[1.054s] running build
[1.054s] running build_py
[1.054s] running install
[1.055s] running install_lib
[1.056s] running install_data
[1.056s] running install_egg_info
[1.058s] removing '/home/paulo/universidad/5to_semestre/robotica_movil/ros2_ws_lab_1/install/mis_nodos/lib/python3.10/site-packages/mis_nodos-0.0.0-py3.10.egg-info' (and everything under it)
[1.059s] Copying ../../build/mis_nodos/mis_nodos.egg-info to /home/paulo/universidad/5to_semestre/robotica_movil/ros2_ws_lab_1/install/mis_nodos/lib/python3.10/site-packages/mis_nodos-0.0.0-py3.10.egg-info
[1.059s] running install_scripts
[1.085s] writing list of installed files to '/home/paulo/universidad/5to_semestre/robotica_movil/ros2_ws_lab_1/build/mis_nodos/install.log'
[1.117s] Invoked command in '/home/paulo/universidad/5to_semestre/robotica_movil/ros2_ws_lab_1/src/mis_nodos' returned '0': PYTHONPATH=/home/paulo/universidad/5to_semestre/robotica_movil/ros2_ws_lab_1/build/mis_nodos/prefix_override:/usr/lib/python3/dist-packages/colcon_core/task/python/colcon_distutils_commands:/home/paulo/universidad/5to_semestre/robotica_movil/ros2_ws_lab_1/install/mis_nodos/lib/python3.10/site-packages:${PYTHONPATH} /usr/bin/python3 -W ignore:setup.py install is deprecated -W ignore:easy_install command is deprecated setup.py egg_info --egg-base ../../build/mis_nodos build --build-base /home/paulo/universidad/5to_semestre/robotica_movil/ros2_ws_lab_1/build/mis_nodos/build install --record /home/paulo/universidad/5to_semestre/robotica_movil/ros2_ws_lab_1/build/mis_nodos/install.log --single-version-externally-managed install_data
